#
# There is insufficient memory for the Java Runtime Environment to continue.
# Native memory allocation (malloc) failed to allocate 1086736 bytes. Error detail: Chunk::new
# Possible reasons:
#   The system is out of physical RAM or swap space
#   This process is running with CompressedOops enabled, and the Java Heap may be blocking the growth of the native heap
# Possible solutions:
#   Reduce memory load on the system
#   Increase physical memory or swap space
#   Check if swap backing store is full
#   Decrease Java heap size (-Xmx/-Xms)
#   Decrease number of Java threads
#   Decrease Java thread stack sizes (-Xss)
#   Set larger code cache with -XX:ReservedCodeCacheSize=
#   JVM is running with Unscaled Compressed Oops mode in which the Java heap is
#     placed in the first 4GB address space. The Java Heap base address is the
#     maximum limit for the native heap growth. Please use -XX:HeapBaseMinAddress
#     to set the Java Heap base and to place the Java Heap above 4GB virtual address.
# This output file may be truncated or incomplete.
#
#  Out of Memory Error (arena.cpp:168), pid=14224, tid=19776
#
# JRE version: OpenJDK Runtime Environment Temurin-21.0.9+10 (21.0.9+10) (build 21.0.9+10-LTS)
# Java VM: OpenJDK 64-Bit Server VM Temurin-21.0.9+10 (21.0.9+10-LTS, mixed mode, sharing, tiered, compressed oops, compressed class ptrs, parallel gc, windows-amd64)
# No core dump will be written. Minidumps are not enabled by default on client versions of Windows
#

---------------  S U M M A R Y ------------

Command Line: --add-modules=ALL-SYSTEM --add-opens=java.base/java.util=ALL-UNNAMED --add-opens=java.base/java.lang=ALL-UNNAMED --add-opens=java.base/sun.nio.fs=ALL-UNNAMED -Declipse.application=org.eclipse.jdt.ls.core.id1 -Dosgi.bundles.defaultStartLevel=4 -Declipse.product=org.eclipse.jdt.ls.core.product -Djava.import.generatesMetadataFilesAtProjectRoot=false -DDetectVMInstallationsJob.disabled=true -Dfile.encoding=utf8 -XX:+UseParallelGC -XX:GCTimeRatio=4 -XX:AdaptiveSizePolicyWeight=90 -Dsun.zip.disableMemoryMapping=true -Xmx2G -Xms100m -Xlog:disable -javaagent:c:\Users\noahc\.vscode\extensions\redhat.java-1.52.0-win32-x64\lombok\lombok-1.18.39-4050.jar -XX:+HeapDumpOnOutOfMemoryError -XX:HeapDumpPath=c:\Users\noahc\AppData\Roaming\Code\User\workspaceStorage\44f07477090b4b0a13b595b63b8c2f6b\redhat.java -Daether.dependencyCollector.impl=bf c:\Users\noahc\.vscode\extensions\redhat.java-1.52.0-win32-x64\server\plugins\org.eclipse.equinox.launcher_1.7.100.v20251111-0406.jar -configuration c:\Users\noahc\AppData\Roaming\Code\User\globalStorage\redhat.java\1.52.0\config_win -data c:\Users\noahc\AppData\Roaming\Code\User\workspaceStorage\44f07477090b4b0a13b595b63b8c2f6b\redhat.java\jdt_ws --pipe=\\.\pipe\lsp-531250453c984567de04b3d4feea7266-sock

Host: Intel(R) Core(TM) Ultra 7 155H, 22 cores, 15G,  Windows 11 , 64 bit Build 26100 (10.0.26100.8521)
Time: Sun Jun 28 17:24:08 2026 Eastern Daylight Time elapsed time: 3.843075 seconds (0d 0h 0m 3s)

---------------  T H R E A D  ---------------

Current thread (0x0000021846f9e930):  JavaThread "C2 CompilerThread4" daemon [_thread_in_native, id=19776, stack(0x0000004d82700000,0x0000004d82800000) (1024K)]


Current CompileTask:
C2:3843 5673       4       java.lang.invoke.MethodType::makeImpl (109 bytes)

Stack: [0x0000004d82700000,0x0000004d82800000]
Native frames: (J=compiled Java code, j=interpreted, Vv=VM code, C=native code)
V  [jvm.dll+0x6d6e29]
V  [jvm.dll+0x8b4b76]
V  [jvm.dll+0x8b712e]
V  [jvm.dll+0x8b7813]
V  [jvm.dll+0x283d86]
V  [jvm.dll+0xc66ed]
V  [jvm.dll+0xc6c31]
V  [jvm.dll+0x3be501]
V  [jvm.dll+0x1e3d59]
V  [jvm.dll+0x24c0f3]
V  [jvm.dll+0x24b580]
V  [jvm.dll+0x1cb13e]
V  [jvm.dll+0x25b29d]
V  [jvm.dll+0x25982a]
V  [jvm.dll+0x3f7ea6]
V  [jvm.dll+0x85e9ad]
V  [jvm.dll+0x6d565d]
C  [ucrtbase.dll+0x2cd30]
C  [KERNEL32.DLL+0x2e957]
C  [ntdll.dll+0x87c1c]


---------------  P R O C E S S  ---------------

Threads class SMR info:
_java_thread_list=0x000002184536e450, length=81, elements={
0x0000021864c9cb30, 0x000002187b745c10, 0x000002187cd57ae0, 0x000002187cd5b180,
0x000002187cd5bdd0, 0x000002187cd5e830, 0x000002187cd5f280, 0x000002187b747300,
0x000002187cdc92b0, 0x000002187ce69e10, 0x000002187cfedfe0, 0x000002187cfca6f0,
0x000002187d003980, 0x000002187ed8a3d0, 0x00000218450f0690, 0x00000218450e5d20,
0x00000218453771c0, 0x000002187f3b0b20, 0x00000218453283f0, 0x0000021845327d60,
0x0000021845328a80, 0x0000021845329110, 0x00000218453297a0, 0x000002184532a4c0,
0x0000021845f6b950, 0x000002184697ef50, 0x0000021845329e30, 0x0000021846ce76f0,
0x000002184532ab50, 0x0000021847d2fb00, 0x0000021847d30eb0, 0x0000021847d30820,
0x0000021847d2f470, 0x0000021847d31540, 0x0000021847d31bd0, 0x0000021847d2e750,
0x0000021847d30190, 0x0000021847d32260, 0x0000021847d2ede0, 0x0000021847d34330,
0x0000021847d35050, 0x0000021847d356e0, 0x0000021847d349c0, 0x0000021847d32f80,
0x0000021847d35d70, 0x0000021847d328f0, 0x0000021847d33610, 0x0000021847d33ca0,
0x00000218457a5ec0, 0x00000218457a7f90, 0x00000218457a8cb0, 0x00000218457a8620,
0x00000218457a7270, 0x00000218457a9340, 0x0000021846f9e930, 0x00000218450cea30,
0x0000021845d20900, 0x00000218457a99d0, 0x00000218457a6550, 0x0000021849648be0,
0x00000218457aa060, 0x00000218457a6be0, 0x00000218457aa6f0, 0x00000218457aad80,
0x00000218457a7900, 0x00000218457ab410, 0x00000218457ac130, 0x00000218457abaa0,
0x00000218457ac7c0, 0x00000218457ace50, 0x00000218457ad4e0, 0x000002184a21b9a0,
0x000002184a21c6c0, 0x000002184a21a5f0, 0x000002184a21c030, 0x000002184a21ac80,
0x000002184a21b310, 0x000002184a21cd50, 0x000002184a21d3e0, 0x000002184a219f60,
0x000002184a21f4b0
}

Java Threads: ( => current thread )
  0x0000021864c9cb30 JavaThread "main"                              [_thread_blocked, id=6712, stack(0x0000004dfda00000,0x0000004dfdb00000) (1024K)]
  0x000002187b745c10 JavaThread "Reference Handler"          daemon [_thread_blocked, id=37116, stack(0x0000004dfde00000,0x0000004dfdf00000) (1024K)]
  0x000002187cd57ae0 JavaThread "Finalizer"                  daemon [_thread_blocked, id=6084, stack(0x0000004dfdf00000,0x0000004dfe000000) (1024K)]
  0x000002187cd5b180 JavaThread "Signal Dispatcher"          daemon [_thread_blocked, id=30864, stack(0x0000004dfe000000,0x0000004dfe100000) (1024K)]
  0x000002187cd5bdd0 JavaThread "Attach Listener"            daemon [_thread_blocked, id=49520, stack(0x0000004dfe100000,0x0000004dfe200000) (1024K)]
  0x000002187cd5e830 JavaThread "Service Thread"             daemon [_thread_blocked, id=43104, stack(0x0000004dfe200000,0x0000004dfe300000) (1024K)]
  0x000002187cd5f280 JavaThread "Monitor Deflation Thread"   daemon [_thread_blocked, id=15908, stack(0x0000004dfe300000,0x0000004dfe400000) (1024K)]
  0x000002187b747300 JavaThread "C2 CompilerThread0"         daemon [_thread_in_native, id=10432, stack(0x0000004dfe400000,0x0000004dfe500000) (1024K)]
  0x000002187cdc92b0 JavaThread "C1 CompilerThread0"         daemon [_thread_blocked, id=21176, stack(0x0000004dfe500000,0x0000004dfe600000) (1024K)]
  0x000002187ce69e10 JavaThread "C1 CompilerThread1"         daemon [_thread_blocked, id=34148, stack(0x0000004dfe600000,0x0000004dfe700000) (1024K)]
  0x000002187cfedfe0 JavaThread "Common-Cleaner"             daemon [_thread_blocked, id=34972, stack(0x0000004dfe800000,0x0000004dfe900000) (1024K)]
  0x000002187cfca6f0 JavaThread "C1 CompilerThread2"         daemon [_thread_in_native, id=47300, stack(0x0000004dfe900000,0x0000004dfea00000) (1024K)]
  0x000002187d003980 JavaThread "C1 CompilerThread3"         daemon [_thread_blocked, id=17520, stack(0x0000004dfea00000,0x0000004dfeb00000) (1024K)]
  0x000002187ed8a3d0 JavaThread "Notification Thread"        daemon [_thread_blocked, id=37572, stack(0x0000004dfeb00000,0x0000004dfec00000) (1024K)]
  0x00000218450f0690 JavaThread "Active Thread: Equinox Container: 1f01ff2d-2bc6-4d1c-9001-c6263ca64107"        [_thread_blocked, id=15644, stack(0x0000004dff400000,0x0000004dff500000) (1024K)]
  0x00000218450e5d20 JavaThread "Refresh Thread: Equinox Container: 1f01ff2d-2bc6-4d1c-9001-c6263ca64107" daemon [_thread_blocked, id=48964, stack(0x0000004dff600000,0x0000004dff700000) (1024K)]
  0x00000218453771c0 JavaThread "Framework Event Dispatcher: Equinox Container: 1f01ff2d-2bc6-4d1c-9001-c6263ca64107" daemon [_thread_blocked, id=10080, stack(0x0000004dff700000,0x0000004dff800000) (1024K)]
  0x000002187f3b0b20 JavaThread "Start Level: Equinox Container: 1f01ff2d-2bc6-4d1c-9001-c6263ca64107" daemon [_thread_blocked, id=19440, stack(0x0000004dff800000,0x0000004dff900000) (1024K)]
  0x00000218453283f0 JavaThread "Bundle File Closer"         daemon [_thread_blocked, id=25064, stack(0x0000004dffc00000,0x0000004dffd00000) (1024K)]
  0x0000021845327d60 JavaThread "SCR Component Actor"        daemon [_thread_blocked, id=37456, stack(0x0000004dffd00000,0x0000004dffe00000) (1024K)]
  0x0000021845328a80 JavaThread "Worker-JM"                         [_thread_blocked, id=10044, stack(0x0000004dffe00000,0x0000004dfff00000) (1024K)]
  0x0000021845329110 JavaThread "JNA Cleaner"                daemon [_thread_blocked, id=17692, stack(0x0000004d80100000,0x0000004d80200000) (1024K)]
  0x00000218453297a0 JavaThread "Worker-0"                          [_thread_blocked, id=25612, stack(0x0000004d80200000,0x0000004d80300000) (1024K)]
  0x000002184532a4c0 JavaThread "Worker-1"                          [_thread_blocked, id=20712, stack(0x0000004d80300000,0x0000004d80400000) (1024K)]
  0x0000021845f6b950 JavaThread "C2 CompilerThread1"         daemon [_thread_in_native, id=22852, stack(0x0000004d80700000,0x0000004d80800000) (1024K)]
  0x000002184697ef50 JavaThread "C2 CompilerThread2"         daemon [_thread_in_native, id=26092, stack(0x0000004d80800000,0x0000004d80900000) (1024K)]
  0x0000021845329e30 JavaThread "Java indexing"              daemon [_thread_blocked, id=32600, stack(0x0000004d80900000,0x0000004d80a00000) (1024K)]
  0x0000021846ce76f0 JavaThread "C2 CompilerThread3"         daemon [_thread_in_native, id=46956, stack(0x0000004d80a00000,0x0000004d80b00000) (1024K)]
  0x000002184532ab50 JavaThread "Worker-2: Repository registry initialization"        [_thread_in_Java, id=46760, stack(0x0000004d80d00000,0x0000004d80e00000) (1024K)]
  0x0000021847d2fb00 JavaThread "Worker-3"                          [_thread_blocked, id=8576, stack(0x0000004d80e00000,0x0000004d80f00000) (1024K)]
  0x0000021847d30eb0 JavaThread "Thread-1"                   daemon [_thread_in_native, id=10844, stack(0x0000004d80f00000,0x0000004d81000000) (1024K)]
  0x0000021847d30820 JavaThread "Thread-2"                   daemon [_thread_in_native, id=27420, stack(0x0000004d81000000,0x0000004d81100000) (1024K)]
  0x0000021847d2f470 JavaThread "Thread-3"                   daemon [_thread_in_native, id=34260, stack(0x0000004d81100000,0x0000004d81200000) (1024K)]
  0x0000021847d31540 JavaThread "Thread-4"                   daemon [_thread_in_native, id=23036, stack(0x0000004d81200000,0x0000004d81300000) (1024K)]
  0x0000021847d31bd0 JavaThread "Thread-5"                   daemon [_thread_in_native, id=2064, stack(0x0000004d81300000,0x0000004d81400000) (1024K)]
  0x0000021847d2e750 JavaThread "Thread-6"                   daemon [_thread_in_native, id=38436, stack(0x0000004d81400000,0x0000004d81500000) (1024K)]
  0x0000021847d30190 JavaThread "Thread-7"                   daemon [_thread_in_native, id=52996, stack(0x0000004d81500000,0x0000004d81600000) (1024K)]
  0x0000021847d32260 JavaThread "Thread-8"                   daemon [_thread_in_native, id=4880, stack(0x0000004d81600000,0x0000004d81700000) (1024K)]
  0x0000021847d2ede0 JavaThread "Thread-9"                   daemon [_thread_in_native, id=18852, stack(0x0000004d81700000,0x0000004d81800000) (1024K)]
  0x0000021847d34330 JavaThread "Thread-10"                  daemon [_thread_in_native, id=19656, stack(0x0000004d81800000,0x0000004d81900000) (1024K)]
  0x0000021847d35050 JavaThread "Thread-11"                  daemon [_thread_in_native, id=45952, stack(0x0000004d81900000,0x0000004d81a00000) (1024K)]
  0x0000021847d356e0 JavaThread "Thread-12"                  daemon [_thread_in_native, id=30484, stack(0x0000004d81a00000,0x0000004d81b00000) (1024K)]
  0x0000021847d349c0 JavaThread "Thread-13"                  daemon [_thread_in_native, id=5932, stack(0x0000004d81b00000,0x0000004d81c00000) (1024K)]
  0x0000021847d32f80 JavaThread "Thread-14"                  daemon [_thread_in_native, id=33816, stack(0x0000004d81c00000,0x0000004d81d00000) (1024K)]
  0x0000021847d35d70 JavaThread "Thread-15"                  daemon [_thread_in_native, id=29484, stack(0x0000004d81d00000,0x0000004d81e00000) (1024K)]
  0x0000021847d328f0 JavaThread "Thread-16"                  daemon [_thread_in_native, id=35500, stack(0x0000004d81e00000,0x0000004d81f00000) (1024K)]
  0x0000021847d33610 JavaThread "Thread-17"                  daemon [_thread_in_native, id=49464, stack(0x0000004d81f00000,0x0000004d82000000) (1024K)]
  0x0000021847d33ca0 JavaThread "Thread-18"                  daemon [_thread_in_native, id=52432, stack(0x0000004d82000000,0x0000004d82100000) (1024K)]
  0x00000218457a5ec0 JavaThread "Thread-19"                  daemon [_thread_in_native, id=38940, stack(0x0000004d82100000,0x0000004d82200000) (1024K)]
  0x00000218457a7f90 JavaThread "Thread-20"                  daemon [_thread_in_native, id=30588, stack(0x0000004d82200000,0x0000004d82300000) (1024K)]
  0x00000218457a8cb0 JavaThread "Thread-21"                  daemon [_thread_in_native, id=49756, stack(0x0000004d82300000,0x0000004d82400000) (1024K)]
  0x00000218457a8620 JavaThread "Thread-22"                  daemon [_thread_in_native, id=25136, stack(0x0000004d82400000,0x0000004d82500000) (1024K)]
  0x00000218457a7270 JavaThread "Thread-23"                  daemon [_thread_in_native, id=20072, stack(0x0000004d82500000,0x0000004d82600000) (1024K)]
  0x00000218457a9340 JavaThread "pool-2-thread-1"                   [_thread_blocked, id=29808, stack(0x0000004d82600000,0x0000004d82700000) (1024K)]
=>0x0000021846f9e930 JavaThread "C2 CompilerThread4"         daemon [_thread_in_native, id=19776, stack(0x0000004d82700000,0x0000004d82800000) (1024K)]
  0x00000218450cea30 JavaThread "C2 CompilerThread5"         daemon [_thread_in_native, id=2056, stack(0x0000004d82800000,0x0000004d82900000) (1024K)]
  0x0000021845d20900 JavaThread "C2 CompilerThread6"         daemon [_thread_in_native, id=13340, stack(0x0000004d82900000,0x0000004d82a00000) (1024K)]
  0x00000218457a99d0 JavaThread "WorkspaceEventsHandler"            [_thread_blocked, id=34244, stack(0x0000004d82a00000,0x0000004d82b00000) (1024K)]
  0x00000218457a6550 JavaThread "pool-1-thread-1"                   [_thread_blocked, id=51044, stack(0x0000004d82b00000,0x0000004d82c00000) (1024K)]
  0x0000021849648be0 JavaThread "C2 CompilerThread7"         daemon [_thread_in_vm, id=36760, stack(0x0000004d82c00000,0x0000004d82d00000) (1024K)]
  0x00000218457aa060 JavaThread "ForkJoinPool.commonPool-worker-1" daemon [_thread_blocked, id=49812, stack(0x0000004d82d00000,0x0000004d82e00000) (1024K)]
  0x00000218457a6be0 JavaThread "ForkJoinPool.commonPool-worker-2" daemon [_thread_blocked, id=19752, stack(0x0000004d82e00000,0x0000004d82f00000) (1024K)]
  0x00000218457aa6f0 JavaThread "ForkJoinPool.commonPool-worker-3" daemon [_thread_blocked, id=20588, stack(0x0000004d82f00000,0x0000004d83000000) (1024K)]
  0x00000218457aad80 JavaThread "ForkJoinPool.commonPool-worker-4" daemon [_thread_blocked, id=15788, stack(0x0000004d83000000,0x0000004d83100000) (1024K)]
  0x00000218457a7900 JavaThread "ForkJoinPool.commonPool-worker-5" daemon [_thread_blocked, id=33436, stack(0x0000004d83100000,0x0000004d83200000) (1024K)]
  0x00000218457ab410 JavaThread "ForkJoinPool.commonPool-worker-6" daemon [_thread_blocked, id=15356, stack(0x0000004d83200000,0x0000004d83300000) (1024K)]
  0x00000218457ac130 JavaThread "ForkJoinPool.commonPool-worker-7" daemon [_thread_blocked, id=53208, stack(0x0000004d83300000,0x0000004d83400000) (1024K)]
  0x00000218457abaa0 JavaThread "ForkJoinPool.commonPool-worker-8" daemon [_thread_blocked, id=53904, stack(0x0000004d83400000,0x0000004d83500000) (1024K)]
  0x00000218457ac7c0 JavaThread "ForkJoinPool.commonPool-worker-9" daemon [_thread_blocked, id=18496, stack(0x0000004d83500000,0x0000004d83600000) (1024K)]
  0x00000218457ace50 JavaThread "ForkJoinPool.commonPool-worker-10" daemon [_thread_blocked, id=28548, stack(0x0000004d83600000,0x0000004d83700000) (1024K)]
  0x00000218457ad4e0 JavaThread "ForkJoinPool.commonPool-worker-11" daemon [_thread_blocked, id=7676, stack(0x0000004d83700000,0x0000004d83800000) (1024K)]
  0x000002184a21b9a0 JavaThread "ForkJoinPool.commonPool-worker-12" daemon [_thread_blocked, id=7808, stack(0x0000004d83800000,0x0000004d83900000) (1024K)]
  0x000002184a21c6c0 JavaThread "ForkJoinPool.commonPool-worker-13" daemon [_thread_blocked, id=28320, stack(0x0000004d83900000,0x0000004d83a00000) (1024K)]
  0x000002184a21a5f0 JavaThread "ForkJoinPool.commonPool-worker-14" daemon [_thread_blocked, id=51080, stack(0x0000004d83a00000,0x0000004d83b00000) (1024K)]
  0x000002184a21c030 JavaThread "ForkJoinPool.commonPool-worker-15" daemon [_thread_blocked, id=13308, stack(0x0000004d83b00000,0x0000004d83c00000) (1024K)]
  0x000002184a21ac80 JavaThread "ForkJoinPool.commonPool-worker-16" daemon [_thread_blocked, id=37484, stack(0x0000004d83c00000,0x0000004d83d00000) (1024K)]
  0x000002184a21b310 JavaThread "ForkJoinPool.commonPool-worker-17" daemon [_thread_blocked, id=34692, stack(0x0000004d83d00000,0x0000004d83e00000) (1024K)]
  0x000002184a21cd50 JavaThread "ForkJoinPool.commonPool-worker-18" daemon [_thread_blocked, id=33084, stack(0x0000004d83e00000,0x0000004d83f00000) (1024K)]
  0x000002184a21d3e0 JavaThread "ForkJoinPool.commonPool-worker-19" daemon [_thread_blocked, id=34204, stack(0x0000004d83f00000,0x0000004d84000000) (1024K)]
  0x000002184a219f60 JavaThread "ForkJoinPool.commonPool-worker-20" daemon [_thread_blocked, id=35064, stack(0x0000004d84000000,0x0000004d84100000) (1024K)]
  0x000002184a21f4b0 JavaThread "ForkJoinPool.commonPool-worker-21" daemon [_thread_blocked, id=18644, stack(0x0000004d84100000,0x0000004d84200000) (1024K)]
Total: 81

Other Threads:
  0x0000021864d5e560 VMThread "VM Thread"                           [id=10640, stack(0x0000004dfdd00000,0x0000004dfde00000) (1024K)]
  0x000002187b62ca00 WatcherThread "VM Periodic Task Thread"        [id=32756, stack(0x0000004dfdc00000,0x0000004dfdd00000) (1024K)]
  0x0000021864cbb000 WorkerThread "GC Thread#0"                     [id=33836, stack(0x0000004dfdb00000,0x0000004dfdc00000) (1024K)]
  0x000002187f3f6bd0 WorkerThread "GC Thread#1"                     [id=8064, stack(0x0000004dfee00000,0x0000004dfef00000) (1024K)]
  0x000002187f1f5720 WorkerThread "GC Thread#2"                     [id=20936, stack(0x0000004dfef00000,0x0000004dff000000) (1024K)]
  0x000002187ef4a670 WorkerThread "GC Thread#3"                     [id=8168, stack(0x0000004dff000000,0x0000004dff100000) (1024K)]
  0x000002187ef4aa10 WorkerThread "GC Thread#4"                     [id=19756, stack(0x0000004dff100000,0x0000004dff200000) (1024K)]
  0x0000021845276880 WorkerThread "GC Thread#5"                     [id=13956, stack(0x0000004dff200000,0x0000004dff300000) (1024K)]
  0x000002187ef48f50 WorkerThread "GC Thread#6"                     [id=53916, stack(0x0000004dff300000,0x0000004dff400000) (1024K)]
  0x000002187edaa510 WorkerThread "GC Thread#7"                     [id=33188, stack(0x0000004dff500000,0x0000004dff600000) (1024K)]
  0x000002187edaa8b0 WorkerThread "GC Thread#8"                     [id=16148, stack(0x0000004dff900000,0x0000004dffa00000) (1024K)]
  0x000002187edaa170 WorkerThread "GC Thread#9"                     [id=34900, stack(0x0000004dffa00000,0x0000004dffb00000) (1024K)]
  0x000002187edaac50 WorkerThread "GC Thread#10"                    [id=32900, stack(0x0000004dffb00000,0x0000004dffc00000) (1024K)]
  0x000002187eda9690 WorkerThread "GC Thread#11"                    [id=14812, stack(0x0000004dfff00000,0x0000004e00000000) (1024K)]
  0x000002187eda9a30 WorkerThread "GC Thread#12"                    [id=18812, stack(0x0000004d80000000,0x0000004d80100000) (1024K)]
  0x000002184657d540 WorkerThread "GC Thread#13"                    [id=10676, stack(0x0000004d80400000,0x0000004d80500000) (1024K)]
  0x000002184657d1a0 WorkerThread "GC Thread#14"                    [id=46784, stack(0x0000004d80500000,0x0000004d80600000) (1024K)]
  0x0000021846580ba0 WorkerThread "GC Thread#15"                    [id=17024, stack(0x0000004d80600000,0x0000004d80700000) (1024K)]
Total: 18

Threads with active compile tasks:
C2 CompilerThread0  3863 5781       4       sun.nio.cs.StreamDecoder::lockedRead (189 bytes)
C2 CompilerThread1  3863 5717   !   4       org.eclipse.osgi.internal.loader.classpath.ClasspathManager::defineClass (636 bytes)
C2 CompilerThread2  3863 5783       4       java.io.InputStreamReader::read (11 bytes)
C2 CompilerThread3  3863 5808       4       sun.nio.cs.StreamDecoder::implRead (232 bytes)
C2 CompilerThread4  3863 5673       4       java.lang.invoke.MethodType::makeImpl (109 bytes)
C2 CompilerThread5  3863 5552   !   4       org.eclipse.jdt.ls.core.internal.LogReader$LogEntry::processEntry (219 bytes)
C2 CompilerThread6  3863 5248   !   4       org.eclipse.osgi.internal.loader.BundleLoader::findClass0 (490 bytes)
C2 CompilerThread7  3863 5780   !   4       sun.nio.cs.StreamDecoder::read (78 bytes)
Total: 8

VM state: not at safepoint (normal execution)

VM Mutex/Monitor currently owned by a thread: None

Heap address: 0x0000000080000000, size: 2048 MB, Compressed Oops mode: 32-bit

CDS archive(s) mapped at: [0x0000021800000000-0x0000021800ba0000-0x0000021800ba0000), size 12189696, SharedBaseAddress: 0x0000021800000000, ArchiveRelocationMode: 1.
Compressed class space mapped at: 0x0000021801000000-0x0000021841000000, reserved size: 1073741824
Narrow klass base: 0x0000021800000000, Narrow klass shift: 0, Narrow klass range: 0x100000000

GC Precious Log:
 CardTable entry size: 512
 CPUs: 22 total, 22 available
 Memory: 15828M
 Large Page Support: Disabled
 NUMA Support: Disabled
 Compressed Oops: Enabled (32-bit)
 Alignments: Space 512K, Generation 512K, Heap 2M
 Heap Min Capacity: 100M
 Heap Initial Capacity: 100M
 Heap Max Capacity: 2G
 Pre-touch: Disabled
 Parallel Workers: 16

Heap:
 PSYoungGen      total 24576K, used 24192K [0x00000000d5580000, 0x00000000d7c00000, 0x0000000100000000)
  eden space 22016K, 98% used [0x00000000d5580000,0x00000000d6aa05d0,0x00000000d6b00000)
  from space 2560K, 99% used [0x00000000d6b00000,0x00000000d6d7fd68,0x00000000d6d80000)
  to   space 8704K, 0% used [0x00000000d7380000,0x00000000d7380000,0x00000000d7c00000)
 ParOldGen       total 68608K, used 25632K [0x0000000080000000, 0x0000000084300000, 0x00000000d5580000)
  object space 68608K, 37% used [0x0000000080000000,0x0000000081908308,0x0000000084300000)
 Metaspace       used 38662K, committed 39872K, reserved 1114112K
  class space    used 4054K, committed 4544K, reserved 1048576K

Card table byte_map: [0x0000021864660000,0x0000021864a70000] _byte_map_base: 0x0000021864260000

Marking Bits: (ParMarkBitMap*) 0x00007ffa3ccf2460
 Begin Bits: [0x0000021877150000, 0x0000021879150000)
 End Bits:   [0x0000021879150000, 0x000002187b150000)

Polling page: 0x0000021862820000

Metaspace:

Usage:
  Non-class:     33.80 MB used.
      Class:      3.96 MB used.
       Both:     37.76 MB used.

Virtual space:
  Non-class space:       64.00 MB reserved,      34.50 MB ( 54%) committed,  1 nodes.
      Class space:        1.00 GB reserved,       4.44 MB ( <1%) committed,  1 nodes.
             Both:        1.06 GB reserved,      38.94 MB (  4%) committed. 

Chunk freelists:
   Non-Class:  13.23 MB
       Class:  11.42 MB
        Both:  24.66 MB

MaxMetaspaceSize: unlimited
CompressedClassSpaceSize: 1.00 GB
Initial GC threshold: 21.00 MB
Current GC threshold: 58.38 MB
CDS: on
 - commit_granule_bytes: 65536.
 - commit_granule_words: 8192.
 - virtual_space_node_default_size: 8388608.
 - enlarge_chunks_in_place: 1.
 - use_allocation_guard: 0.


Internal statistics:

num_allocs_failed_limit: 6.
num_arena_births: 928.
num_arena_deaths: 14.
num_vsnodes_births: 2.
num_vsnodes_deaths: 0.
num_space_committed: 623.
num_space_uncommitted: 0.
num_chunks_returned_to_freelist: 20.
num_chunks_taken_from_freelist: 2672.
num_chunk_merges: 10.
num_chunk_splits: 1643.
num_chunks_enlarged: 915.
num_inconsistent_stats: 0.

CodeHeap 'non-profiled nmethods': size=119168Kb used=2801Kb max_used=2801Kb free=116366Kb
 bounds [0x000002186fa40000, 0x000002186fd10000, 0x0000021876ea0000]
CodeHeap 'profiled nmethods': size=119104Kb used=10982Kb max_used=11214Kb free=108121Kb
 bounds [0x0000021867ea0000, 0x00000218689a0000, 0x000002186f2f0000]
CodeHeap 'non-nmethods': size=7488Kb used=3050Kb max_used=3124Kb free=4437Kb
 bounds [0x000002186f2f0000, 0x000002186f610000, 0x000002186fa40000]
CodeCache: size=245760Kb, used=16833Kb, max_used=17139Kb, free=228924Kb
 total_blobs=5860, nmethods=5197, adapters=566, full_count=0
Compilation: enabled, stopped_count=0, restarted_count=0

Compilation events (20 events):
Event: 3.754 Thread 0x000002187ce69e10 5789   !   3       org.eclipse.osgi.internal.hooks.EclipseLazyStarter::postFindLocalClass (394 bytes)
Event: 3.754 Thread 0x000002187cfca6f0 5792       3       org.codehaus.plexus.util.xml.pull.MXParser::parseStartTag (1205 bytes)
Event: 3.754 Thread 0x000002187d003980 5791       3       org.codehaus.plexus.util.xml.pull.MXParser::isNameStartChar (56 bytes)
Event: 3.754 Thread 0x000002187cdc92b0 5790       3       org.codehaus.plexus.util.xml.pull.MXParser::getText (125 bytes)
Event: 3.755 Thread 0x000002187d003980 nmethod 5791 0x0000021868028b10 code [0x0000021868028cc0, 0x0000021868028f40]
Event: 3.755 Thread 0x000002187cdc92b0 nmethod 5790 0x0000021867eaac10 code [0x0000021867eaae00, 0x0000021867eab278]
Event: 3.757 Thread 0x000002187ce69e10 nmethod 5789 0x00000218682ab290 code [0x00000218682ab7e0, 0x00000218682ae7b8]
Event: 3.759 Thread 0x000002187cfca6f0 nmethod 5792 0x0000021867f67a10 code [0x0000021867f68400, 0x0000021867f6da80]
Event: 3.760 Thread 0x000002187cdc92b0 5793       3       org.codehaus.plexus.util.xml.pull.MXParser::newString (11 bytes)
Event: 3.760 Thread 0x000002187ce69e10 5795       1       org.codehaus.plexus.util.xml.pull.MXParser::getEventType (5 bytes)
Event: 3.760 Thread 0x000002187d003980 5796       3       org.codehaus.plexus.util.xml.pull.MXParser::getName (84 bytes)
Event: 3.760 Thread 0x000002187cdc92b0 nmethod 5793 0x0000021867f67390 code [0x0000021867f67540, 0x0000021867f676e8]
Event: 3.761 Thread 0x000002187ce69e10 nmethod 5795 0x000002186fa98d90 code [0x000002186fa98f20, 0x000002186fa98fe8]
Event: 3.761 Thread 0x000002187d003980 nmethod 5796 0x000002186845c110 code [0x000002186845c2e0, 0x000002186845c610]
Event: 3.765 Thread 0x000002187cfca6f0 5809       3       org.codehaus.plexus.util.xml.pull.MXParser::isWhitespace (115 bytes)
Event: 3.765 Thread 0x000002187d003980 5810       3       org.codehaus.plexus.util.xml.pull.MXParser::ensureElementsCapacity (265 bytes)
Event: 3.766 Thread 0x000002187cfca6f0 nmethod 5809 0x000002186845b510 code [0x000002186845b740, 0x000002186845bf20]
Event: 3.766 Thread 0x000002187ce69e10 5811       3       org.codehaus.plexus.util.xml.pull.MXParser::nextTag (83 bytes)
Event: 3.766 Thread 0x000002187d003980 nmethod 5810 0x0000021868042b90 code [0x0000021868042de0, 0x0000021868043c50]
Event: 3.767 Thread 0x000002187ce69e10 nmethod 5811 0x0000021868041c10 code [0x0000021868041ea0, 0x00000218680427e0]

GC Heap History (20 events):
Event: 2.084 GC heap before
{Heap before GC invocations=8 (full 1):
 PSYoungGen      total 29184K, used 4501K [0x00000000d5580000, 0x00000000d7780000, 0x0000000100000000)
  eden space 24576K, 0% used [0x00000000d5580000,0x00000000d5580000,0x00000000d6d80000)
  from space 4608K, 97% used [0x00000000d6e00000,0x00000000d7265718,0x00000000d7280000)
  to   space 5120K, 0% used [0x00000000d7280000,0x00000000d7280000,0x00000000d7780000)
 ParOldGen       total 68608K, used 9214K [0x0000000080000000, 0x0000000084300000, 0x00000000d5580000)
  object space 68608K, 13% used [0x0000000080000000,0x00000000808ffb88,0x0000000084300000)
 Metaspace       used 20635K, committed 21504K, reserved 1114112K
  class space    used 2189K, committed 2560K, reserved 1048576K
}
Event: 2.104 GC heap after
{Heap after GC invocations=8 (full 1):
 PSYoungGen      total 29184K, used 0K [0x00000000d5580000, 0x00000000d7780000, 0x0000000100000000)
  eden space 24576K, 0% used [0x00000000d5580000,0x00000000d5580000,0x00000000d6d80000)
  from space 4608K, 0% used [0x00000000d6e00000,0x00000000d6e00000,0x00000000d7280000)
  to   space 5120K, 0% used [0x00000000d7280000,0x00000000d7280000,0x00000000d7780000)
 ParOldGen       total 68608K, used 13043K [0x0000000080000000, 0x0000000084300000, 0x00000000d5580000)
  object space 68608K, 19% used [0x0000000080000000,0x0000000080cbcd60,0x0000000084300000)
 Metaspace       used 20622K, committed 21504K, reserved 1114112K
  class space    used 2185K, committed 2560K, reserved 1048576K
}
Event: 2.249 GC heap before
{Heap before GC invocations=9 (full 1):
 PSYoungGen      total 29184K, used 24576K [0x00000000d5580000, 0x00000000d7780000, 0x0000000100000000)
  eden space 24576K, 100% used [0x00000000d5580000,0x00000000d6d80000,0x00000000d6d80000)
  from space 4608K, 0% used [0x00000000d6e00000,0x00000000d6e00000,0x00000000d7280000)
  to   space 5120K, 0% used [0x00000000d7280000,0x00000000d7280000,0x00000000d7780000)
 ParOldGen       total 68608K, used 13043K [0x0000000080000000, 0x0000000084300000, 0x00000000d5580000)
  object space 68608K, 19% used [0x0000000080000000,0x0000000080cbcd60,0x0000000084300000)
 Metaspace       used 22694K, committed 23616K, reserved 1114112K
  class space    used 2369K, committed 2752K, reserved 1048576K
}
Event: 2.251 GC heap after
{Heap after GC invocations=9 (full 1):
 PSYoungGen      total 27648K, used 3226K [0x00000000d5580000, 0x00000000d7600000, 0x0000000100000000)
  eden space 24064K, 0% used [0x00000000d5580000,0x00000000d5580000,0x00000000d6d00000)
  from space 3584K, 90% used [0x00000000d7280000,0x00000000d75a6af0,0x00000000d7600000)
  to   space 4096K, 0% used [0x00000000d6e00000,0x00000000d6e00000,0x00000000d7200000)
 ParOldGen       total 68608K, used 13051K [0x0000000080000000, 0x0000000084300000, 0x00000000d5580000)
  object space 68608K, 19% used [0x0000000080000000,0x0000000080cbed60,0x0000000084300000)
 Metaspace       used 22694K, committed 23616K, reserved 1114112K
  class space    used 2369K, committed 2752K, reserved 1048576K
}
Event: 2.397 GC heap before
{Heap before GC invocations=10 (full 1):
 PSYoungGen      total 27648K, used 27254K [0x00000000d5580000, 0x00000000d7600000, 0x0000000100000000)
  eden space 24064K, 99% used [0x00000000d5580000,0x00000000d6cf6df0,0x00000000d6d00000)
  from space 3584K, 90% used [0x00000000d7280000,0x00000000d75a6af0,0x00000000d7600000)
  to   space 4096K, 0% used [0x00000000d6e00000,0x00000000d6e00000,0x00000000d7200000)
 ParOldGen       total 68608K, used 13051K [0x0000000080000000, 0x0000000084300000, 0x00000000d5580000)
  object space 68608K, 19% used [0x0000000080000000,0x0000000080cbed60,0x0000000084300000)
 Metaspace       used 26009K, committed 26944K, reserved 1114112K
  class space    used 2616K, committed 3008K, reserved 1048576K
}
Event: 2.398 GC heap after
{Heap after GC invocations=10 (full 1):
 PSYoungGen      total 27648K, used 3803K [0x00000000d5580000, 0x00000000d7480000, 0x0000000100000000)
  eden space 23552K, 0% used [0x00000000d5580000,0x00000000d5580000,0x00000000d6c80000)
  from space 4096K, 92% used [0x00000000d6e00000,0x00000000d71b6dc0,0x00000000d7200000)
  to   space 2560K, 0% used [0x00000000d7200000,0x00000000d7200000,0x00000000d7480000)
 ParOldGen       total 68608K, used 13059K [0x0000000080000000, 0x0000000084300000, 0x00000000d5580000)
  object space 68608K, 19% used [0x0000000080000000,0x0000000080cc0d60,0x0000000084300000)
 Metaspace       used 26009K, committed 26944K, reserved 1114112K
  class space    used 2616K, committed 3008K, reserved 1048576K
}
Event: 2.541 GC heap before
{Heap before GC invocations=11 (full 1):
 PSYoungGen      total 27648K, used 27355K [0x00000000d5580000, 0x00000000d7480000, 0x0000000100000000)
  eden space 23552K, 100% used [0x00000000d5580000,0x00000000d6c80000,0x00000000d6c80000)
  from space 4096K, 92% used [0x00000000d6e00000,0x00000000d71b6dc0,0x00000000d7200000)
  to   space 2560K, 0% used [0x00000000d7200000,0x00000000d7200000,0x00000000d7480000)
 ParOldGen       total 68608K, used 13059K [0x0000000080000000, 0x0000000084300000, 0x00000000d5580000)
  object space 68608K, 19% used [0x0000000080000000,0x0000000080cc0d60,0x0000000084300000)
 Metaspace       used 27705K, committed 28672K, reserved 1114112K
  class space    used 2726K, committed 3136K, reserved 1048576K
}
Event: 2.543 GC heap after
{Heap after GC invocations=11 (full 1):
 PSYoungGen      total 25600K, used 2536K [0x00000000d5580000, 0x00000000d7480000, 0x0000000100000000)
  eden space 23040K, 0% used [0x00000000d5580000,0x00000000d5580000,0x00000000d6c00000)
  from space 2560K, 99% used [0x00000000d7200000,0x00000000d747a2b0,0x00000000d7480000)
  to   space 4096K, 0% used [0x00000000d6c80000,0x00000000d6c80000,0x00000000d7080000)
 ParOldGen       total 68608K, used 14207K [0x0000000080000000, 0x0000000084300000, 0x00000000d5580000)
  object space 68608K, 20% used [0x0000000080000000,0x0000000080ddfc90,0x0000000084300000)
 Metaspace       used 27705K, committed 28672K, reserved 1114112K
  class space    used 2726K, committed 3136K, reserved 1048576K
}
Event: 2.815 GC heap before
{Heap before GC invocations=12 (full 1):
 PSYoungGen      total 25600K, used 25576K [0x00000000d5580000, 0x00000000d7480000, 0x0000000100000000)
  eden space 23040K, 99% used [0x00000000d5580000,0x00000000d6bffff8,0x00000000d6c00000)
  from space 2560K, 99% used [0x00000000d7200000,0x00000000d747a2b0,0x00000000d7480000)
  to   space 4096K, 0% used [0x00000000d6c80000,0x00000000d6c80000,0x00000000d7080000)
 ParOldGen       total 68608K, used 14207K [0x0000000080000000, 0x0000000084300000, 0x00000000d5580000)
  object space 68608K, 20% used [0x0000000080000000,0x0000000080ddfc90,0x0000000084300000)
 Metaspace       used 31244K, committed 32320K, reserved 1114112K
  class space    used 3099K, committed 3520K, reserved 1048576K
}
Event: 2.818 GC heap after
{Heap after GC invocations=12 (full 1):
 PSYoungGen      total 25088K, used 2203K [0x00000000d5580000, 0x00000000d7280000, 0x0000000100000000)
  eden space 22528K, 0% used [0x00000000d5580000,0x00000000d5580000,0x00000000d6b80000)
  from space 2560K, 86% used [0x00000000d6c80000,0x00000000d6ea6cd8,0x00000000d6f00000)
  to   space 3072K, 0% used [0x00000000d6f80000,0x00000000d6f80000,0x00000000d7280000)
 ParOldGen       total 68608K, used 16746K [0x0000000080000000, 0x0000000084300000, 0x00000000d5580000)
  object space 68608K, 24% used [0x0000000080000000,0x000000008105a870,0x0000000084300000)
 Metaspace       used 31244K, committed 32320K, reserved 1114112K
  class space    used 3099K, committed 3520K, reserved 1048576K
}
Event: 3.013 GC heap before
{Heap before GC invocations=13 (full 1):
 PSYoungGen      total 25088K, used 24731K [0x00000000d5580000, 0x00000000d7280000, 0x0000000100000000)
  eden space 22528K, 100% used [0x00000000d5580000,0x00000000d6b80000,0x00000000d6b80000)
  from space 2560K, 86% used [0x00000000d6c80000,0x00000000d6ea6cd8,0x00000000d6f00000)
  to   space 3072K, 0% used [0x00000000d6f80000,0x00000000d6f80000,0x00000000d7280000)
 ParOldGen       total 68608K, used 16746K [0x0000000080000000, 0x0000000084300000, 0x00000000d5580000)
  object space 68608K, 24% used [0x0000000080000000,0x000000008105a870,0x0000000084300000)
 Metaspace       used 33673K, committed 34880K, reserved 1114112K
  class space    used 3412K, committed 3968K, reserved 1048576K
}
Event: 3.016 GC heap after
{Heap after GC invocations=13 (full 1):
 PSYoungGen      total 24576K, used 2560K [0x00000000d5580000, 0x00000000d7200000, 0x0000000100000000)
  eden space 22016K, 0% used [0x00000000d5580000,0x00000000d5580000,0x00000000d6b00000)
  from space 2560K, 100% used [0x00000000d6f80000,0x00000000d7200000,0x00000000d7200000)
  to   space 3072K, 0% used [0x00000000d6c00000,0x00000000d6c00000,0x00000000d6f00000)
 ParOldGen       total 68608K, used 18689K [0x0000000080000000, 0x0000000084300000, 0x00000000d5580000)
  object space 68608K, 27% used [0x0000000080000000,0x0000000081240468,0x0000000084300000)
 Metaspace       used 33673K, committed 34880K, reserved 1114112K
  class space    used 3412K, committed 3968K, reserved 1048576K
}
Event: 3.143 GC heap before
{Heap before GC invocations=14 (full 1):
 PSYoungGen      total 24576K, used 11975K [0x00000000d5580000, 0x00000000d7200000, 0x0000000100000000)
  eden space 22016K, 42% used [0x00000000d5580000,0x00000000d5eb1ea8,0x00000000d6b00000)
  from space 2560K, 100% used [0x00000000d6f80000,0x00000000d7200000,0x00000000d7200000)
  to   space 3072K, 0% used [0x00000000d6c00000,0x00000000d6c00000,0x00000000d6f00000)
 ParOldGen       total 68608K, used 18689K [0x0000000080000000, 0x0000000084300000, 0x00000000d5580000)
  object space 68608K, 27% used [0x0000000080000000,0x0000000081240468,0x0000000084300000)
 Metaspace       used 34705K, committed 35840K, reserved 1114112K
  class space    used 3529K, committed 4032K, reserved 1048576K
}
Event: 3.145 GC heap after
{Heap after GC invocations=14 (full 1):
 PSYoungGen      total 23552K, used 1088K [0x00000000d5580000, 0x00000000d7000000, 0x0000000100000000)
  eden space 22016K, 0% used [0x00000000d5580000,0x00000000d5580000,0x00000000d6b00000)
  from space 1536K, 70% used [0x00000000d6c00000,0x00000000d6d10000,0x00000000d6d80000)
  to   space 2048K, 0% used [0x00000000d6e00000,0x00000000d6e00000,0x00000000d7000000)
 ParOldGen       total 68608K, used 20947K [0x0000000080000000, 0x0000000084300000, 0x00000000d5580000)
  object space 68608K, 30% used [0x0000000080000000,0x0000000081474f58,0x0000000084300000)
 Metaspace       used 34705K, committed 35840K, reserved 1114112K
  class space    used 3529K, committed 4032K, reserved 1048576K
}
Event: 3.145 GC heap before
{Heap before GC invocations=15 (full 2):
 PSYoungGen      total 23552K, used 1088K [0x00000000d5580000, 0x00000000d7000000, 0x0000000100000000)
  eden space 22016K, 0% used [0x00000000d5580000,0x00000000d5580000,0x00000000d6b00000)
  from space 1536K, 70% used [0x00000000d6c00000,0x00000000d6d10000,0x00000000d6d80000)
  to   space 2048K, 0% used [0x00000000d6e00000,0x00000000d6e00000,0x00000000d7000000)
 ParOldGen       total 68608K, used 20947K [0x0000000080000000, 0x0000000084300000, 0x00000000d5580000)
  object space 68608K, 30% used [0x0000000080000000,0x0000000081474f58,0x0000000084300000)
 Metaspace       used 34705K, committed 35840K, reserved 1114112K
  class space    used 3529K, committed 4032K, reserved 1048576K
}
Event: 3.170 GC heap after
{Heap after GC invocations=15 (full 2):
 PSYoungGen      total 23552K, used 0K [0x00000000d5580000, 0x00000000d7000000, 0x0000000100000000)
  eden space 22016K, 0% used [0x00000000d5580000,0x00000000d5580000,0x00000000d6b00000)
  from space 1536K, 0% used [0x00000000d6c00000,0x00000000d6c00000,0x00000000d6d80000)
  to   space 2048K, 0% used [0x00000000d6e00000,0x00000000d6e00000,0x00000000d7000000)
 ParOldGen       total 68608K, used 20611K [0x0000000080000000, 0x0000000084300000, 0x00000000d5580000)
  object space 68608K, 30% used [0x0000000080000000,0x0000000081420d40,0x0000000084300000)
 Metaspace       used 34705K, committed 35840K, reserved 1114112K
  class space    used 3529K, committed 4032K, reserved 1048576K
}
Event: 3.382 GC heap before
{Heap before GC invocations=16 (full 2):
 PSYoungGen      total 23552K, used 22016K [0x00000000d5580000, 0x00000000d7000000, 0x0000000100000000)
  eden space 22016K, 100% used [0x00000000d5580000,0x00000000d6b00000,0x00000000d6b00000)
  from space 1536K, 0% used [0x00000000d6c00000,0x00000000d6c00000,0x00000000d6d80000)
  to   space 2048K, 0% used [0x00000000d6e00000,0x00000000d6e00000,0x00000000d7000000)
 ParOldGen       total 68608K, used 20611K [0x0000000080000000, 0x0000000084300000, 0x00000000d5580000)
  object space 68608K, 30% used [0x0000000080000000,0x0000000081420d40,0x0000000084300000)
 Metaspace       used 36400K, committed 37568K, reserved 1114112K
  class space    used 3738K, committed 4224K, reserved 1048576K
}
Event: 3.384 GC heap after
{Heap after GC invocations=16 (full 2):
 PSYoungGen      total 24064K, used 2048K [0x00000000d5580000, 0x00000000d7000000, 0x0000000100000000)
  eden space 22016K, 0% used [0x00000000d5580000,0x00000000d5580000,0x00000000d6b00000)
  from space 2048K, 100% used [0x00000000d6e00000,0x00000000d7000000,0x00000000d7000000)
  to   space 2560K, 0% used [0x00000000d6b00000,0x00000000d6b00000,0x00000000d6d80000)
 ParOldGen       total 68608K, used 20699K [0x0000000080000000, 0x0000000084300000, 0x00000000d5580000)
  object space 68608K, 30% used [0x0000000080000000,0x0000000081436d50,0x0000000084300000)
 Metaspace       used 36400K, committed 37568K, reserved 1114112K
  class space    used 3738K, committed 4224K, reserved 1048576K
}
Event: 3.481 GC heap before
{Heap before GC invocations=17 (full 2):
 PSYoungGen      total 24064K, used 24064K [0x00000000d5580000, 0x00000000d7000000, 0x0000000100000000)
  eden space 22016K, 100% used [0x00000000d5580000,0x00000000d6b00000,0x00000000d6b00000)
  from space 2048K, 100% used [0x00000000d6e00000,0x00000000d7000000,0x00000000d7000000)
  to   space 2560K, 0% used [0x00000000d6b00000,0x00000000d6b00000,0x00000000d6d80000)
 ParOldGen       total 68608K, used 20699K [0x0000000080000000, 0x0000000084300000, 0x00000000d5580000)
  object space 68608K, 30% used [0x0000000080000000,0x0000000081436d50,0x0000000084300000)
 Metaspace       used 36686K, committed 37888K, reserved 1114112K
  class space    used 3775K, committed 4288K, reserved 1048576K
}
Event: 3.483 GC heap after
{Heap after GC invocations=17 (full 2):
 PSYoungGen      total 24576K, used 2559K [0x00000000d5580000, 0x00000000d7c00000, 0x0000000100000000)
  eden space 22016K, 0% used [0x00000000d5580000,0x00000000d5580000,0x00000000d6b00000)
  from space 2560K, 99% used [0x00000000d6b00000,0x00000000d6d7fd68,0x00000000d6d80000)
  to   space 8704K, 0% used [0x00000000d7380000,0x00000000d7380000,0x00000000d7c00000)
 ParOldGen       total 68608K, used 25632K [0x0000000080000000, 0x0000000084300000, 0x00000000d5580000)
  object space 68608K, 37% used [0x0000000080000000,0x0000000081908308,0x0000000084300000)
 Metaspace       used 36686K, committed 37888K, reserved 1114112K
  class space    used 3775K, committed 4288K, reserved 1048576K
}

Dll operation events (10 events):
Event: 0.006 Loaded shared library c:\Users\noahc\.vscode\extensions\redhat.java-1.52.0-win32-x64\jre\21.0.9-win32-x86_64\bin\java.dll
Event: 0.046 Loaded shared library c:\Users\noahc\.vscode\extensions\redhat.java-1.52.0-win32-x64\jre\21.0.9-win32-x86_64\bin\zip.dll
Event: 0.107 Loaded shared library C:\Users\noahc\.vscode\extensions\redhat.java-1.52.0-win32-x64\jre\21.0.9-win32-x86_64\bin\instrument.dll
Event: 0.110 Loaded shared library C:\Users\noahc\.vscode\extensions\redhat.java-1.52.0-win32-x64\jre\21.0.9-win32-x86_64\bin\net.dll
Event: 0.111 Loaded shared library C:\Users\noahc\.vscode\extensions\redhat.java-1.52.0-win32-x64\jre\21.0.9-win32-x86_64\bin\nio.dll
Event: 0.113 Loaded shared library C:\Users\noahc\.vscode\extensions\redhat.java-1.52.0-win32-x64\jre\21.0.9-win32-x86_64\bin\zip.dll
Event: 0.126 Loaded shared library C:\Users\noahc\.vscode\extensions\redhat.java-1.52.0-win32-x64\jre\21.0.9-win32-x86_64\bin\jimage.dll
Event: 0.176 Loaded shared library c:\Users\noahc\.vscode\extensions\redhat.java-1.52.0-win32-x64\jre\21.0.9-win32-x86_64\bin\verify.dll
Event: 0.864 Loaded shared library C:\Users\noahc\AppData\Roaming\Code\User\globalStorage\redhat.java\1.52.0\config_win\org.eclipse.equinox.launcher\org.eclipse.equinox.launcher.win32.win32.x86_64_1.2.1500.v20260121-1430\eclipse_11919.dll
Event: 1.778 Loaded shared library C:\Users\noahc\AppData\Local\Temp\jna-104990651\jna14062461756410253877.dll

Deoptimization events (20 events):
Event: 3.634 Thread 0x00000218457a6550 Uncommon trap: trap_request=0xffffff45 fr.pc=0x000002186faa60a8 relative=0x0000000000000108
Event: 3.635 Thread 0x00000218457a6550 Uncommon trap: reason=unstable_if action=reinterpret pc=0x000002186faa60a8 method=jdk.internal.org.objectweb.asm.ByteVector.putShort(I)Ljdk/internal/org/objectweb/asm/ByteVector; @ 13 c2
Event: 3.635 Thread 0x00000218457a6550 DEOPT PACKING pc=0x000002186faa60a8 sp=0x0000004d82bfc6f0
Event: 3.635 Thread 0x00000218457a6550 DEOPT UNPACKING pc=0x000002186f343aa2 sp=0x0000004d82bfc688 mode 2
Event: 3.742 Thread 0x000002184532ab50 Uncommon trap: trap_request=0xffffffde fr.pc=0x000002186faa1348 relative=0x0000000000000248
Event: 3.742 Thread 0x000002184532ab50 Uncommon trap: reason=class_check action=maybe_recompile pc=0x000002186faa1348 method=java.io.BufferedReader.readLine(Z[Z)Ljava/lang/String; @ 6 c2
Event: 3.742 Thread 0x000002184532ab50 DEOPT PACKING pc=0x000002186faa1348 sp=0x0000004d80dfe460
Event: 3.742 Thread 0x000002184532ab50 DEOPT UNPACKING pc=0x000002186f343aa2 sp=0x0000004d80dfe378 mode 2
Event: 3.742 Thread 0x000002184532ab50 Uncommon trap: trap_request=0xffffffde fr.pc=0x000002186faa1348 relative=0x0000000000000248
Event: 3.742 Thread 0x000002184532ab50 Uncommon trap: reason=class_check action=maybe_recompile pc=0x000002186faa1348 method=java.io.BufferedReader.readLine(Z[Z)Ljava/lang/String; @ 6 c2
Event: 3.742 Thread 0x000002184532ab50 DEOPT PACKING pc=0x000002186faa1348 sp=0x0000004d80dfe460
Event: 3.742 Thread 0x000002184532ab50 DEOPT UNPACKING pc=0x000002186f343aa2 sp=0x0000004d80dfe378 mode 2
Event: 3.742 Thread 0x000002184532ab50 Uncommon trap: trap_request=0xffffff45 fr.pc=0x000002186fae2060 relative=0x00000000000000c0
Event: 3.742 Thread 0x000002184532ab50 Uncommon trap: reason=unstable_if action=reinterpret pc=0x000002186fae2060 method=org.codehaus.plexus.util.xml.pull.MXParser.more()C @ 8 c2
Event: 3.742 Thread 0x000002184532ab50 DEOPT PACKING pc=0x000002186fae2060 sp=0x0000004d80dfe620
Event: 3.742 Thread 0x000002184532ab50 DEOPT UNPACKING pc=0x000002186f343aa2 sp=0x0000004d80dfe5b0 mode 2
Event: 3.758 Thread 0x000002184532ab50 Uncommon trap: trap_request=0xffffff45 fr.pc=0x000002186fb89a54 relative=0x0000000000000134
Event: 3.759 Thread 0x000002184532ab50 Uncommon trap: reason=unstable_if action=reinterpret pc=0x000002186fb89a54 method=java.util.ArrayList.indexOfRange(Ljava/lang/Object;II)I @ 7 c2
Event: 3.759 Thread 0x000002184532ab50 DEOPT PACKING pc=0x000002186fb89a54 sp=0x0000004d80dfe5f0
Event: 3.759 Thread 0x000002184532ab50 DEOPT UNPACKING pc=0x000002186f343aa2 sp=0x0000004d80dfe4b0 mode 2

Classes loaded (20 events):
Event: 3.610 Loading class sun/reflect/annotation/TypeAnnotation
Event: 3.610 Loading class sun/reflect/annotation/TypeAnnotation done
Event: 3.610 Loading class sun/reflect/annotation/TypeAnnotation$TypeAnnotationTarget
Event: 3.610 Loading class sun/reflect/annotation/TypeAnnotation$TypeAnnotationTarget done
Event: 3.610 Loading class sun/reflect/annotation/TypeAnnotation$LocationInfo
Event: 3.610 Loading class sun/reflect/annotation/TypeAnnotation$LocationInfo done
Event: 3.610 Loading class sun/reflect/annotation/TypeAnnotation$LocationInfo$Location
Event: 3.610 Loading class sun/reflect/annotation/TypeAnnotation$LocationInfo$Location done
Event: 3.610 Loading class sun/reflect/annotation/AnnotatedTypeFactory
Event: 3.610 Loading class sun/reflect/annotation/AnnotatedTypeFactory done
Event: 3.610 Loading class sun/reflect/annotation/AnnotatedTypeFactory$AnnotatedTypeBaseImpl
Event: 3.610 Loading class sun/reflect/annotation/AnnotatedTypeFactory$AnnotatedTypeBaseImpl done
Event: 3.633 Loading class java/lang/invoke/MethodHandleImpl$CountingWrapper
Event: 3.633 Loading class java/lang/invoke/MethodHandleImpl$CountingWrapper done
Event: 3.661 Loading class java/lang/annotation/ElementType
Event: 3.661 Loading class java/lang/annotation/ElementType done
Event: 3.736 Loading class java/lang/annotation/IncompleteAnnotationException
Event: 3.737 Loading class java/lang/annotation/IncompleteAnnotationException done
Event: 3.762 Loading class java/lang/foreign/MemorySegment
Event: 3.762 Loading class java/lang/foreign/MemorySegment done

Classes unloaded (7 events):
Event: 2.087 Thread 0x0000021864d5e560 Unloading class 0x00000218011a8800 'java/lang/invoke/LambdaForm$MH+0x00000218011a8800'
Event: 2.087 Thread 0x0000021864d5e560 Unloading class 0x00000218011a8400 'java/lang/invoke/LambdaForm$MH+0x00000218011a8400'
Event: 2.087 Thread 0x0000021864d5e560 Unloading class 0x00000218011a8000 'java/lang/invoke/LambdaForm$MH+0x00000218011a8000'
Event: 2.087 Thread 0x0000021864d5e560 Unloading class 0x00000218011a7c00 'java/lang/invoke/LambdaForm$MH+0x00000218011a7c00'
Event: 2.087 Thread 0x0000021864d5e560 Unloading class 0x00000218011a7800 'java/lang/invoke/LambdaForm$BMH+0x00000218011a7800'
Event: 2.087 Thread 0x0000021864d5e560 Unloading class 0x00000218011a7400 'java/lang/invoke/LambdaForm$DMH+0x00000218011a7400'
Event: 2.087 Thread 0x0000021864d5e560 Unloading class 0x00000218011a6400 'java/lang/invoke/LambdaForm$DMH+0x00000218011a6400'

Classes redefined (0 events):
No events

Internal exceptions (20 events):
Event: 3.018 Thread 0x00000218453297a0 Exception <a 'sun/nio/fs/WindowsException'{0x00000000d559bca0}> (0x00000000d559bca0) 
thrown [s\src\hotspot\share\prims\jni.cpp, line 520]
Event: 3.120 Thread 0x00000218453297a0 Exception <a 'sun/nio/fs/WindowsException'{0x00000000d5cb8a60}> (0x00000000d5cb8a60) 
thrown [s\src\hotspot\share\prims\jni.cpp, line 520]
Event: 3.178 Thread 0x00000218453297a0 Exception <a 'java/io/FileNotFoundException'{0x00000000d55a6418}> (0x00000000d55a6418) 
thrown [s\src\hotspot\share\prims\jni.cpp, line 520]
Event: 3.179 Thread 0x00000218453297a0 Exception <a 'java/io/FileNotFoundException'{0x00000000d55a76c0}> (0x00000000d55a76c0) 
thrown [s\src\hotspot\share\prims\jni.cpp, line 520]
Event: 3.181 Thread 0x00000218453297a0 Exception <a 'java/lang/NoSuchMethodError'{0x00000000d55f33f8}: 'java.lang.Object java.lang.invoke.DirectMethodHandle$Holder.newInvokeSpecial(java.lang.Object, java.lang.Object, java.lang.Object, int)'> (0x00000000d55f33f8) 
thrown [s\src\hotspot\share\interpreter\linkResolver.cpp, line 773]
Event: 3.182 Thread 0x00000218453297a0 Exception <a 'java/lang/NoSuchMethodError'{0x00000000d55f7070}: 'java.lang.Object java.lang.invoke.DirectMethodHandle$Holder.invokeSpecial(java.lang.Object, java.lang.Object, java.lang.Object, java.lang.Object, int)'> (0x00000000d55f7070) 
thrown [s\src\hotspot\share\interpreter\linkResolver.cpp, line 773]
Event: 3.183 Thread 0x00000218453297a0 Exception <a 'java/lang/NoSuchMethodError'{0x00000000d55fa518}: 'java.lang.Object java.lang.invoke.Invokers$Holder.linkToTargetMethod(java.lang.Object, java.lang.Object, int, java.lang.Object)'> (0x00000000d55fa518) 
thrown [s\src\hotspot\share\interpreter\linkResolver.cpp, line 773]
Event: 3.188 Thread 0x00000218453297a0 Exception <a 'java/lang/NoSuchMethodError'{0x00000000d562dd48}: 'void java.lang.invoke.DirectMethodHandle$Holder.invokeStaticInit(java.lang.Object, java.lang.Object, java.lang.Object)'> (0x00000000d562dd48) 
thrown [s\src\hotspot\share\interpreter\linkResolver.cpp, line 773]
Event: 3.243 Thread 0x000002184532ab50 Exception <a 'java/lang/NoSuchMethodError'{0x00000000d5a38cc8}: 'java.lang.Object java.lang.invoke.DirectMethodHandle$Holder.invokeSpecialIFC(java.lang.Object, java.lang.Object, java.lang.Object, java.lang.Object)'> (0x00000000d5a38cc8) 
thrown [s\src\hotspot\share\interpreter\linkResolver.cpp, line 773]
Event: 3.249 Thread 0x0000021864c9cb30 Exception <a 'java/lang/NoSuchMethodError'{0x00000000d5ac8830}: 'void java.lang.invoke.DirectMethodHandle$Holder.invokeSpecial(java.lang.Object, java.lang.Object, java.lang.Object, java.lang.Object, java.lang.Object, java.lang.Object)'> (0x00000000d5ac8830) 
thrown [s\src\hotspot\share\interpreter\linkResolver.cpp, line 773]
Event: 3.250 Thread 0x0000021864c9cb30 Exception <a 'java/lang/IncompatibleClassChangeError'{0x00000000d5aed2d0}: Found class java.lang.Object, but interface was expected> (0x00000000d5aed2d0) 
thrown [s\src\hotspot\share\interpreter\linkResolver.cpp, line 840]
Event: 3.251 Thread 0x0000021864c9cb30 Exception <a 'java/lang/IncompatibleClassChangeError'{0x00000000d5aef190}: Found class java.lang.Object, but interface was expected> (0x00000000d5aef190) 
thrown [s\src\hotspot\share\interpreter\linkResolver.cpp, line 840]
Event: 3.373 Thread 0x00000218453297a0 Exception <a 'java/io/FileNotFoundException'{0x00000000d6784480}> (0x00000000d6784480) 
thrown [s\src\hotspot\share\prims\jni.cpp, line 520]
Event: 3.373 Thread 0x00000218453297a0 Exception <a 'java/io/FileNotFoundException'{0x00000000d67851c8}> (0x00000000d67851c8) 
thrown [s\src\hotspot\share\prims\jni.cpp, line 520]
Event: 3.613 Thread 0x00000218457a6550 Exception <a 'java/io/FileNotFoundException'{0x00000000d5df7208}> (0x00000000d5df7208) 
thrown [s\src\hotspot\share\prims\jni.cpp, line 520]
Event: 3.632 Thread 0x00000218457a6550 Exception <a 'java/lang/NoSuchMethodError'{0x00000000d60a35b8}: 'java.lang.Object java.lang.invoke.DirectMethodHandle$Holder.invokeStatic(java.lang.Object, int, java.lang.Object, java.lang.Object)'> (0x00000000d60a35b8) 
thrown [s\src\hotspot\share\interpreter\linkResolver.cpp, line 773]
Event: 3.632 Thread 0x00000218457a6550 Exception <a 'java/lang/NoSuchMethodError'{0x00000000d60a6db8}: 'java.lang.Object java.lang.invoke.DelegatingMethodHandle$Holder.delegate(java.lang.Object, int, java.lang.Object, java.lang.Object)'> (0x00000000d60a6db8) 
thrown [s\src\hotspot\share\interpreter\linkResolver.cpp, line 773]
Event: 3.634 Thread 0x00000218457a6550 Implicit null exception at 0x000002186fbf7df6 to 0x000002186fbf8118
Event: 3.635 Thread 0x00000218457a6550 Exception <a 'java/lang/NoSuchMethodError'{0x00000000d60d2a68}: 'int java.lang.invoke.Invokers$Holder.linkToTargetMethod(java.lang.Object, java.lang.Object, java.lang.Object)'> (0x00000000d60d2a68) 
thrown [s\src\hotspot\share\interpreter\linkResolver.cpp, line 773]
Event: 3.737 Thread 0x000002184532ab50 Exception <a 'java/lang/NoClassDefFoundError'{0x00000000d66fabd0}: javax/enterprise/inject/Typed> (0x00000000d66fabd0) 
thrown [s\src\hotspot\share\classfile\systemDictionary.cpp, line 301]

ZGC Phase Switch (0 events):
No events

VM Operations (20 events):
Event: 2.541 Executing VM operation: ParallelGCFailedAllocation (Allocation Failure)
Event: 2.543 Executing VM operation: ParallelGCFailedAllocation (Allocation Failure) done
Event: 2.586 Executing VM operation: HandshakeAllThreads (Deoptimize)
Event: 2.586 Executing VM operation: HandshakeAllThreads (Deoptimize) done
Event: 2.815 Executing VM operation: ParallelGCFailedAllocation (Allocation Failure)
Event: 2.818 Executing VM operation: ParallelGCFailedAllocation (Allocation Failure) done
Event: 3.013 Executing VM operation: ParallelGCFailedAllocation (Allocation Failure)
Event: 3.016 Executing VM operation: ParallelGCFailedAllocation (Allocation Failure) done
Event: 3.143 Executing VM operation: CollectForMetadataAllocation (Metadata GC Threshold)
Event: 3.171 Executing VM operation: CollectForMetadataAllocation (Metadata GC Threshold) done
Event: 3.193 Executing VM operation: HandshakeAllThreads (Deoptimize)
Event: 3.193 Executing VM operation: HandshakeAllThreads (Deoptimize) done
Event: 3.381 Executing VM operation: ParallelGCFailedAllocation (Allocation Failure)
Event: 3.385 Executing VM operation: ParallelGCFailedAllocation (Allocation Failure) done
Event: 3.466 Executing VM operation: ParallelGCFailedAllocation (Allocation Failure)
Event: 3.483 Executing VM operation: ParallelGCFailedAllocation (Allocation Failure) done
Event: 3.603 Executing VM operation: HandshakeAllThreads (Deoptimize)
Event: 3.603 Executing VM operation: HandshakeAllThreads (Deoptimize) done
Event: 3.728 Executing VM operation: HandshakeAllThreads (Deoptimize)
Event: 3.728 Executing VM operation: HandshakeAllThreads (Deoptimize) done

Memory protections (0 events):
No events

Nmethod flushes (20 events):
Event: 3.160 Thread 0x0000021864d5e560 flushing  nmethod 0x0000021868557310
Event: 3.160 Thread 0x0000021864d5e560 flushing  nmethod 0x0000021868587b90
Event: 3.160 Thread 0x0000021864d5e560 flushing  nmethod 0x0000021868589010
Event: 3.160 Thread 0x0000021864d5e560 flushing  nmethod 0x0000021868589910
Event: 3.160 Thread 0x0000021864d5e560 flushing  nmethod 0x000002186858ab10
Event: 3.160 Thread 0x0000021864d5e560 flushing  nmethod 0x000002186858b810
Event: 3.160 Thread 0x0000021864d5e560 flushing  nmethod 0x000002186858bf90
Event: 3.160 Thread 0x0000021864d5e560 flushing  nmethod 0x000002186858d510
Event: 3.160 Thread 0x0000021864d5e560 flushing  nmethod 0x000002186858da10
Event: 3.160 Thread 0x0000021864d5e560 flushing  nmethod 0x000002186858df10
Event: 3.160 Thread 0x0000021864d5e560 flushing  nmethod 0x000002186858e310
Event: 3.160 Thread 0x0000021864d5e560 flushing  nmethod 0x000002186858f310
Event: 3.160 Thread 0x0000021864d5e560 flushing  nmethod 0x0000021868590d90
Event: 3.160 Thread 0x0000021864d5e560 flushing  nmethod 0x0000021868593710
Event: 3.160 Thread 0x0000021864d5e560 flushing  nmethod 0x00000218685f1c90
Event: 3.160 Thread 0x0000021864d5e560 flushing  nmethod 0x00000218685f6f10
Event: 3.160 Thread 0x0000021864d5e560 flushing  nmethod 0x00000218685ff410
Event: 3.160 Thread 0x0000021864d5e560 flushing  nmethod 0x00000218686b1a90
Event: 3.160 Thread 0x0000021864d5e560 flushing  nmethod 0x00000218686e8110
Event: 3.160 Thread 0x0000021864d5e560 flushing  nmethod 0x00000218686e8590

Events (20 events):
Event: 3.380 Thread 0x00000218453297a0 Thread added: 0x00000218457a6be0
Event: 3.381 Thread 0x00000218457aa060 Thread added: 0x00000218457aa6f0
Event: 3.381 Thread 0x00000218457a6be0 Thread added: 0x00000218457aad80
Event: 3.382 Thread 0x00000218457aa6f0 Thread added: 0x00000218457a7900
Event: 3.382 Thread 0x00000218457aad80 Thread added: 0x00000218457ab410
Event: 3.385 Thread 0x00000218457a7900 Thread added: 0x00000218457ac130
Event: 3.385 Thread 0x00000218457aa6f0 Thread added: 0x00000218457abaa0
Event: 3.386 Thread 0x00000218457ab410 Thread added: 0x00000218457ac7c0
Event: 3.387 Thread 0x00000218457ac130 Thread added: 0x00000218457ace50
Event: 3.389 Thread 0x00000218457abaa0 Thread added: 0x00000218457ad4e0
Event: 3.389 Thread 0x00000218457ac7c0 Thread added: 0x000002184a21b9a0
Event: 3.390 Thread 0x00000218457ace50 Thread added: 0x000002184a21c6c0
Event: 3.391 Thread 0x000002184a21b9a0 Thread added: 0x000002184a21a5f0
Event: 3.392 Thread 0x00000218457ad4e0 Thread added: 0x000002184a21c030
Event: 3.393 Thread 0x000002184a21c6c0 Thread added: 0x000002184a21ac80
Event: 3.393 Thread 0x000002184a21ac80 Thread added: 0x000002184a21b310
Event: 3.395 Thread 0x000002184a21b310 Thread added: 0x000002184a21cd50
Event: 3.396 Thread 0x000002184a21a5f0 Thread added: 0x000002184a21d3e0
Event: 3.396 Thread 0x000002184a21d3e0 Thread added: 0x000002184a219f60
Event: 3.397 Thread 0x000002184a219f60 Thread added: 0x000002184a21f4b0


Dynamic libraries:
0x00007ff71a1a0000 - 0x00007ff71a1ae000 	c:\Users\noahc\.vscode\extensions\redhat.java-1.52.0-win32-x64\jre\21.0.9-win32-x86_64\bin\java.exe
0x00007ffb76200000 - 0x00007ffb76466000 	C:\WINDOWS\SYSTEM32\ntdll.dll
0x00007ffb74f50000 - 0x00007ffb75019000 	C:\WINDOWS\System32\KERNEL32.DLL
0x00007ffb73750000 - 0x00007ffb73b4a000 	C:\WINDOWS\System32\KERNELBASE.dll
0x00007ffb73c10000 - 0x00007ffb73d5c000 	C:\WINDOWS\System32\ucrtbase.dll
0x00007ffb58100000 - 0x00007ffb58118000 	c:\Users\noahc\.vscode\extensions\redhat.java-1.52.0-win32-x64\jre\21.0.9-win32-x86_64\bin\jli.dll
0x00007ffb746b0000 - 0x00007ffb74877000 	C:\WINDOWS\System32\USER32.dll
0x00007ffb73e90000 - 0x00007ffb73eb7000 	C:\WINDOWS\System32\win32u.dll
0x00007ffb74290000 - 0x00007ffb742bb000 	C:\WINDOWS\System32\GDI32.dll
0x00007ffb73d60000 - 0x00007ffb73e8b000 	C:\WINDOWS\System32\gdi32full.dll
0x00007ffb73ec0000 - 0x00007ffb73f63000 	C:\WINDOWS\System32\msvcp_win.dll
0x00007ffb44410000 - 0x00007ffb4442e000 	c:\Users\noahc\.vscode\extensions\redhat.java-1.52.0-win32-x64\jre\21.0.9-win32-x86_64\bin\VCRUNTIME140.dll
0x00007ffb4f930000 - 0x00007ffb4fbc2000 	C:\WINDOWS\WinSxS\amd64_microsoft.windows.common-controls_6595b64144ccf1df_6.0.26100.8521_none_3e08b75ce33403b3\COMCTL32.dll
0x00007ffb742c0000 - 0x00007ffb74369000 	C:\WINDOWS\System32\msvcrt.dll
0x00007ffb758b0000 - 0x00007ffb758e2000 	C:\WINDOWS\System32\IMM32.DLL
0x00007ffb61340000 - 0x00007ffb6134c000 	c:\Users\noahc\.vscode\extensions\redhat.java-1.52.0-win32-x64\jre\21.0.9-win32-x86_64\bin\vcruntime140_1.dll
0x00007ffb3fea0000 - 0x00007ffb3ff2d000 	c:\Users\noahc\.vscode\extensions\redhat.java-1.52.0-win32-x64\jre\21.0.9-win32-x86_64\bin\msvcp140.dll
0x00007ffa3c030000 - 0x00007ffa3cdd0000 	c:\Users\noahc\.vscode\extensions\redhat.java-1.52.0-win32-x64\jre\21.0.9-win32-x86_64\bin\server\jvm.dll
0x00007ffb76060000 - 0x00007ffb76116000 	C:\WINDOWS\System32\ADVAPI32.dll
0x00007ffb74d40000 - 0x00007ffb74dea000 	C:\WINDOWS\System32\sechost.dll
0x00007ffb75f40000 - 0x00007ffb76058000 	C:\WINDOWS\System32\RPCRT4.dll
0x00007ffb75eb0000 - 0x00007ffb75f30000 	C:\WINDOWS\System32\WS2_32.dll
0x00007ffb732f0000 - 0x00007ffb7334e000 	C:\WINDOWS\SYSTEM32\POWRPROF.dll
0x00007ffb5ff70000 - 0x00007ffb5ffa6000 	C:\WINDOWS\SYSTEM32\WINMM.dll
0x00007ffb627e0000 - 0x00007ffb627eb000 	C:\WINDOWS\SYSTEM32\VERSION.dll
0x00007ffb732d0000 - 0x00007ffb732e4000 	C:\WINDOWS\SYSTEM32\UMPDC.dll
0x00007ffb72220000 - 0x00007ffb7223b000 	C:\WINDOWS\SYSTEM32\kernel.appcore.dll
0x00007ffb612b0000 - 0x00007ffb612ba000 	c:\Users\noahc\.vscode\extensions\redhat.java-1.52.0-win32-x64\jre\21.0.9-win32-x86_64\bin\jimage.dll
0x00007ffb70ab0000 - 0x00007ffb70cf2000 	C:\WINDOWS\SYSTEM32\DBGHELP.DLL
0x00007ffb74880000 - 0x00007ffb74c03000 	C:\WINDOWS\System32\combase.dll
0x00007ffb745d0000 - 0x00007ffb746a9000 	C:\WINDOWS\System32\OLEAUT32.dll
0x00007ffb3c210000 - 0x00007ffb3c24b000 	C:\WINDOWS\SYSTEM32\dbgcore.DLL
0x00007ffb736a0000 - 0x00007ffb73748000 	C:\WINDOWS\System32\bcryptPrimitives.dll
0x00007ffb64150000 - 0x00007ffb6415f000 	c:\Users\noahc\.vscode\extensions\redhat.java-1.52.0-win32-x64\jre\21.0.9-win32-x86_64\bin\instrument.dll
0x00007ffb443f0000 - 0x00007ffb44410000 	c:\Users\noahc\.vscode\extensions\redhat.java-1.52.0-win32-x64\jre\21.0.9-win32-x86_64\bin\java.dll
0x00007ffb75120000 - 0x00007ffb758a4000 	C:\WINDOWS\System32\SHELL32.dll
0x00007ffb71050000 - 0x00007ffb718d0000 	C:\WINDOWS\SYSTEM32\windows.storage.dll
0x00007ffb74180000 - 0x00007ffb74276000 	C:\WINDOWS\System32\SHCORE.dll
0x00007ffb758f0000 - 0x00007ffb75957000 	C:\WINDOWS\System32\shlwapi.dll
0x00007ffb733b0000 - 0x00007ffb733d9000 	C:\WINDOWS\SYSTEM32\profapi.dll
0x00007ffb42240000 - 0x00007ffb42258000 	c:\Users\noahc\.vscode\extensions\redhat.java-1.52.0-win32-x64\jre\21.0.9-win32-x86_64\bin\zip.dll
0x00007ffb615f0000 - 0x00007ffb61600000 	C:\Users\noahc\.vscode\extensions\redhat.java-1.52.0-win32-x64\jre\21.0.9-win32-x86_64\bin\net.dll
0x00007ffb65370000 - 0x00007ffb65499000 	C:\WINDOWS\SYSTEM32\WINHTTP.dll
0x00007ffb72790000 - 0x00007ffb727fc000 	C:\WINDOWS\system32\mswsock.dll
0x00007ffb60bf0000 - 0x00007ffb60c06000 	C:\Users\noahc\.vscode\extensions\redhat.java-1.52.0-win32-x64\jre\21.0.9-win32-x86_64\bin\nio.dll
0x00007ffb61300000 - 0x00007ffb61310000 	c:\Users\noahc\.vscode\extensions\redhat.java-1.52.0-win32-x64\jre\21.0.9-win32-x86_64\bin\verify.dll
0x00007ffb41940000 - 0x00007ffb41985000 	C:\Users\noahc\AppData\Roaming\Code\User\globalStorage\redhat.java\1.52.0\config_win\org.eclipse.equinox.launcher\org.eclipse.equinox.launcher.win32.win32.x86_64_1.2.1500.v20260121-1430\eclipse_11919.dll
0x00007ffb74370000 - 0x00007ffb74508000 	C:\WINDOWS\System32\ole32.dll
0x00007ffb72a70000 - 0x00007ffb72a8b000 	C:\WINDOWS\SYSTEM32\CRYPTSP.dll
0x00007ffb72180000 - 0x00007ffb721b9000 	C:\WINDOWS\system32\rsaenh.dll
0x00007ffb72840000 - 0x00007ffb72873000 	C:\WINDOWS\SYSTEM32\USERENV.dll
0x00007ffb73380000 - 0x00007ffb733aa000 	C:\WINDOWS\SYSTEM32\bcrypt.dll
0x00007ffb730f0000 - 0x00007ffb730fc000 	C:\WINDOWS\SYSTEM32\CRYPTBASE.dll
0x00007ffb71c50000 - 0x00007ffb71c83000 	C:\WINDOWS\SYSTEM32\IPHLPAPI.DLL
0x00007ffb74280000 - 0x00007ffb7428a000 	C:\WINDOWS\System32\NSI.dll
0x00007ffb3ffd0000 - 0x00007ffb40019000 	C:\Users\noahc\AppData\Local\Temp\jna-104990651\jna14062461756410253877.dll
0x00007ffb75df0000 - 0x00007ffb75df8000 	C:\WINDOWS\System32\PSAPI.DLL
0x00007ffb65910000 - 0x00007ffb6592d000 	C:\WINDOWS\SYSTEM32\dhcpcsvc6.DLL
0x00007ffb65830000 - 0x00007ffb65855000 	C:\WINDOWS\SYSTEM32\dhcpcsvc.DLL

JVMTI agents:
c:\Users\noahc\.vscode\extensions\redhat.java-1.52.0-win32-x64\lombok\lombok-1.18.39-4050.jar path:c:\Users\noahc\.vscode\extensions\redhat.java-1.52.0-win32-x64\jre\21.0.9-win32-x86_64\bin\instrument.dll, loaded, initialized, instrumentlib options:none

dbghelp: loaded successfully - version: 4.0.5 - missing functions: none
symbol engine: initialized successfully - sym options: 0x614 - pdb path: .;c:\Users\noahc\.vscode\extensions\redhat.java-1.52.0-win32-x64\jre\21.0.9-win32-x86_64\bin;C:\WINDOWS\SYSTEM32;C:\WINDOWS\WinSxS\amd64_microsoft.windows.common-controls_6595b64144ccf1df_6.0.26100.8521_none_3e08b75ce33403b3;c:\Users\noahc\.vscode\extensions\redhat.java-1.52.0-win32-x64\jre\21.0.9-win32-x86_64\bin\server;C:\Users\noahc\AppData\Roaming\Code\User\globalStorage\redhat.java\1.52.0\config_win\org.eclipse.equinox.launcher\org.eclipse.equinox.launcher.win32.win32.x86_64_1.2.1500.v20260121-1430;C:\Users\noahc\AppData\Local\Temp\jna-104990651

VM Arguments:
jvm_args: --add-modules=ALL-SYSTEM --add-opens=java.base/java.util=ALL-UNNAMED --add-opens=java.base/java.lang=ALL-UNNAMED --add-opens=java.base/sun.nio.fs=ALL-UNNAMED -Declipse.application=org.eclipse.jdt.ls.core.id1 -Dosgi.bundles.defaultStartLevel=4 -Declipse.product=org.eclipse.jdt.ls.core.product -Djava.import.generatesMetadataFilesAtProjectRoot=false -DDetectVMInstallationsJob.disabled=true -Dfile.encoding=utf8 -XX:+UseParallelGC -XX:GCTimeRatio=4 -XX:AdaptiveSizePolicyWeight=90 -Dsun.zip.disableMemoryMapping=true -Xmx2G -Xms100m -Xlog:disable -javaagent:c:\Users\noahc\.vscode\extensions\redhat.java-1.52.0-win32-x64\lombok\lombok-1.18.39-4050.jar -XX:+HeapDumpOnOutOfMemoryError -XX:HeapDumpPath=c:\Users\noahc\AppData\Roaming\Code\User\workspaceStorage\44f07477090b4b0a13b595b63b8c2f6b\redhat.java -Daether.dependencyCollector.impl=bf 
java_command: c:\Users\noahc\.vscode\extensions\redhat.java-1.52.0-win32-x64\server\plugins\org.eclipse.equinox.launcher_1.7.100.v20251111-0406.jar -configuration c:\Users\noahc\AppData\Roaming\Code\User\globalStorage\redhat.java\1.52.0\config_win -data c:\Users\noahc\AppData\Roaming\Code\User\workspaceStorage\44f07477090b4b0a13b595b63b8c2f6b\redhat.java\jdt_ws --pipe=\\.\pipe\lsp-531250453c984567de04b3d4feea7266-sock
java_class_path (initial): c:\Users\noahc\.vscode\extensions\redhat.java-1.52.0-win32-x64\server\plugins\org.eclipse.equinox.launcher_1.7.100.v20251111-0406.jar
Launcher Type: SUN_STANDARD

[Global flags]
    uintx AdaptiveSizePolicyWeight                 = 90                                        {product} {command line}
     intx CICompilerCount                          = 12                                        {product} {ergonomic}
    uintx GCTimeRatio                              = 4                                         {product} {command line}
     bool HeapDumpOnOutOfMemoryError               = true                                   {manageable} {command line}
    ccstr HeapDumpPath                             = c:\Users\noahc\AppData\Roaming\Code\User\workspaceStorage\44f07477090b4b0a13b595b63b8c2f6b\redhat.java         {manageable} {command line}
   size_t InitialHeapSize                          = 104857600                                 {product} {command line}
   size_t MaxHeapSize                              = 2147483648                                {product} {command line}
   size_t MaxNewSize                               = 715653120                                 {product} {ergonomic}
   size_t MinHeapDeltaBytes                        = 524288                                    {product} {ergonomic}
   size_t MinHeapSize                              = 104857600                                 {product} {command line}
   size_t NewSize                                  = 34603008                                  {product} {ergonomic}
    uintx NonNMethodCodeHeapSize                   = 7602480                                {pd product} {ergonomic}
    uintx NonProfiledCodeHeapSize                  = 122027880                              {pd product} {ergonomic}
   size_t OldSize                                  = 70254592                                  {product} {ergonomic}
    uintx ProfiledCodeHeapSize                     = 122027880                              {pd product} {ergonomic}
    uintx ReservedCodeCacheSize                    = 251658240                              {pd product} {ergonomic}
     bool SegmentedCodeCache                       = true                                      {product} {ergonomic}
   size_t SoftMaxHeapSize                          = 2147483648                             {manageable} {ergonomic}
     bool UseCompressedOops                        = true                           {product lp64_product} {ergonomic}
     bool UseLargePagesIndividualAllocation        = false                                  {pd product} {ergonomic}
     bool UseParallelGC                            = true                                      {product} {command line}

Logging:
Log output configuration:
 #0: stdout all=off uptime,level,tags foldmultilines=false
 #1: stderr all=off uptime,level,tags foldmultilines=false

Release file:
JAVA_VERSION="21.0.9" 
MODULES="java.base java.compiler java.datatransfer java.xml java.prefs java.desktop java.instrument java.logging java.management java.security.sasl java.naming java.rmi java.management.rmi java.net.http java.scripting java.security.jgss java.transaction.xa java.sql java.sql.rowset java.xml.crypto java.se java.smartcardio jdk.accessibility jdk.internal.jvmstat jdk.attach jdk.charsets jdk.internal.opt jdk.zipfs jdk.compiler jdk.crypto.ec jdk.crypto.cryptoki jdk.crypto.mscapi jdk.dynalink jdk.internal.ed jdk.editpad jdk.hotspot.agent jdk.httpserver jdk.internal.le jdk.internal.vm.ci jdk.internal.vm.compiler jdk.internal.vm.compiler.management jdk.jartool jdk.javadoc jdk.jcmd jdk.management jdk.management.agent jdk.jconsole jdk.jdeps jdk.jdwp.agent jdk.jdi jdk.jfr jdk.jshell jdk.jsobject jdk.jstatd jdk.localedata jdk.management.jfr jdk.naming.dns jdk.naming.rmi jdk.net jdk.nio.mapmode jdk.random jdk.sctp jdk.security.auth jdk.security.jgss jdk.unsupported jdk.unsupported.desktop jdk.xml.dom" 

Environment Variables:
PATH=C:\Python314\Scripts\;C:\Python314\;C:\Program Files\RevvitySignalsSoftware\ChemDrawApplications_x64\;C:\Program Files\Common Files\Oracle\Java\javapath;C:\WINDOWS\system32;C:\WINDOWS;C:\WINDOWS\System32\Wbem;C:\WINDOWS\System32\WindowsPowerShell\v1.0\;C:\WINDOWS\System32\OpenSSH\;C:\Program Files\dotnet\;C:\Program Files (x86)\NVIDIA Corporation\PhysX\Common;C:\Program Files\NVIDIA Corporation\NVIDIA NvDLISR;C:\Program Files\PuTTY\;C:\Program Files\Git\cmd;C:\Users\noahc\Downloads\apache-maven-3.9.14\bin;C:\Program Files\nodejs\;C:\ProgramData\chocolatey\bin;C:\Users\noahc\AppData\Local\Programs\Python\Python312\Scripts\;C:\Users\noahc\AppData\Local\Programs\Python\Python312\;C:\Users\noahc\AppData\Local\Microsoft\WindowsApps;C:\Program Files\JetBrains\PyCharm 2024.1.4\bin;;C:\Users\noahc\AppData\Local\Programs\Microsoft VS Code\bin;C:\Users\noahc\AppData\Local\GitHubDesktop\bin;C:\Users\noahc\AppData\Roaming\npm
USERNAME=noahc
OS=Windows_NT
PROCESSOR_IDENTIFIER=Intel64 Family 6 Model 170 Stepping 4, GenuineIntel
TMP=C:\Users\noahc\AppData\Local\Temp
TEMP=C:\Users\noahc\AppData\Local\Temp




Periodic native trim disabled

---------------  S Y S T E M  ---------------

OS:
 Windows 11 , 64 bit Build 26100 (10.0.26100.8521)
OS uptime: 5 days 7:57 hours
Hyper-V role detected

CPU: total 22 (initial active 22) (11 cores per cpu, 2 threads per core) family 6 model 170 stepping 4 microcode 0x28, cx8, cmov, fxsr, ht, mmx, 3dnowpref, sse, sse2, sse3, ssse3, sse4.1, sse4.2, popcnt, lzcnt, tsc, tscinvbit, avx, avx2, aes, erms, clmul, bmi1, bmi2, adx, sha, fma, vzeroupper, clflush, clflushopt, clwb, hv, serialize, rdtscp, rdpid, fsrm, f16c, cet_ibt, cet_ss
Processor Information for processor 0
  Max Mhz: 1400, Current Mhz: 1400, Mhz Limit: 1400
Processor Information for processor 1
  Max Mhz: 1400, Current Mhz: 1400, Mhz Limit: 1400
Processor Information for processor 2
  Max Mhz: 3800, Current Mhz: 900, Mhz Limit: 874
Processor Information for processor 3
  Max Mhz: 3800, Current Mhz: 900, Mhz Limit: 874
Processor Information for processor 4
  Max Mhz: 3800, Current Mhz: 900, Mhz Limit: 874
Processor Information for processor 5
  Max Mhz: 3800, Current Mhz: 900, Mhz Limit: 874
Processor Information for processor 6
  Max Mhz: 3800, Current Mhz: 900, Mhz Limit: 874
Processor Information for processor 7
  Max Mhz: 3800, Current Mhz: 900, Mhz Limit: 874
Processor Information for processor 8
  Max Mhz: 3800, Current Mhz: 900, Mhz Limit: 874
Processor Information for processor 9
  Max Mhz: 3800, Current Mhz: 900, Mhz Limit: 874
Processor Information for processor 10
  Max Mhz: 1400, Current Mhz: 1400, Mhz Limit: 1400
Processor Information for processor 11
  Max Mhz: 1400, Current Mhz: 1400, Mhz Limit: 1400
Processor Information for processor 12
  Max Mhz: 1400, Current Mhz: 1400, Mhz Limit: 1400
Processor Information for processor 13
  Max Mhz: 1400, Current Mhz: 1400, Mhz Limit: 1400
Processor Information for processor 14
  Max Mhz: 1400, Current Mhz: 1400, Mhz Limit: 1400
Processor Information for processor 15
  Max Mhz: 1400, Current Mhz: 1400, Mhz Limit: 1400
Processor Information for processor 16
  Max Mhz: 1400, Current Mhz: 1400, Mhz Limit: 1400
Processor Information for processor 17
  Max Mhz: 1400, Current Mhz: 1400, Mhz Limit: 1400
Processor Information for processor 18
  Max Mhz: 1400, Current Mhz: 1400, Mhz Limit: 1400
Processor Information for processor 19
  Max Mhz: 1400, Current Mhz: 1400, Mhz Limit: 1400
Processor Information for processor 20
  Max Mhz: 2500, Current Mhz: 700, Mhz Limit: 700
Processor Information for processor 21
  Max Mhz: 2500, Current Mhz: 700, Mhz Limit: 700

Memory: 4k page, system-wide physical 15828M (1989M free)
TotalPageFile size 64980M (AvailPageFile size 7M)
current process WorkingSet (physical memory assigned to process): 272M, peak: 273M
current process commit charge ("private bytes"): 427M, peak: 427M

vm_info: OpenJDK 64-Bit Server VM (21.0.9+10-LTS) for windows-amd64 JRE (21.0.9+10-LTS), built on 2025-10-21T00:00:00Z by "admin" with unknown MS VC++:1942

END.
