#
# There is insufficient memory for the Java Runtime Environment to continue.
# Native memory allocation (malloc) failed to allocate 1048576 bytes. Error detail: AllocateHeap
# Possible reasons:
#   The system is out of physical RAM or swap space
#   This process is running with CompressedOops enabled, and the Java Heap may be blocking the growth of the native heap
# Possible solutions:
#   Reduce memory load on the system
#   Increase physical memory or swap space
#   Check if swap backing store is full
#   Decrease Java heap size (-Xmx/-Xms)
#   Decrease number of Java threads
#   Decrease Java thread stack sizes (-Xss)
#   Set larger code cache with -XX:ReservedCodeCacheSize=
#   JVM is running with Unscaled Compressed Oops mode in which the Java heap is
#     placed in the first 4GB address space. The Java Heap base address is the
#     maximum limit for the native heap growth. Please use -XX:HeapBaseMinAddress
#     to set the Java Heap base and to place the Java Heap above 4GB virtual address.
# This output file may be truncated or incomplete.
#
#  Out of Memory Error (allocation.cpp:44), pid=16280, tid=52372
#
# JRE version: OpenJDK Runtime Environment Temurin-21.0.9+10 (21.0.9+10) (build 21.0.9+10-LTS)
# Java VM: OpenJDK 64-Bit Server VM Temurin-21.0.9+10 (21.0.9+10-LTS, mixed mode, sharing, tiered, compressed oops, compressed class ptrs, parallel gc, windows-amd64)
# No core dump will be written. Minidumps are not enabled by default on client versions of Windows
#

---------------  S U M M A R Y ------------

Command Line: --add-modules=ALL-SYSTEM --add-opens=java.base/java.util=ALL-UNNAMED --add-opens=java.base/java.lang=ALL-UNNAMED --add-opens=java.base/sun.nio.fs=ALL-UNNAMED -Declipse.application=org.eclipse.jdt.ls.core.id1 -Dosgi.bundles.defaultStartLevel=4 -Declipse.product=org.eclipse.jdt.ls.core.product -Djava.import.generatesMetadataFilesAtProjectRoot=false -DDetectVMInstallationsJob.disabled=true -Dfile.encoding=utf8 -XX:+UseParallelGC -XX:GCTimeRatio=4 -XX:AdaptiveSizePolicyWeight=90 -Dsun.zip.disableMemoryMapping=true -Xmx2G -Xms100m -Xlog:disable -javaagent:c:\Users\noahc\.vscode\extensions\redhat.java-1.52.0-win32-x64\lombok\lombok-1.18.39-4050.jar -XX:+HeapDumpOnOutOfMemoryError -XX:HeapDumpPath=c:\Users\noahc\AppData\Roaming\Code\User\workspaceStorage\44f07477090b4b0a13b595b63b8c2f6b\redhat.java -Daether.dependencyCollector.impl=bf c:\Users\noahc\.vscode\extensions\redhat.java-1.52.0-win32-x64\server\plugins\org.eclipse.equinox.launcher_1.7.100.v20251111-0406.jar -configuration c:\Users\noahc\AppData\Roaming\Code\User\globalStorage\redhat.java\1.52.0\config_win -data c:\Users\noahc\AppData\Roaming\Code\User\workspaceStorage\44f07477090b4b0a13b595b63b8c2f6b\redhat.java\jdt_ws --pipe=\\.\pipe\lsp-2a6d180cc7dc81b3b5d23d04c685801d-sock

Host: Intel(R) Core(TM) Ultra 7 155H, 22 cores, 15G,  Windows 11 , 64 bit Build 26100 (10.0.26100.8521)
Time: Sun Jun 28 17:23:33 2026 Eastern Daylight Time elapsed time: 20293.226616 seconds (0d 5h 38m 13s)

---------------  T H R E A D  ---------------

Current thread (0x000001f2f1f7e8d0):  JavaThread "Attach Listener" daemon [_thread_in_vm, id=52372, stack(0x0000004c2c100000,0x0000004c2c200000) (1024K)]

Stack: [0x0000004c2c100000,0x0000004c2c200000]
Native frames: (J=compiled Java code, j=interpreted, Vv=VM code, C=native code)
V  [jvm.dll+0x6d6e29]
V  [jvm.dll+0x8b4b76]
V  [jvm.dll+0x8b712e]
V  [jvm.dll+0x8b7813]
V  [jvm.dll+0x283d86]
V  [jvm.dll+0xc1277]
V  [jvm.dll+0x6d76d9]
V  [jvm.dll+0x133466]
V  [jvm.dll+0x3f7ea6]
V  [jvm.dll+0x85e9ad]
V  [jvm.dll+0x6d565d]
C  [ucrtbase.dll+0x2cd30]
C  [KERNEL32.DLL+0x2e957]
C  [ntdll.dll+0x87c1c]


---------------  P R O C E S S  ---------------

Threads class SMR info:
_java_thread_list=0x000001f2fcd0fe60, length=48, elements={
0x000001f2d7c29680, 0x000001f2d9f59a50, 0x000001f2d9f5c690, 0x000001f2f1f7cee0,
0x000001f2f1f7e8d0, 0x000001f2f1f81330, 0x000001f2f1f86510, 0x000001f2f1f92dc0,
0x000001f2f1f96850, 0x000001f2f213c720, 0x000001f2f80a77a0, 0x000001f2f832df00,
0x000001f2f8b5f160, 0x000001f2f8b982e0, 0x000001f2f8b99530, 0x000001f2f87b3610,
0x000001f2f86e1dd0, 0x000001f2f20a9ca0, 0x000001f2f20aa330, 0x000001f2f20a7540,
0x000001f2f20a8260, 0x000001f2f20a88f0, 0x000001f2fbce69f0, 0x000001f2fbce5640,
0x000001f2fbce6360, 0x000001f2fbce5cd0, 0x000001f2fbce7080, 0x000001f2fbce7710,
0x000001f2fbce7da0, 0x000001f2fbce4920, 0x000001f2fbce4fb0, 0x000001f2fa6dace0,
0x000001f2fa6d8c10, 0x000001f2fa6d7ef0, 0x000001f2fa6db370, 0x000001f2fa6d8580,
0x000001f2fa6d9fc0, 0x000001f2fa6da650, 0x000001f2fa6dba00, 0x000001f2fa6dc720,
0x000001f2fa6d9930, 0x000001f2fa6dc090, 0x000001f2fa6d92a0, 0x000001f2fa6df510,
0x000001f2fa6de160, 0x000001f2fa6dd440, 0x000001f2f96d7ea0, 0x000001f2f96d8530
}

Java Threads: ( => current thread )
  0x000001f2d7c29680 JavaThread "main"                              [_thread_blocked, id=7216, stack(0x0000004c2ba00000,0x0000004c2bb00000) (1024K)]
  0x000001f2d9f59a50 JavaThread "Reference Handler"          daemon [_thread_blocked, id=42044, stack(0x0000004c2be00000,0x0000004c2bf00000) (1024K)]
  0x000001f2d9f5c690 JavaThread "Finalizer"                  daemon [_thread_blocked, id=13756, stack(0x0000004c2bf00000,0x0000004c2c000000) (1024K)]
  0x000001f2f1f7cee0 JavaThread "Signal Dispatcher"          daemon [_thread_blocked, id=6344, stack(0x0000004c2c000000,0x0000004c2c100000) (1024K)]
=>0x000001f2f1f7e8d0 JavaThread "Attach Listener"            daemon [_thread_in_vm, id=52372, stack(0x0000004c2c100000,0x0000004c2c200000) (1024K)]
  0x000001f2f1f81330 JavaThread "Service Thread"             daemon [_thread_blocked, id=42888, stack(0x0000004c2c200000,0x0000004c2c300000) (1024K)]
  0x000001f2f1f86510 JavaThread "Monitor Deflation Thread"   daemon [_thread_blocked, id=27168, stack(0x0000004c2c300000,0x0000004c2c400000) (1024K)]
  0x000001f2f1f92dc0 JavaThread "C2 CompilerThread0"         daemon [_thread_blocked, id=33620, stack(0x0000004c2c400000,0x0000004c2c500000) (1024K)]
  0x000001f2f1f96850 JavaThread "C1 CompilerThread0"         daemon [_thread_blocked, id=12476, stack(0x0000004c2c500000,0x0000004c2c600000) (1024K)]
  0x000001f2f213c720 JavaThread "Common-Cleaner"             daemon [_thread_blocked, id=10512, stack(0x0000004c2c800000,0x0000004c2c900000) (1024K)]
  0x000001f2f80a77a0 JavaThread "Notification Thread"        daemon [_thread_blocked, id=31996, stack(0x0000004c2cb00000,0x0000004c2cc00000) (1024K)]
  0x000001f2f832df00 JavaThread "Active Thread: Equinox Container: 71bfb7aa-0a3d-41f9-9578-721cd9cc94f0"        [_thread_blocked, id=4616, stack(0x0000004c2d400000,0x0000004c2d500000) (1024K)]
  0x000001f2f8b5f160 JavaThread "Refresh Thread: Equinox Container: 71bfb7aa-0a3d-41f9-9578-721cd9cc94f0" daemon [_thread_blocked, id=10168, stack(0x0000004c2c600000,0x0000004c2c700000) (1024K)]
  0x000001f2f8b982e0 JavaThread "Framework Event Dispatcher: Equinox Container: 71bfb7aa-0a3d-41f9-9578-721cd9cc94f0" daemon [_thread_blocked, id=41052, stack(0x0000004c2c700000,0x0000004c2c800000) (1024K)]
  0x000001f2f8b99530 JavaThread "Start Level: Equinox Container: 71bfb7aa-0a3d-41f9-9578-721cd9cc94f0" daemon [_thread_blocked, id=42804, stack(0x0000004c2c900000,0x0000004c2ca00000) (1024K)]
  0x000001f2f87b3610 JavaThread "Bundle File Closer"         daemon [_thread_blocked, id=49100, stack(0x0000004c2d900000,0x0000004c2da00000) (1024K)]
  0x000001f2f86e1dd0 JavaThread "SCR Component Actor"        daemon [_thread_blocked, id=53800, stack(0x0000004c2ca00000,0x0000004c2cb00000) (1024K)]
  0x000001f2f20a9ca0 JavaThread "Worker-JM"                         [_thread_blocked, id=14936, stack(0x0000004c2da00000,0x0000004c2db00000) (1024K)]
  0x000001f2f20aa330 JavaThread "JNA Cleaner"                daemon [_thread_blocked, id=4764, stack(0x0000004c2d700000,0x0000004c2d800000) (1024K)]
  0x000001f2f20a7540 JavaThread "Java indexing"              daemon [_thread_blocked, id=25984, stack(0x0000004c2e500000,0x0000004c2e600000) (1024K)]
  0x000001f2f20a8260 JavaThread "Worker-3"                          [_thread_blocked, id=23336, stack(0x0000004c2ea00000,0x0000004c2eb00000) (1024K)]
  0x000001f2f20a88f0 JavaThread "Worker-4"                          [_thread_blocked, id=8952, stack(0x0000004c2eb00000,0x0000004c2ec00000) (1024K)]
  0x000001f2fbce69f0 JavaThread "Thread-1"                   daemon [_thread_in_native, id=20104, stack(0x0000004c2ec00000,0x0000004c2ed00000) (1024K)]
  0x000001f2fbce5640 JavaThread "Thread-2"                   daemon [_thread_in_native, id=14108, stack(0x0000004c2ed00000,0x0000004c2ee00000) (1024K)]
  0x000001f2fbce6360 JavaThread "Thread-3"                   daemon [_thread_in_native, id=25012, stack(0x0000004c2ee00000,0x0000004c2ef00000) (1024K)]
  0x000001f2fbce5cd0 JavaThread "Thread-4"                   daemon [_thread_in_native, id=46296, stack(0x0000004c2ef00000,0x0000004c2f000000) (1024K)]
  0x000001f2fbce7080 JavaThread "Thread-5"                   daemon [_thread_in_native, id=3200, stack(0x0000004c2f000000,0x0000004c2f100000) (1024K)]
  0x000001f2fbce7710 JavaThread "Thread-6"                   daemon [_thread_in_native, id=28580, stack(0x0000004c2f100000,0x0000004c2f200000) (1024K)]
  0x000001f2fbce7da0 JavaThread "Thread-7"                   daemon [_thread_in_native, id=25468, stack(0x0000004c2f200000,0x0000004c2f300000) (1024K)]
  0x000001f2fbce4920 JavaThread "Thread-8"                   daemon [_thread_in_native, id=31644, stack(0x0000004c2f300000,0x0000004c2f400000) (1024K)]
  0x000001f2fbce4fb0 JavaThread "Thread-9"                   daemon [_thread_in_native, id=38828, stack(0x0000004c2f400000,0x0000004c2f500000) (1024K)]
  0x000001f2fa6dace0 JavaThread "Thread-10"                  daemon [_thread_in_native, id=18188, stack(0x0000004c2f500000,0x0000004c2f600000) (1024K)]
  0x000001f2fa6d8c10 JavaThread "Thread-11"                  daemon [_thread_in_native, id=35420, stack(0x0000004c2f600000,0x0000004c2f700000) (1024K)]
  0x000001f2fa6d7ef0 JavaThread "Thread-12"                  daemon [_thread_in_native, id=41552, stack(0x0000004c2f700000,0x0000004c2f800000) (1024K)]
  0x000001f2fa6db370 JavaThread "Thread-13"                  daemon [_thread_in_native, id=43480, stack(0x0000004c2f800000,0x0000004c2f900000) (1024K)]
  0x000001f2fa6d8580 JavaThread "Thread-14"                  daemon [_thread_in_native, id=47992, stack(0x0000004c2f900000,0x0000004c2fa00000) (1024K)]
  0x000001f2fa6d9fc0 JavaThread "Thread-15"                  daemon [_thread_in_native, id=12156, stack(0x0000004c2fa00000,0x0000004c2fb00000) (1024K)]
  0x000001f2fa6da650 JavaThread "Thread-16"                  daemon [_thread_in_native, id=24268, stack(0x0000004c2fb00000,0x0000004c2fc00000) (1024K)]
  0x000001f2fa6dba00 JavaThread "Thread-17"                  daemon [_thread_in_native, id=37232, stack(0x0000004c2fc00000,0x0000004c2fd00000) (1024K)]
  0x000001f2fa6dc720 JavaThread "Thread-18"                  daemon [_thread_in_native, id=51104, stack(0x0000004c2fd00000,0x0000004c2fe00000) (1024K)]
  0x000001f2fa6d9930 JavaThread "Thread-19"                  daemon [_thread_in_native, id=10008, stack(0x0000004c2fe00000,0x0000004c2ff00000) (1024K)]
  0x000001f2fa6dc090 JavaThread "Thread-20"                  daemon [_thread_in_native, id=44528, stack(0x0000004c2ff00000,0x0000004c30000000) (1024K)]
  0x000001f2fa6d92a0 JavaThread "Thread-21"                  daemon [_thread_in_native, id=33608, stack(0x0000004c30000000,0x0000004c30100000) (1024K)]
  0x000001f2fa6df510 JavaThread "Thread-22"                  daemon [_thread_in_native, id=25712, stack(0x0000004c30100000,0x0000004c30200000) (1024K)]
  0x000001f2fa6de160 JavaThread "Thread-23"                  daemon [_thread_in_native, id=17576, stack(0x0000004c30200000,0x0000004c30300000) (1024K)]
  0x000001f2fa6dd440 JavaThread "pool-2-thread-1"                   [_thread_blocked, id=25172, stack(0x0000004c30300000,0x0000004c30400000) (1024K)]
  0x000001f2f96d7ea0 JavaThread "WorkspaceEventsHandler"            [_thread_blocked, id=12272, stack(0x0000004c30800000,0x0000004c30900000) (1024K)]
  0x000001f2f96d8530 JavaThread "pool-1-thread-1"                   [_thread_blocked, id=46208, stack(0x0000004c30900000,0x0000004c30a00000) (1024K)]
Total: 48

Other Threads:
  0x000001f2da06e990 VMThread "VM Thread"                           [id=45796, stack(0x0000004c2bd00000,0x0000004c2be00000) (1024K)]
  0x000001f2d9e3ca00 WatcherThread "VM Periodic Task Thread"        [id=49576, stack(0x0000004c2bc00000,0x0000004c2bd00000) (1024K)]
  0x000001f2d9fcbd60 WorkerThread "GC Thread#0"                     [id=38696, stack(0x0000004c2bb00000,0x0000004c2bc00000) (1024K)]
  0x000001f2f866d8d0 WorkerThread "GC Thread#1"                     [id=22116, stack(0x0000004c2cd00000,0x0000004c2ce00000) (1024K)]
  0x000001f2f8719ea0 WorkerThread "GC Thread#2"                     [id=48032, stack(0x0000004c2ce00000,0x0000004c2cf00000) (1024K)]
  0x000001f2f871a240 WorkerThread "GC Thread#3"                     [id=3040, stack(0x0000004c2cf00000,0x0000004c2d000000) (1024K)]
  0x000001f2f871a5e0 WorkerThread "GC Thread#4"                     [id=22536, stack(0x0000004c2d000000,0x0000004c2d100000) (1024K)]
  0x000001f2f8b27950 WorkerThread "GC Thread#5"                     [id=49644, stack(0x0000004c2d100000,0x0000004c2d200000) (1024K)]
  0x000001f2f871a980 WorkerThread "GC Thread#6"                     [id=21844, stack(0x0000004c2d200000,0x0000004c2d300000) (1024K)]
  0x000001f2f8b8acd0 WorkerThread "GC Thread#7"                     [id=29836, stack(0x0000004c2d500000,0x0000004c2d600000) (1024K)]
  0x000001f2f84b9140 WorkerThread "GC Thread#8"                     [id=27652, stack(0x0000004c2cc00000,0x0000004c2cd00000) (1024K)]
  0x000001f2f21de1b0 WorkerThread "GC Thread#9"                     [id=10056, stack(0x0000004c2d300000,0x0000004c2d400000) (1024K)]
  0x000001f2f21de8f0 WorkerThread "GC Thread#10"                    [id=37304, stack(0x0000004c2d600000,0x0000004c2d700000) (1024K)]
  0x000001f2f21de550 WorkerThread "GC Thread#11"                    [id=19860, stack(0x0000004c2df00000,0x0000004c2e000000) (1024K)]
  0x000001f2f21dde10 WorkerThread "GC Thread#12"                    [id=24480, stack(0x0000004c2e000000,0x0000004c2e100000) (1024K)]
  0x000001f2f21df030 WorkerThread "GC Thread#13"                    [id=42200, stack(0x0000004c2e100000,0x0000004c2e200000) (1024K)]
  0x000001f2f21dd6d0 WorkerThread "GC Thread#14"                    [id=21064, stack(0x0000004c2e200000,0x0000004c2e300000) (1024K)]
  0x000001f2f21dda70 WorkerThread "GC Thread#15"                    [id=48624, stack(0x0000004c2e300000,0x0000004c2e400000) (1024K)]
Total: 18

Threads with active compile tasks:
Total: 0

VM state: not at safepoint (normal execution)

VM Mutex/Monitor currently owned by a thread: None

Heap address: 0x0000000080000000, size: 2048 MB, Compressed Oops mode: 32-bit

CDS archive(s) mapped at: [0x000001f280000000-0x000001f280ba0000-0x000001f280ba0000), size 12189696, SharedBaseAddress: 0x000001f280000000, ArchiveRelocationMode: 1.
Compressed class space mapped at: 0x000001f281000000-0x000001f2c1000000, reserved size: 1073741824
Narrow klass base: 0x000001f280000000, Narrow klass shift: 0, Narrow klass range: 0x100000000

GC Precious Log:
 CardTable entry size: 512
 CPUs: 22 total, 22 available
 Memory: 15828M
 Large Page Support: Disabled
 NUMA Support: Disabled
 Compressed Oops: Enabled (32-bit)
 Alignments: Space 512K, Generation 512K, Heap 2M
 Heap Min Capacity: 100M
 Heap Initial Capacity: 100M
 Heap Max Capacity: 2G
 Pre-touch: Disabled
 Parallel Workers: 16

Heap:
 PSYoungGen      total 20992K, used 4950K [0x00000000d5580000, 0x00000000d6b80000, 0x0000000100000000)
  eden space 20480K, 22% used [0x00000000d5580000,0x00000000d5a05830,0x00000000d6980000)
  from space 512K, 62% used [0x00000000d6b00000,0x00000000d6b50000,0x00000000d6b80000)
  to   space 512K, 0% used [0x00000000d6a80000,0x00000000d6a80000,0x00000000d6b00000)
 ParOldGen       total 72704K, used 56081K [0x0000000080000000, 0x0000000084700000, 0x00000000d5580000)
  object space 72704K, 77% used [0x0000000080000000,0x00000000836c4700,0x0000000084700000)
 Metaspace       used 64476K, committed 65856K, reserved 1114112K
  class space    used 6863K, committed 7424K, reserved 1048576K

Card table byte_map: [0x000001f2d9950000,0x000001f2d9d60000] _byte_map_base: 0x000001f2d9550000

Marking Bits: (ParMarkBitMap*) 0x00007ffa3ccf2460
 Begin Bits: [0x000001f2ec460000, 0x000001f2ee460000)
 End Bits:   [0x000001f2ee460000, 0x000001f2f0460000)

Polling page: 0x000001f2d7b50000

Metaspace:

Usage:
  Non-class:     56.26 MB used.
      Class:      6.70 MB used.
       Both:     62.97 MB used.

Virtual space:
  Non-class space:       64.00 MB reserved,      57.06 MB ( 89%) committed,  1 nodes.
      Class space:        1.00 GB reserved,       7.25 MB ( <1%) committed,  1 nodes.
             Both:        1.06 GB reserved,      64.31 MB (  6%) committed. 

Chunk freelists:
   Non-Class:  6.36 MB
       Class:  8.70 MB
        Both:  15.06 MB

MaxMetaspaceSize: unlimited
CompressedClassSpaceSize: 1.00 GB
Initial GC threshold: 21.00 MB
Current GC threshold: 98.12 MB
CDS: on
 - commit_granule_bytes: 65536.
 - commit_granule_words: 8192.
 - virtual_space_node_default_size: 8388608.
 - enlarge_chunks_in_place: 1.
 - use_allocation_guard: 0.


Internal statistics:

num_allocs_failed_limit: 15.
num_arena_births: 1130.
num_arena_deaths: 22.
num_vsnodes_births: 2.
num_vsnodes_deaths: 0.
num_space_committed: 1029.
num_space_uncommitted: 0.
num_chunks_returned_to_freelist: 41.
num_chunks_taken_from_freelist: 3935.
num_chunk_merges: 24.
num_chunk_splits: 2430.
num_chunks_enlarged: 1357.
num_inconsistent_stats: 0.

CodeHeap 'non-profiled nmethods': size=119168Kb used=7706Kb max_used=7706Kb free=111461Kb
 bounds [0x000001f2e4d50000, 0x000001f2e54e0000, 0x000001f2ec1b0000]
CodeHeap 'profiled nmethods': size=119104Kb used=25268Kb max_used=25268Kb free=93835Kb
 bounds [0x000001f2dd1b0000, 0x000001f2dea60000, 0x000001f2e4600000]
CodeHeap 'non-nmethods': size=7488Kb used=1442Kb max_used=3188Kb free=6045Kb
 bounds [0x000001f2e4600000, 0x000001f2e4930000, 0x000001f2e4d50000]
CodeCache: size=245760Kb, used=34416Kb, max_used=36162Kb, free=211341Kb
 total_blobs=11965, nmethods=11213, adapters=658, full_count=0
Compilation: enabled, stopped_count=0, restarted_count=0

Compilation events (20 events):
Event: 18864.713 Thread 0x000001f2f1f92dc0 12052       4       org.eclipse.core.runtime.Assert::isNotNull (19 bytes)
Event: 18864.719 Thread 0x000001f2f1f92dc0 nmethod 12052 0x000001f2e54d3390 code [0x000001f2e54d3520, 0x000001f2e54d35a8]
Event: 19056.875 Thread 0x000001f2f1f92dc0 12053       4       java.util.concurrent.locks.AbstractQueuedSynchronizer$Node::clearStatus (12 bytes)
Event: 19056.881 Thread 0x000001f2f1f92dc0 nmethod 12053 0x000001f2e54d3690 code [0x000001f2e54d3820, 0x000001f2e54d38b0]
Event: 19073.853 Thread 0x000001f2f1f92dc0 12054       4       java.net.URI::<init> (13 bytes)
Event: 19073.889 Thread 0x000001f2f1f92dc0 nmethod 12054 0x000001f2e54d3990 code [0x000001f2e54d3b60, 0x000001f2e54d3e10]
Event: 19073.889 Thread 0x000001f2f1f92dc0 12055       4       java.net.URI::<init> (51 bytes)
Event: 19073.891 Thread 0x000001f2f1f92dc0 nmethod 12055 0x000001f2e54d4110 code [0x000001f2e54d42e0, 0x000001f2e54d4578]
Event: 19269.460 Thread 0x000001f2f1f92dc0 12056   !   4       java.util.concurrent.locks.AbstractQueuedSynchronizer::tryInitializeHead (66 bytes)
Event: 19269.463 Thread 0x000001f2f1f92dc0 nmethod 12056 0x000001f2e54d4810 code [0x000001f2e54d49a0, 0x000001f2e54d4b58]
Event: 19470.079 Thread 0x000001f2f1f92dc0 12057       4       java.util.concurrent.locks.ReentrantReadWriteLock$ReadLock::lock (9 bytes)
Event: 19470.100 Thread 0x000001f2f1f92dc0 nmethod 12057 0x000001f2e54d4c90 code [0x000001f2e54d4e60, 0x000001f2e54d51d0]
Event: 19889.227 Thread 0x000001f2f1f96850 12058   !   3       jdk.internal.ref.PhantomCleanable::isListEmpty (34 bytes)
Event: 19889.232 Thread 0x000001f2f1f96850 nmethod 12058 0x000001f2dea5ca90 code [0x000001f2dea5cc40, 0x000001f2dea5ce98]
Event: 19889.232 Thread 0x000001f2f1f96850 12059       3       jdk.internal.misc.InnocuousThread::eraseThreadLocals (23 bytes)
Event: 19889.236 Thread 0x000001f2f1f96850 nmethod 12059 0x000001f2dea5cf90 code [0x000001f2dea5d120, 0x000001f2dea5d288]
Event: 20167.742 Thread 0x000001f2f1f92dc0 12060       4       org.eclipse.core.internal.resources.Resource::isMember (65 bytes)
Event: 20167.749 Thread 0x000001f2f1f92dc0 nmethod 12060 0x000001f2e54d5590 code [0x000001f2e54d5720, 0x000001f2e54d5888]
Event: 20187.286 Thread 0x000001f2f1f92dc0 12061   !   4       org.eclipse.core.filesystem.URIUtil::toPath (76 bytes)
Event: 20187.366 Thread 0x000001f2f1f92dc0 nmethod 12061 0x000001f2e54d5990 code [0x000001f2e54d5ba0, 0x000001f2e54d6470]

GC Heap History (20 events):
Event: 60.752 GC heap before
{Heap before GC invocations=58 (full 3):
 PSYoungGen      total 21504K, used 21212K [0x00000000d5580000, 0x00000000d6b80000, 0x0000000100000000)
  eden space 20480K, 100% used [0x00000000d5580000,0x00000000d6980000,0x00000000d6980000)
  from space 1024K, 71% used [0x00000000d6a80000,0x00000000d6b37280,0x00000000d6b80000)
  to   space 1024K, 0% used [0x00000000d6980000,0x00000000d6980000,0x00000000d6a80000)
 ParOldGen       total 72704K, used 53555K [0x0000000080000000, 0x0000000084700000, 0x00000000d5580000)
  object space 72704K, 73% used [0x0000000080000000,0x000000008344cfb8,0x0000000084700000)
 Metaspace       used 62217K, committed 63552K, reserved 1114112K
  class space    used 6661K, committed 7232K, reserved 1048576K
}
Event: 60.754 GC heap after
{Heap after GC invocations=58 (full 3):
 PSYoungGen      total 21504K, used 1022K [0x00000000d5580000, 0x00000000d6d80000, 0x0000000100000000)
  eden space 20480K, 0% used [0x00000000d5580000,0x00000000d5580000,0x00000000d6980000)
  from space 1024K, 99% used [0x00000000d6980000,0x00000000d6a7faf0,0x00000000d6a80000)
  to   space 2048K, 0% used [0x00000000d6b80000,0x00000000d6b80000,0x00000000d6d80000)
 ParOldGen       total 72704K, used 54217K [0x0000000080000000, 0x0000000084700000, 0x00000000d5580000)
  object space 72704K, 74% used [0x0000000080000000,0x00000000834f2578,0x0000000084700000)
 Metaspace       used 62217K, committed 63552K, reserved 1114112K
  class space    used 6661K, committed 7232K, reserved 1048576K
}
Event: 60.854 GC heap before
{Heap before GC invocations=59 (full 3):
 PSYoungGen      total 21504K, used 21502K [0x00000000d5580000, 0x00000000d6d80000, 0x0000000100000000)
  eden space 20480K, 100% used [0x00000000d5580000,0x00000000d6980000,0x00000000d6980000)
  from space 1024K, 99% used [0x00000000d6980000,0x00000000d6a7faf0,0x00000000d6a80000)
  to   space 2048K, 0% used [0x00000000d6b80000,0x00000000d6b80000,0x00000000d6d80000)
 ParOldGen       total 72704K, used 54217K [0x0000000080000000, 0x0000000084700000, 0x00000000d5580000)
  object space 72704K, 74% used [0x0000000080000000,0x00000000834f2578,0x0000000084700000)
 Metaspace       used 62242K, committed 63616K, reserved 1114112K
  class space    used 6661K, committed 7232K, reserved 1048576K
}
Event: 60.855 GC heap after
{Heap after GC invocations=59 (full 3):
 PSYoungGen      total 21504K, used 589K [0x00000000d5580000, 0x00000000d6c80000, 0x0000000100000000)
  eden space 20480K, 0% used [0x00000000d5580000,0x00000000d5580000,0x00000000d6980000)
  from space 1024K, 57% used [0x00000000d6b80000,0x00000000d6c13650,0x00000000d6c80000)
  to   space 1024K, 0% used [0x00000000d6980000,0x00000000d6980000,0x00000000d6a80000)
 ParOldGen       total 72704K, used 55125K [0x0000000080000000, 0x0000000084700000, 0x00000000d5580000)
  object space 72704K, 75% used [0x0000000080000000,0x00000000835d56f0,0x0000000084700000)
 Metaspace       used 62242K, committed 63616K, reserved 1114112K
  class space    used 6661K, committed 7232K, reserved 1048576K
}
Event: 61.024 GC heap before
{Heap before GC invocations=60 (full 3):
 PSYoungGen      total 21504K, used 21069K [0x00000000d5580000, 0x00000000d6c80000, 0x0000000100000000)
  eden space 20480K, 100% used [0x00000000d5580000,0x00000000d6980000,0x00000000d6980000)
  from space 1024K, 57% used [0x00000000d6b80000,0x00000000d6c13650,0x00000000d6c80000)
  to   space 1024K, 0% used [0x00000000d6980000,0x00000000d6980000,0x00000000d6a80000)
 ParOldGen       total 72704K, used 55125K [0x0000000080000000, 0x0000000084700000, 0x00000000d5580000)
  object space 72704K, 75% used [0x0000000080000000,0x00000000835d56f0,0x0000000084700000)
 Metaspace       used 63431K, committed 64832K, reserved 1114112K
  class space    used 6770K, committed 7360K, reserved 1048576K
}
Event: 61.026 GC heap after
{Heap after GC invocations=60 (full 3):
 PSYoungGen      total 21504K, used 448K [0x00000000d5580000, 0x00000000d6c00000, 0x0000000100000000)
  eden space 20480K, 0% used [0x00000000d5580000,0x00000000d5580000,0x00000000d6980000)
  from space 1024K, 43% used [0x00000000d6980000,0x00000000d69f0000,0x00000000d6a80000)
  to   space 1024K, 0% used [0x00000000d6b00000,0x00000000d6b00000,0x00000000d6c00000)
 ParOldGen       total 72704K, used 55293K [0x0000000080000000, 0x0000000084700000, 0x00000000d5580000)
  object space 72704K, 76% used [0x0000000080000000,0x00000000835ff6f0,0x0000000084700000)
 Metaspace       used 63431K, committed 64832K, reserved 1114112K
  class space    used 6770K, committed 7360K, reserved 1048576K
}
Event: 1650.335 GC heap before
{Heap before GC invocations=61 (full 3):
 PSYoungGen      total 21504K, used 20928K [0x00000000d5580000, 0x00000000d6c00000, 0x0000000100000000)
  eden space 20480K, 100% used [0x00000000d5580000,0x00000000d6980000,0x00000000d6980000)
  from space 1024K, 43% used [0x00000000d6980000,0x00000000d69f0000,0x00000000d6a80000)
  to   space 1024K, 0% used [0x00000000d6b00000,0x00000000d6b00000,0x00000000d6c00000)
 ParOldGen       total 72704K, used 55293K [0x0000000080000000, 0x0000000084700000, 0x00000000d5580000)
  object space 72704K, 76% used [0x0000000080000000,0x00000000835ff6f0,0x0000000084700000)
 Metaspace       used 64223K, committed 65536K, reserved 1114112K
  class space    used 6860K, committed 7424K, reserved 1048576K
}
Event: 1650.396 GC heap after
{Heap after GC invocations=61 (full 3):
 PSYoungGen      total 20992K, used 512K [0x00000000d5580000, 0x00000000d6b80000, 0x0000000100000000)
  eden space 20480K, 0% used [0x00000000d5580000,0x00000000d5580000,0x00000000d6980000)
  from space 512K, 100% used [0x00000000d6b00000,0x00000000d6b80000,0x00000000d6b80000)
  to   space 1024K, 0% used [0x00000000d6980000,0x00000000d6980000,0x00000000d6a80000)
 ParOldGen       total 72704K, used 55485K [0x0000000080000000, 0x0000000084700000, 0x00000000d5580000)
  object space 72704K, 76% used [0x0000000080000000,0x000000008362f6f0,0x0000000084700000)
 Metaspace       used 64223K, committed 65536K, reserved 1114112K
  class space    used 6860K, committed 7424K, reserved 1048576K
}
Event: 7644.367 GC heap before
{Heap before GC invocations=62 (full 3):
 PSYoungGen      total 20992K, used 20992K [0x00000000d5580000, 0x00000000d6b80000, 0x0000000100000000)
  eden space 20480K, 100% used [0x00000000d5580000,0x00000000d6980000,0x00000000d6980000)
  from space 512K, 100% used [0x00000000d6b00000,0x00000000d6b80000,0x00000000d6b80000)
  to   space 1024K, 0% used [0x00000000d6980000,0x00000000d6980000,0x00000000d6a80000)
 ParOldGen       total 72704K, used 55485K [0x0000000080000000, 0x0000000084700000, 0x00000000d5580000)
  object space 72704K, 76% used [0x0000000080000000,0x000000008362f6f0,0x0000000084700000)
 Metaspace       used 64288K, committed 65600K, reserved 1114112K
  class space    used 6863K, committed 7424K, reserved 1048576K
}
Event: 7644.390 GC heap after
{Heap after GC invocations=62 (full 3):
 PSYoungGen      total 21504K, used 480K [0x00000000d5580000, 0x00000000d6b80000, 0x0000000100000000)
  eden space 20480K, 0% used [0x00000000d5580000,0x00000000d5580000,0x00000000d6980000)
  from space 1024K, 46% used [0x00000000d6980000,0x00000000d69f8000,0x00000000d6a80000)
  to   space 512K, 0% used [0x00000000d6b00000,0x00000000d6b00000,0x00000000d6b80000)
 ParOldGen       total 72704K, used 55785K [0x0000000080000000, 0x0000000084700000, 0x00000000d5580000)
  object space 72704K, 76% used [0x0000000080000000,0x000000008367a700,0x0000000084700000)
 Metaspace       used 64288K, committed 65600K, reserved 1114112K
  class space    used 6863K, committed 7424K, reserved 1048576K
}
Event: 8982.418 GC heap before
{Heap before GC invocations=63 (full 3):
 PSYoungGen      total 21504K, used 20960K [0x00000000d5580000, 0x00000000d6b80000, 0x0000000100000000)
  eden space 20480K, 100% used [0x00000000d5580000,0x00000000d6980000,0x00000000d6980000)
  from space 1024K, 46% used [0x00000000d6980000,0x00000000d69f8000,0x00000000d6a80000)
  to   space 512K, 0% used [0x00000000d6b00000,0x00000000d6b00000,0x00000000d6b80000)
 ParOldGen       total 72704K, used 55785K [0x0000000080000000, 0x0000000084700000, 0x00000000d5580000)
  object space 72704K, 76% used [0x0000000080000000,0x000000008367a700,0x0000000084700000)
 Metaspace       used 64387K, committed 65664K, reserved 1114112K
  class space    used 6863K, committed 7424K, reserved 1048576K
}
Event: 8982.439 GC heap after
{Heap after GC invocations=63 (full 3):
 PSYoungGen      total 20992K, used 416K [0x00000000d5580000, 0x00000000d6b80000, 0x0000000100000000)
  eden space 20480K, 0% used [0x00000000d5580000,0x00000000d5580000,0x00000000d6980000)
  from space 512K, 81% used [0x00000000d6b00000,0x00000000d6b68000,0x00000000d6b80000)
  to   space 512K, 0% used [0x00000000d6a80000,0x00000000d6a80000,0x00000000d6b00000)
 ParOldGen       total 72704K, used 55881K [0x0000000080000000, 0x0000000084700000, 0x00000000d5580000)
  object space 72704K, 76% used [0x0000000080000000,0x0000000083692700,0x0000000084700000)
 Metaspace       used 64387K, committed 65664K, reserved 1114112K
  class space    used 6863K, committed 7424K, reserved 1048576K
}
Event: 10985.165 GC heap before
{Heap before GC invocations=64 (full 3):
 PSYoungGen      total 20992K, used 20896K [0x00000000d5580000, 0x00000000d6b80000, 0x0000000100000000)
  eden space 20480K, 100% used [0x00000000d5580000,0x00000000d6980000,0x00000000d6980000)
  from space 512K, 81% used [0x00000000d6b00000,0x00000000d6b68000,0x00000000d6b80000)
  to   space 512K, 0% used [0x00000000d6a80000,0x00000000d6a80000,0x00000000d6b00000)
 ParOldGen       total 72704K, used 55881K [0x0000000080000000, 0x0000000084700000, 0x00000000d5580000)
  object space 72704K, 76% used [0x0000000080000000,0x0000000083692700,0x0000000084700000)
 Metaspace       used 64467K, committed 65792K, reserved 1114112K
  class space    used 6863K, committed 7424K, reserved 1048576K
}
Event: 10985.187 GC heap after
{Heap after GC invocations=64 (full 3):
 PSYoungGen      total 20992K, used 416K [0x00000000d5580000, 0x00000000d6b80000, 0x0000000100000000)
  eden space 20480K, 0% used [0x00000000d5580000,0x00000000d5580000,0x00000000d6980000)
  from space 512K, 81% used [0x00000000d6a80000,0x00000000d6ae8000,0x00000000d6b00000)
  to   space 512K, 0% used [0x00000000d6b00000,0x00000000d6b00000,0x00000000d6b80000)
 ParOldGen       total 72704K, used 55913K [0x0000000080000000, 0x0000000084700000, 0x00000000d5580000)
  object space 72704K, 76% used [0x0000000080000000,0x000000008369a700,0x0000000084700000)
 Metaspace       used 64467K, committed 65792K, reserved 1114112K
  class space    used 6863K, committed 7424K, reserved 1048576K
}
Event: 12769.002 GC heap before
{Heap before GC invocations=65 (full 3):
 PSYoungGen      total 20992K, used 20896K [0x00000000d5580000, 0x00000000d6b80000, 0x0000000100000000)
  eden space 20480K, 100% used [0x00000000d5580000,0x00000000d6980000,0x00000000d6980000)
  from space 512K, 81% used [0x00000000d6a80000,0x00000000d6ae8000,0x00000000d6b00000)
  to   space 512K, 0% used [0x00000000d6b00000,0x00000000d6b00000,0x00000000d6b80000)
 ParOldGen       total 72704K, used 55913K [0x0000000080000000, 0x0000000084700000, 0x00000000d5580000)
  object space 72704K, 76% used [0x0000000080000000,0x000000008369a700,0x0000000084700000)
 Metaspace       used 64474K, committed 65856K, reserved 1114112K
  class space    used 6863K, committed 7424K, reserved 1048576K
}
Event: 12769.023 GC heap after
{Heap after GC invocations=65 (full 3):
 PSYoungGen      total 20992K, used 160K [0x00000000d5580000, 0x00000000d6b80000, 0x0000000100000000)
  eden space 20480K, 0% used [0x00000000d5580000,0x00000000d5580000,0x00000000d6980000)
  from space 512K, 31% used [0x00000000d6b00000,0x00000000d6b28000,0x00000000d6b80000)
  to   space 512K, 0% used [0x00000000d6a80000,0x00000000d6a80000,0x00000000d6b00000)
 ParOldGen       total 72704K, used 56001K [0x0000000080000000, 0x0000000084700000, 0x00000000d5580000)
  object space 72704K, 77% used [0x0000000080000000,0x00000000836b0700,0x0000000084700000)
 Metaspace       used 64474K, committed 65856K, reserved 1114112K
  class space    used 6863K, committed 7424K, reserved 1048576K
}
Event: 17789.310 GC heap before
{Heap before GC invocations=66 (full 3):
 PSYoungGen      total 20992K, used 20640K [0x00000000d5580000, 0x00000000d6b80000, 0x0000000100000000)
  eden space 20480K, 100% used [0x00000000d5580000,0x00000000d6980000,0x00000000d6980000)
  from space 512K, 31% used [0x00000000d6b00000,0x00000000d6b28000,0x00000000d6b80000)
  to   space 512K, 0% used [0x00000000d6a80000,0x00000000d6a80000,0x00000000d6b00000)
 ParOldGen       total 72704K, used 56001K [0x0000000080000000, 0x0000000084700000, 0x00000000d5580000)
  object space 72704K, 77% used [0x0000000080000000,0x00000000836b0700,0x0000000084700000)
 Metaspace       used 64475K, committed 65856K, reserved 1114112K
  class space    used 6863K, committed 7424K, reserved 1048576K
}
Event: 17789.332 GC heap after
{Heap after GC invocations=66 (full 3):
 PSYoungGen      total 20992K, used 384K [0x00000000d5580000, 0x00000000d6b80000, 0x0000000100000000)
  eden space 20480K, 0% used [0x00000000d5580000,0x00000000d5580000,0x00000000d6980000)
  from space 512K, 75% used [0x00000000d6a80000,0x00000000d6ae0000,0x00000000d6b00000)
  to   space 512K, 0% used [0x00000000d6b00000,0x00000000d6b00000,0x00000000d6b80000)
 ParOldGen       total 72704K, used 56001K [0x0000000080000000, 0x0000000084700000, 0x00000000d5580000)
  object space 72704K, 77% used [0x0000000080000000,0x00000000836b0700,0x0000000084700000)
 Metaspace       used 64475K, committed 65856K, reserved 1114112K
  class space    used 6863K, committed 7424K, reserved 1048576K
}
Event: 19788.023 GC heap before
{Heap before GC invocations=67 (full 3):
 PSYoungGen      total 20992K, used 20864K [0x00000000d5580000, 0x00000000d6b80000, 0x0000000100000000)
  eden space 20480K, 100% used [0x00000000d5580000,0x00000000d6980000,0x00000000d6980000)
  from space 512K, 75% used [0x00000000d6a80000,0x00000000d6ae0000,0x00000000d6b00000)
  to   space 512K, 0% used [0x00000000d6b00000,0x00000000d6b00000,0x00000000d6b80000)
 ParOldGen       total 72704K, used 56001K [0x0000000080000000, 0x0000000084700000, 0x00000000d5580000)
  object space 72704K, 77% used [0x0000000080000000,0x00000000836b0700,0x0000000084700000)
 Metaspace       used 64475K, committed 65856K, reserved 1114112K
  class space    used 6863K, committed 7424K, reserved 1048576K
}
Event: 19788.046 GC heap after
{Heap after GC invocations=67 (full 3):
 PSYoungGen      total 20992K, used 320K [0x00000000d5580000, 0x00000000d6b80000, 0x0000000100000000)
  eden space 20480K, 0% used [0x00000000d5580000,0x00000000d5580000,0x00000000d6980000)
  from space 512K, 62% used [0x00000000d6b00000,0x00000000d6b50000,0x00000000d6b80000)
  to   space 512K, 0% used [0x00000000d6a80000,0x00000000d6a80000,0x00000000d6b00000)
 ParOldGen       total 72704K, used 56081K [0x0000000080000000, 0x0000000084700000, 0x00000000d5580000)
  object space 72704K, 77% used [0x0000000080000000,0x00000000836c4700,0x0000000084700000)
 Metaspace       used 64475K, committed 65856K, reserved 1114112K
  class space    used 6863K, committed 7424K, reserved 1048576K
}

Dll operation events (12 events):
Event: 0.012 Loaded shared library c:\Users\noahc\.vscode\extensions\redhat.java-1.52.0-win32-x64\jre\21.0.9-win32-x86_64\bin\java.dll
Event: 0.042 Loaded shared library c:\Users\noahc\.vscode\extensions\redhat.java-1.52.0-win32-x64\jre\21.0.9-win32-x86_64\bin\zip.dll
Event: 0.108 Loaded shared library C:\Users\noahc\.vscode\extensions\redhat.java-1.52.0-win32-x64\jre\21.0.9-win32-x86_64\bin\instrument.dll
Event: 0.116 Loaded shared library C:\Users\noahc\.vscode\extensions\redhat.java-1.52.0-win32-x64\jre\21.0.9-win32-x86_64\bin\net.dll
Event: 0.121 Loaded shared library C:\Users\noahc\.vscode\extensions\redhat.java-1.52.0-win32-x64\jre\21.0.9-win32-x86_64\bin\nio.dll
Event: 0.126 Loaded shared library C:\Users\noahc\.vscode\extensions\redhat.java-1.52.0-win32-x64\jre\21.0.9-win32-x86_64\bin\zip.dll
Event: 0.147 Loaded shared library C:\Users\noahc\.vscode\extensions\redhat.java-1.52.0-win32-x64\jre\21.0.9-win32-x86_64\bin\jimage.dll
Event: 0.239 Loaded shared library c:\Users\noahc\.vscode\extensions\redhat.java-1.52.0-win32-x64\jre\21.0.9-win32-x86_64\bin\verify.dll
Event: 14.411 Loaded shared library C:\Users\noahc\AppData\Roaming\Code\User\globalStorage\redhat.java\1.52.0\config_win\org.eclipse.equinox.launcher\org.eclipse.equinox.launcher.win32.win32.x86_64_1.2.1500.v20260121-1430\eclipse_11919.dll
Event: 31.846 Loaded shared library C:\Users\noahc\AppData\Local\Temp\jna-104990651\jna4400655692480405999.dll
Event: 34.121 Loaded shared library C:\Users\noahc\.vscode\extensions\redhat.java-1.52.0-win32-x64\jre\21.0.9-win32-x86_64\bin\sunmscapi.dll
Event: 34.339 Loaded shared library C:\Users\noahc\.vscode\extensions\redhat.java-1.52.0-win32-x64\jre\21.0.9-win32-x86_64\bin\extnet.dll

Deoptimization events (20 events):
Event: 61.518 Thread 0x000001f2f832df00 DEOPT PACKING pc=0x000001f2ddab4cd6 sp=0x0000004c2d4feda0
Event: 61.518 Thread 0x000001f2f832df00 DEOPT UNPACKING pc=0x000001f2e4654242 sp=0x0000004c2d4fe2f8 mode 0
Event: 61.519 Thread 0x000001f2f832df00 DEOPT PACKING pc=0x000001f2ddab4cd6 sp=0x0000004c2d4feda0
Event: 61.519 Thread 0x000001f2f832df00 DEOPT UNPACKING pc=0x000001f2e4654242 sp=0x0000004c2d4fe2f8 mode 0
Event: 61.521 Thread 0x000001f2f832df00 DEOPT PACKING pc=0x000001f2ddab4cd6 sp=0x0000004c2d4feda0
Event: 61.521 Thread 0x000001f2f832df00 DEOPT UNPACKING pc=0x000001f2e4654242 sp=0x0000004c2d4fe2f8 mode 0
Event: 61.522 Thread 0x000001f2f832df00 DEOPT PACKING pc=0x000001f2ddab4cd6 sp=0x0000004c2d4feda0
Event: 61.522 Thread 0x000001f2f832df00 DEOPT UNPACKING pc=0x000001f2e4654242 sp=0x0000004c2d4fe2f8 mode 0
Event: 61.524 Thread 0x000001f2f832df00 DEOPT PACKING pc=0x000001f2ddab4cd6 sp=0x0000004c2d4feda0
Event: 61.524 Thread 0x000001f2f832df00 DEOPT UNPACKING pc=0x000001f2e4654242 sp=0x0000004c2d4fe2f8 mode 0
Event: 61.524 Thread 0x000001f2f832df00 DEOPT PACKING pc=0x000001f2ddab4cd6 sp=0x0000004c2d4feda0
Event: 61.524 Thread 0x000001f2f832df00 DEOPT UNPACKING pc=0x000001f2e4654242 sp=0x0000004c2d4fe2f8 mode 0
Event: 61.525 Thread 0x000001f2f832df00 DEOPT PACKING pc=0x000001f2ddab4cd6 sp=0x0000004c2d4feda0
Event: 61.525 Thread 0x000001f2f832df00 DEOPT UNPACKING pc=0x000001f2e4654242 sp=0x0000004c2d4fe2f8 mode 0
Event: 61.527 Thread 0x000001f2f832df00 DEOPT PACKING pc=0x000001f2ddab4cd6 sp=0x0000004c2d4feda0
Event: 61.527 Thread 0x000001f2f832df00 DEOPT UNPACKING pc=0x000001f2e4654242 sp=0x0000004c2d4fe2f8 mode 0
Event: 1521.393 Thread 0x000001f2f96d7ea0 DEOPT PACKING pc=0x000001f2de941bc1 sp=0x0000004c308fe8e0
Event: 1521.395 Thread 0x000001f2f96d7ea0 DEOPT UNPACKING pc=0x000001f2e4654242 sp=0x0000004c308fddc0 mode 0
Event: 8413.684 Thread 0x000001f2f96d8530 DEOPT PACKING pc=0x000001f2de986144 sp=0x0000004c309fe620
Event: 8413.685 Thread 0x000001f2f96d8530 DEOPT UNPACKING pc=0x000001f2e4654242 sp=0x0000004c309fdb00 mode 0

Classes loaded (20 events):
Event: 58.912 Loading class java/util/AbstractList$RandomAccessSubList
Event: 58.913 Loading class java/util/AbstractList$SubList
Event: 58.913 Loading class java/util/AbstractList$SubList done
Event: 58.913 Loading class java/util/AbstractList$RandomAccessSubList done
Event: 58.914 Loading class java/util/AbstractList$SubList$1
Event: 58.914 Loading class java/util/AbstractList$SubList$1 done
Event: 60.550 Loading class java/util/regex/Pattern$Caret
Event: 60.550 Loading class java/util/regex/Pattern$Caret done
Event: 61.099 Loading class java/util/Hashtable$ValueCollection
Event: 61.100 Loading class java/util/Hashtable$ValueCollection done
Event: 61.202 Loading class java/util/stream/ReferencePipeline$4
Event: 61.203 Loading class java/util/stream/ReferencePipeline$4 done
Event: 61.204 Loading class java/util/stream/Nodes$IntFixedNodeBuilder
Event: 61.204 Loading class java/util/stream/Node$Builder$OfInt
Event: 61.205 Loading class java/util/stream/Node$Builder$OfInt done
Event: 61.205 Loading class java/util/stream/Nodes$IntArrayNode
Event: 61.205 Loading class java/util/stream/Nodes$IntArrayNode done
Event: 61.205 Loading class java/util/stream/Nodes$IntFixedNodeBuilder done
Event: 61.206 Loading class java/util/stream/ReferencePipeline$4$1
Event: 61.206 Loading class java/util/stream/ReferencePipeline$4$1 done

Classes unloaded (11 events):
Event: 32.449 Thread 0x000001f2da06e990 Unloading class 0x000001f2811a3c00 'java/lang/invoke/LambdaForm$MH+0x000001f2811a3c00'
Event: 32.449 Thread 0x000001f2da06e990 Unloading class 0x000001f2811a3800 'java/lang/invoke/LambdaForm$MH+0x000001f2811a3800'
Event: 32.449 Thread 0x000001f2da06e990 Unloading class 0x000001f2811a3400 'java/lang/invoke/LambdaForm$MH+0x000001f2811a3400'
Event: 32.449 Thread 0x000001f2da06e990 Unloading class 0x000001f2811a3000 'java/lang/invoke/LambdaForm$MH+0x000001f2811a3000'
Event: 32.449 Thread 0x000001f2da06e990 Unloading class 0x000001f2811a2c00 'java/lang/invoke/LambdaForm$BMH+0x000001f2811a2c00'
Event: 32.449 Thread 0x000001f2da06e990 Unloading class 0x000001f2811a2800 'java/lang/invoke/LambdaForm$DMH+0x000001f2811a2800'
Event: 32.449 Thread 0x000001f2da06e990 Unloading class 0x000001f2811a1800 'java/lang/invoke/LambdaForm$DMH+0x000001f2811a1800'
Event: 59.171 Thread 0x000001f2da06e990 Unloading class 0x000001f28168d000 'java/lang/invoke/LambdaForm$DMH+0x000001f28168d000'
Event: 59.171 Thread 0x000001f2da06e990 Unloading class 0x000001f28168c800 'java/lang/invoke/LambdaForm$DMH+0x000001f28168c800'
Event: 59.171 Thread 0x000001f2da06e990 Unloading class 0x000001f28168cc00 'java/lang/invoke/LambdaForm$DMH+0x000001f28168cc00'
Event: 59.171 Thread 0x000001f2da06e990 Unloading class 0x000001f28168c000 'java/lang/invoke/LambdaForm$DMH+0x000001f28168c000'

Classes redefined (0 events):
No events

Internal exceptions (20 events):
Event: 38.514 Thread 0x000001f2f20a8260 Exception <a 'java/lang/NoSuchMethodError'{0x00000000d63ca6d8}: 'void java.lang.invoke.DirectMethodHandle$Holder.invokeVirtual(java.lang.Object, java.lang.Object, int)'> (0x00000000d63ca6d8) 
thrown [s\src\hotspot\share\interpreter\linkResolver.cpp, line 773]
Event: 41.741 Thread 0x000001f2f20a8260 Exception <a 'java/lang/NoSuchMethodError'{0x00000000d6a32678}: 'void java.lang.invoke.DirectMethodHandle$Holder.invokeInterface(java.lang.Object, java.lang.Object)'> (0x00000000d6a32678) 
thrown [s\src\hotspot\share\interpreter\linkResolver.cpp, line 773]
Event: 44.219 Thread 0x000001f2f20a8260 Implicit null exception at 0x000001f2e4ea99af to 0x000001f2e4ea9b60
Event: 44.219 Thread 0x000001f2f20a8260 Implicit null exception at 0x000001f2e4ea8423 to 0x000001f2e4ea85c8
Event: 44.459 Thread 0x000001f2f20a8260 Exception <a 'sun/nio/fs/WindowsException'{0x00000000d6373950}> (0x00000000d6373950) 
thrown [s\src\hotspot\share\prims\jni.cpp, line 520]
Event: 44.459 Thread 0x000001f2f20a8260 Exception <a 'sun/nio/fs/WindowsException'{0x00000000d6373f80}> (0x00000000d6373f80) 
thrown [s\src\hotspot\share\prims\jni.cpp, line 520]
Event: 54.244 Thread 0x000001f2f96d8bc0 Exception <a 'sun/nio/fs/WindowsException'{0x00000000d5d5ebb0}> (0x00000000d5d5ebb0) 
thrown [s\src\hotspot\share\prims\jni.cpp, line 520]
Event: 54.244 Thread 0x000001f2f96d8bc0 Exception <a 'sun/nio/fs/WindowsException'{0x00000000d5d5f4b0}> (0x00000000d5d5f4b0) 
thrown [s\src\hotspot\share\prims\jni.cpp, line 520]
Event: 54.245 Thread 0x000001f2f96d8bc0 Exception <a 'sun/nio/fs/WindowsException'{0x00000000d5d601f8}> (0x00000000d5d601f8) 
thrown [s\src\hotspot\share\prims\jni.cpp, line 520]
Event: 54.245 Thread 0x000001f2f96d8bc0 Exception <a 'sun/nio/fs/WindowsException'{0x00000000d5d60ad8}> (0x00000000d5d60ad8) 
thrown [s\src\hotspot\share\prims\jni.cpp, line 520]
Event: 54.245 Thread 0x000001f2f96d8bc0 Exception <a 'sun/nio/fs/WindowsException'{0x00000000d5d622b0}> (0x00000000d5d622b0) 
thrown [s\src\hotspot\share\prims\jni.cpp, line 520]
Event: 54.246 Thread 0x000001f2f96d8bc0 Exception <a 'sun/nio/fs/WindowsException'{0x00000000d5d62b90}> (0x00000000d5d62b90) 
thrown [s\src\hotspot\share\prims\jni.cpp, line 520]
Event: 54.251 Thread 0x000001f2f96d8bc0 Exception <a 'sun/nio/fs/WindowsException'{0x00000000d5e37cc8}> (0x00000000d5e37cc8) 
thrown [s\src\hotspot\share\prims\jni.cpp, line 520]
Event: 54.251 Thread 0x000001f2f96d8bc0 Exception <a 'sun/nio/fs/WindowsException'{0x00000000d5e385a8}> (0x00000000d5e385a8) 
thrown [s\src\hotspot\share\prims\jni.cpp, line 520]
Event: 57.174 Thread 0x000001f2f20a8260 Implicit null exception at 0x000001f2e53831cb to 0x000001f2e5383b80
Event: 58.278 Thread 0x000001f2f20a8260 Implicit null exception at 0x000001f2e539d703 to 0x000001f2e53a1240
Event: 58.314 Thread 0x000001f2f20a8260 Implicit null exception at 0x000001f2e53678a8 to 0x000001f2e536816c
Event: 59.467 Thread 0x000001f2f20a8260 Exception <a 'java/lang/NoSuchMethodError'{0x00000000d5a252b8}: 'java.lang.Object java.lang.invoke.DirectMethodHandle$Holder.invokeVirtual(java.lang.Object, java.lang.Object, int)'> (0x00000000d5a252b8) 
thrown [s\src\hotspot\share\interpreter\linkResolver.cpp, line 773]
Event: 61.128 Thread 0x000001f2f20a8260 Exception <a 'java/lang/NoSuchMethodError'{0x00000000d580da10}: 'java.lang.Object java.lang.invoke.DirectMethodHandle$Holder.invokeStatic(java.lang.Object, java.lang.Object, int, java.lang.Object)'> (0x00000000d580da10) 
thrown [s\src\hotspot\share\interpreter\linkResolver.cpp, line 773]
Event: 61.129 Thread 0x000001f2f20a8260 Exception <a 'java/lang/NoSuchMethodError'{0x00000000d5814040}: 'java.lang.Object java.lang.invoke.DirectMethodHandle$Holder.newInvokeSpecial(java.lang.Object, java.lang.Object, int)'> (0x00000000d5814040) 
thrown [s\src\hotspot\share\interpreter\linkResolver.cpp, line 773]

ZGC Phase Switch (0 events):
No events

VM Operations (20 events):
Event: 18420.191 Executing VM operation: RendezvousGCThreads
Event: 18420.191 Executing VM operation: RendezvousGCThreads done
Event: 18901.205 Executing VM operation: HandshakeAllThreads (HandshakeForDeflation)
Event: 18901.205 Executing VM operation: HandshakeAllThreads (HandshakeForDeflation) done
Event: 18901.206 Executing VM operation: RendezvousGCThreads
Event: 18901.206 Executing VM operation: RendezvousGCThreads done
Event: 19021.669 Executing VM operation: HandshakeAllThreads (HandshakeForDeflation)
Event: 19021.669 Executing VM operation: HandshakeAllThreads (HandshakeForDeflation) done
Event: 19021.669 Executing VM operation: RendezvousGCThreads
Event: 19021.669 Executing VM operation: RendezvousGCThreads done
Event: 19201.978 Executing VM operation: HandshakeAllThreads (HandshakeForDeflation)
Event: 19201.978 Executing VM operation: HandshakeAllThreads (HandshakeForDeflation) done
Event: 19201.978 Executing VM operation: RendezvousGCThreads
Event: 19201.978 Executing VM operation: RendezvousGCThreads done
Event: 19788.020 Executing VM operation: ParallelGCFailedAllocation (Allocation Failure)
Event: 19788.046 Executing VM operation: ParallelGCFailedAllocation (Allocation Failure) done
Event: 19803.013 Executing VM operation: HandshakeAllThreads (HandshakeForDeflation)
Event: 19803.013 Executing VM operation: HandshakeAllThreads (HandshakeForDeflation) done
Event: 19803.014 Executing VM operation: RendezvousGCThreads
Event: 19803.014 Executing VM operation: RendezvousGCThreads done

Memory protections (0 events):
No events

Nmethod flushes (20 events):
Event: 59.222 Thread 0x000001f2da06e990 flushing  nmethod 0x000001f2ddae9490
Event: 59.222 Thread 0x000001f2da06e990 flushing  nmethod 0x000001f2ddaee790
Event: 59.222 Thread 0x000001f2da06e990 flushing  nmethod 0x000001f2ddaf0490
Event: 59.222 Thread 0x000001f2da06e990 flushing  nmethod 0x000001f2ddb20490
Event: 59.222 Thread 0x000001f2da06e990 flushing  nmethod 0x000001f2ddb6ff10
Event: 59.222 Thread 0x000001f2da06e990 flushing  nmethod 0x000001f2ddb8fe10
Event: 59.222 Thread 0x000001f2da06e990 flushing  nmethod 0x000001f2ddba0b90
Event: 59.222 Thread 0x000001f2da06e990 flushing  nmethod 0x000001f2ddba1a10
Event: 59.222 Thread 0x000001f2da06e990 flushing  nmethod 0x000001f2ddba4710
Event: 59.222 Thread 0x000001f2da06e990 flushing  nmethod 0x000001f2ddbbe410
Event: 59.222 Thread 0x000001f2da06e990 flushing  nmethod 0x000001f2ddbbea10
Event: 59.222 Thread 0x000001f2da06e990 flushing  nmethod 0x000001f2ddbbf110
Event: 59.222 Thread 0x000001f2da06e990 flushing  nmethod 0x000001f2ddbbf990
Event: 59.222 Thread 0x000001f2da06e990 flushing  nmethod 0x000001f2ddbc1c90
Event: 59.222 Thread 0x000001f2da06e990 flushing  nmethod 0x000001f2ddbedd10
Event: 59.222 Thread 0x000001f2da06e990 flushing  nmethod 0x000001f2ddbef910
Event: 59.222 Thread 0x000001f2da06e990 flushing  nmethod 0x000001f2ddc04910
Event: 59.222 Thread 0x000001f2da06e990 flushing osr nmethod 0x000001f2ddc21810
Event: 59.222 Thread 0x000001f2da06e990 flushing osr nmethod 0x000001f2ddc23a10
Event: 59.222 Thread 0x000001f2da06e990 flushing  nmethod 0x000001f2ddc57510

Events (20 events):
Event: 299.066 Thread 0x000001f2f96db9b0 Thread exited: 0x000001f2f96db9b0
Event: 359.067 Thread 0x000001f2f96dc6d0 Thread exited: 0x000001f2f96dc6d0
Event: 419.074 Thread 0x000001f2f96dac90 Thread exited: 0x000001f2f96dac90
Event: 479.084 Thread 0x000001f2f96d6af0 Thread exited: 0x000001f2f96d6af0
Event: 539.094 Thread 0x000001f2f96d9250 Thread exited: 0x000001f2f96d9250
Event: 599.095 Thread 0x000001f2fa50b550 Thread exited: 0x000001f2fa50b550
Event: 659.110 Thread 0x000001f2f96d98e0 Thread exited: 0x000001f2f96d98e0
Event: 719.120 Thread 0x000001f2f96d6460 Thread exited: 0x000001f2f96d6460
Event: 779.121 Thread 0x000001f2f96dc040 Thread exited: 0x000001f2f96dc040
Event: 839.136 Thread 0x000001f2f96dcd60 Thread exited: 0x000001f2f96dcd60
Event: 899.143 Thread 0x000001f2f96d7810 Thread exited: 0x000001f2f96d7810
Event: 959.149 Thread 0x000001f2f96d9f70 Thread exited: 0x000001f2f96d9f70
Event: 1019.163 Thread 0x000001f2f96da600 Thread exited: 0x000001f2f96da600
Event: 1079.170 Thread 0x000001f2fa50c270 Thread exited: 0x000001f2fa50c270
Event: 1139.181 Thread 0x000001f2f96dd3f0 Thread exited: 0x000001f2f96dd3f0
Event: 1199.192 Thread 0x000001f2f96db320 Thread exited: 0x000001f2f96db320
Event: 1259.194 Thread 0x000001f2f96dda80 Thread exited: 0x000001f2f96dda80
Event: 1319.206 Thread 0x000001f2fa50bbe0 Thread exited: 0x000001f2fa50bbe0
Event: 10083.745 Thread 0x000001f2f1f96850 Thread added: 0x000001f2fa64b3c0
Event: 10085.735 Thread 0x000001f2fa64b3c0 Thread exited: 0x000001f2fa64b3c0


Dynamic libraries:
0x00007ff71a1a0000 - 0x00007ff71a1ae000 	c:\Users\noahc\.vscode\extensions\redhat.java-1.52.0-win32-x64\jre\21.0.9-win32-x86_64\bin\java.exe
0x00007ffb76200000 - 0x00007ffb76466000 	C:\WINDOWS\SYSTEM32\ntdll.dll
0x00007ffb74f50000 - 0x00007ffb75019000 	C:\WINDOWS\System32\KERNEL32.DLL
0x00007ffb73750000 - 0x00007ffb73b4a000 	C:\WINDOWS\System32\KERNELBASE.dll
0x00007ffb73c10000 - 0x00007ffb73d5c000 	C:\WINDOWS\System32\ucrtbase.dll
0x00007ffb58100000 - 0x00007ffb58118000 	c:\Users\noahc\.vscode\extensions\redhat.java-1.52.0-win32-x64\jre\21.0.9-win32-x86_64\bin\jli.dll
0x00007ffb44410000 - 0x00007ffb4442e000 	c:\Users\noahc\.vscode\extensions\redhat.java-1.52.0-win32-x64\jre\21.0.9-win32-x86_64\bin\VCRUNTIME140.dll
0x00007ffb746b0000 - 0x00007ffb74877000 	C:\WINDOWS\System32\USER32.dll
0x00007ffb73e90000 - 0x00007ffb73eb7000 	C:\WINDOWS\System32\win32u.dll
0x00007ffb74290000 - 0x00007ffb742bb000 	C:\WINDOWS\System32\GDI32.dll
0x00007ffb73d60000 - 0x00007ffb73e8b000 	C:\WINDOWS\System32\gdi32full.dll
0x00007ffb73ec0000 - 0x00007ffb73f63000 	C:\WINDOWS\System32\msvcp_win.dll
0x00007ffb4f930000 - 0x00007ffb4fbc2000 	C:\WINDOWS\WinSxS\amd64_microsoft.windows.common-controls_6595b64144ccf1df_6.0.26100.8521_none_3e08b75ce33403b3\COMCTL32.dll
0x00007ffb742c0000 - 0x00007ffb74369000 	C:\WINDOWS\System32\msvcrt.dll
0x00007ffb758b0000 - 0x00007ffb758e2000 	C:\WINDOWS\System32\IMM32.DLL
0x00007ffb61340000 - 0x00007ffb6134c000 	c:\Users\noahc\.vscode\extensions\redhat.java-1.52.0-win32-x64\jre\21.0.9-win32-x86_64\bin\vcruntime140_1.dll
0x00007ffb3fea0000 - 0x00007ffb3ff2d000 	c:\Users\noahc\.vscode\extensions\redhat.java-1.52.0-win32-x64\jre\21.0.9-win32-x86_64\bin\msvcp140.dll
0x00007ffa3c030000 - 0x00007ffa3cdd0000 	c:\Users\noahc\.vscode\extensions\redhat.java-1.52.0-win32-x64\jre\21.0.9-win32-x86_64\bin\server\jvm.dll
0x00007ffb76060000 - 0x00007ffb76116000 	C:\WINDOWS\System32\ADVAPI32.dll
0x00007ffb74d40000 - 0x00007ffb74dea000 	C:\WINDOWS\System32\sechost.dll
0x00007ffb75f40000 - 0x00007ffb76058000 	C:\WINDOWS\System32\RPCRT4.dll
0x00007ffb75eb0000 - 0x00007ffb75f30000 	C:\WINDOWS\System32\WS2_32.dll
0x00007ffb732f0000 - 0x00007ffb7334e000 	C:\WINDOWS\SYSTEM32\POWRPROF.dll
0x00007ffb627e0000 - 0x00007ffb627eb000 	C:\WINDOWS\SYSTEM32\VERSION.dll
0x00007ffb5ff70000 - 0x00007ffb5ffa6000 	C:\WINDOWS\SYSTEM32\WINMM.dll
0x00007ffb732d0000 - 0x00007ffb732e4000 	C:\WINDOWS\SYSTEM32\UMPDC.dll
0x00007ffb72220000 - 0x00007ffb7223b000 	C:\WINDOWS\SYSTEM32\kernel.appcore.dll
0x00007ffb612b0000 - 0x00007ffb612ba000 	c:\Users\noahc\.vscode\extensions\redhat.java-1.52.0-win32-x64\jre\21.0.9-win32-x86_64\bin\jimage.dll
0x00007ffb70ab0000 - 0x00007ffb70cf2000 	C:\WINDOWS\SYSTEM32\DBGHELP.DLL
0x00007ffb74880000 - 0x00007ffb74c03000 	C:\WINDOWS\System32\combase.dll
0x00007ffb745d0000 - 0x00007ffb746a9000 	C:\WINDOWS\System32\OLEAUT32.dll
0x00007ffb3c210000 - 0x00007ffb3c24b000 	C:\WINDOWS\SYSTEM32\dbgcore.DLL
0x00007ffb736a0000 - 0x00007ffb73748000 	C:\WINDOWS\System32\bcryptPrimitives.dll
0x00007ffb61060000 - 0x00007ffb6106f000 	c:\Users\noahc\.vscode\extensions\redhat.java-1.52.0-win32-x64\jre\21.0.9-win32-x86_64\bin\instrument.dll
0x00007ffb443f0000 - 0x00007ffb44410000 	c:\Users\noahc\.vscode\extensions\redhat.java-1.52.0-win32-x64\jre\21.0.9-win32-x86_64\bin\java.dll
0x00007ffb75120000 - 0x00007ffb758a4000 	C:\WINDOWS\System32\SHELL32.dll
0x00007ffb71050000 - 0x00007ffb718d0000 	C:\WINDOWS\SYSTEM32\windows.storage.dll
0x00007ffb74180000 - 0x00007ffb74276000 	C:\WINDOWS\System32\SHCORE.dll
0x00007ffb758f0000 - 0x00007ffb75957000 	C:\WINDOWS\System32\shlwapi.dll
0x00007ffb733b0000 - 0x00007ffb733d9000 	C:\WINDOWS\SYSTEM32\profapi.dll
0x00007ffb42240000 - 0x00007ffb42258000 	c:\Users\noahc\.vscode\extensions\redhat.java-1.52.0-win32-x64\jre\21.0.9-win32-x86_64\bin\zip.dll
0x00007ffb60820000 - 0x00007ffb60830000 	C:\Users\noahc\.vscode\extensions\redhat.java-1.52.0-win32-x64\jre\21.0.9-win32-x86_64\bin\net.dll
0x00007ffb65370000 - 0x00007ffb65499000 	C:\WINDOWS\SYSTEM32\WINHTTP.dll
0x00007ffb72790000 - 0x00007ffb727fc000 	C:\WINDOWS\system32\mswsock.dll
0x00007ffb420f0000 - 0x00007ffb42106000 	C:\Users\noahc\.vscode\extensions\redhat.java-1.52.0-win32-x64\jre\21.0.9-win32-x86_64\bin\nio.dll
0x00007ffb58140000 - 0x00007ffb58150000 	c:\Users\noahc\.vscode\extensions\redhat.java-1.52.0-win32-x64\jre\21.0.9-win32-x86_64\bin\verify.dll
0x00007ffb41940000 - 0x00007ffb41985000 	C:\Users\noahc\AppData\Roaming\Code\User\globalStorage\redhat.java\1.52.0\config_win\org.eclipse.equinox.launcher\org.eclipse.equinox.launcher.win32.win32.x86_64_1.2.1500.v20260121-1430\eclipse_11919.dll
0x00007ffb74370000 - 0x00007ffb74508000 	C:\WINDOWS\System32\ole32.dll
0x00007ffb72a70000 - 0x00007ffb72a8b000 	C:\WINDOWS\SYSTEM32\CRYPTSP.dll
0x00007ffb72180000 - 0x00007ffb721b9000 	C:\WINDOWS\system32\rsaenh.dll
0x00007ffb72840000 - 0x00007ffb72873000 	C:\WINDOWS\SYSTEM32\USERENV.dll
0x00007ffb73380000 - 0x00007ffb733aa000 	C:\WINDOWS\SYSTEM32\bcrypt.dll
0x00007ffb730f0000 - 0x00007ffb730fc000 	C:\WINDOWS\SYSTEM32\CRYPTBASE.dll
0x00007ffb71c50000 - 0x00007ffb71c83000 	C:\WINDOWS\SYSTEM32\IPHLPAPI.DLL
0x00007ffb74280000 - 0x00007ffb7428a000 	C:\WINDOWS\System32\NSI.dll
0x00007ffb3ffc0000 - 0x00007ffb40009000 	C:\Users\noahc\AppData\Local\Temp\jna-104990651\jna4400655692480405999.dll
0x00007ffb75df0000 - 0x00007ffb75df8000 	C:\WINDOWS\System32\PSAPI.DLL
0x00007ffb65910000 - 0x00007ffb6592d000 	C:\WINDOWS\SYSTEM32\dhcpcsvc6.DLL
0x00007ffb65830000 - 0x00007ffb65855000 	C:\WINDOWS\SYSTEM32\dhcpcsvc.DLL
0x00007ffb64150000 - 0x00007ffb6415e000 	C:\Users\noahc\.vscode\extensions\redhat.java-1.52.0-win32-x64\jre\21.0.9-win32-x86_64\bin\sunmscapi.dll
0x00007ffb73490000 - 0x00007ffb73608000 	C:\WINDOWS\System32\CRYPT32.dll
0x00007ffb72c80000 - 0x00007ffb72cb0000 	C:\WINDOWS\SYSTEM32\ncrypt.dll
0x00007ffb72c30000 - 0x00007ffb72c6f000 	C:\WINDOWS\SYSTEM32\NTASN1.dll
0x00007ffb71cf0000 - 0x00007ffb71e3a000 	C:\WINDOWS\SYSTEM32\DNSAPI.dll
0x00007ffb72590000 - 0x00007ffb7259d000 	C:\WINDOWS\SYSTEM32\DSPARSE.dll
0x00007ffb63e80000 - 0x00007ffb63e8b000 	C:\Windows\System32\rasadhlp.dll
0x00007ffb65c00000 - 0x00007ffb65c86000 	C:\WINDOWS\System32\fwpuclnt.dll
0x00007ffb60930000 - 0x00007ffb60939000 	C:\Users\noahc\.vscode\extensions\redhat.java-1.52.0-win32-x64\jre\21.0.9-win32-x86_64\bin\extnet.dll

JVMTI agents:
c:\Users\noahc\.vscode\extensions\redhat.java-1.52.0-win32-x64\lombok\lombok-1.18.39-4050.jar path:c:\Users\noahc\.vscode\extensions\redhat.java-1.52.0-win32-x64\jre\21.0.9-win32-x86_64\bin\instrument.dll, loaded, initialized, instrumentlib options:none

dbghelp: loaded successfully - version: 4.0.5 - missing functions: none
symbol engine: initialized successfully - sym options: 0x614 - pdb path: .;c:\Users\noahc\.vscode\extensions\redhat.java-1.52.0-win32-x64\jre\21.0.9-win32-x86_64\bin;C:\WINDOWS\SYSTEM32;C:\WINDOWS\WinSxS\amd64_microsoft.windows.common-controls_6595b64144ccf1df_6.0.26100.8521_none_3e08b75ce33403b3;c:\Users\noahc\.vscode\extensions\redhat.java-1.52.0-win32-x64\jre\21.0.9-win32-x86_64\bin\server;C:\Users\noahc\AppData\Roaming\Code\User\globalStorage\redhat.java\1.52.0\config_win\org.eclipse.equinox.launcher\org.eclipse.equinox.launcher.win32.win32.x86_64_1.2.1500.v20260121-1430;C:\Users\noahc\AppData\Local\Temp\jna-104990651

VM Arguments:
jvm_args: --add-modules=ALL-SYSTEM --add-opens=java.base/java.util=ALL-UNNAMED --add-opens=java.base/java.lang=ALL-UNNAMED --add-opens=java.base/sun.nio.fs=ALL-UNNAMED -Declipse.application=org.eclipse.jdt.ls.core.id1 -Dosgi.bundles.defaultStartLevel=4 -Declipse.product=org.eclipse.jdt.ls.core.product -Djava.import.generatesMetadataFilesAtProjectRoot=false -DDetectVMInstallationsJob.disabled=true -Dfile.encoding=utf8 -XX:+UseParallelGC -XX:GCTimeRatio=4 -XX:AdaptiveSizePolicyWeight=90 -Dsun.zip.disableMemoryMapping=true -Xmx2G -Xms100m -Xlog:disable -javaagent:c:\Users\noahc\.vscode\extensions\redhat.java-1.52.0-win32-x64\lombok\lombok-1.18.39-4050.jar -XX:+HeapDumpOnOutOfMemoryError -XX:HeapDumpPath=c:\Users\noahc\AppData\Roaming\Code\User\workspaceStorage\44f07477090b4b0a13b595b63b8c2f6b\redhat.java -Daether.dependencyCollector.impl=bf 
java_command: c:\Users\noahc\.vscode\extensions\redhat.java-1.52.0-win32-x64\server\plugins\org.eclipse.equinox.launcher_1.7.100.v20251111-0406.jar -configuration c:\Users\noahc\AppData\Roaming\Code\User\globalStorage\redhat.java\1.52.0\config_win -data c:\Users\noahc\AppData\Roaming\Code\User\workspaceStorage\44f07477090b4b0a13b595b63b8c2f6b\redhat.java\jdt_ws --pipe=\\.\pipe\lsp-2a6d180cc7dc81b3b5d23d04c685801d-sock
java_class_path (initial): c:\Users\noahc\.vscode\extensions\redhat.java-1.52.0-win32-x64\server\plugins\org.eclipse.equinox.launcher_1.7.100.v20251111-0406.jar
Launcher Type: SUN_STANDARD

[Global flags]
    uintx AdaptiveSizePolicyWeight                 = 90                                        {product} {command line}
     intx CICompilerCount                          = 12                                        {product} {ergonomic}
    uintx GCTimeRatio                              = 4                                         {product} {command line}
     bool HeapDumpOnOutOfMemoryError               = true                                   {manageable} {command line}
    ccstr HeapDumpPath                             = c:\Users\noahc\AppData\Roaming\Code\User\workspaceStorage\44f07477090b4b0a13b595b63b8c2f6b\redhat.java         {manageable} {command line}
   size_t InitialHeapSize                          = 104857600                                 {product} {command line}
   size_t MaxHeapSize                              = 2147483648                                {product} {command line}
   size_t MaxNewSize                               = 715653120                                 {product} {ergonomic}
   size_t MinHeapDeltaBytes                        = 524288                                    {product} {ergonomic}
   size_t MinHeapSize                              = 104857600                                 {product} {command line}
   size_t NewSize                                  = 34603008                                  {product} {ergonomic}
    uintx NonNMethodCodeHeapSize                   = 7602480                                {pd product} {ergonomic}
    uintx NonProfiledCodeHeapSize                  = 122027880                              {pd product} {ergonomic}
   size_t OldSize                                  = 70254592                                  {product} {ergonomic}
    uintx ProfiledCodeHeapSize                     = 122027880                              {pd product} {ergonomic}
    uintx ReservedCodeCacheSize                    = 251658240                              {pd product} {ergonomic}
     bool SegmentedCodeCache                       = true                                      {product} {ergonomic}
   size_t SoftMaxHeapSize                          = 2147483648                             {manageable} {ergonomic}
     bool UseCompressedOops                        = true                           {product lp64_product} {ergonomic}
     bool UseLargePagesIndividualAllocation        = false                                  {pd product} {ergonomic}
     bool UseParallelGC                            = true                                      {product} {command line}

Logging:
Log output configuration:
 #0: stdout all=off uptime,level,tags foldmultilines=false
 #1: stderr all=off uptime,level,tags foldmultilines=false

Release file:
JAVA_VERSION="21.0.9" 
MODULES="java.base java.compiler java.datatransfer java.xml java.prefs java.desktop java.instrument java.logging java.management java.security.sasl java.naming java.rmi java.management.rmi java.net.http java.scripting java.security.jgss java.transaction.xa java.sql java.sql.rowset java.xml.crypto java.se java.smartcardio jdk.accessibility jdk.internal.jvmstat jdk.attach jdk.charsets jdk.internal.opt jdk.zipfs jdk.compiler jdk.crypto.ec jdk.crypto.cryptoki jdk.crypto.mscapi jdk.dynalink jdk.internal.ed jdk.editpad jdk.hotspot.agent jdk.httpserver jdk.internal.le jdk.internal.vm.ci jdk.internal.vm.compiler jdk.internal.vm.compiler.management jdk.jartool jdk.javadoc jdk.jcmd jdk.management jdk.management.agent jdk.jconsole jdk.jdeps jdk.jdwp.agent jdk.jdi jdk.jfr jdk.jshell jdk.jsobject jdk.jstatd jdk.localedata jdk.management.jfr jdk.naming.dns jdk.naming.rmi jdk.net jdk.nio.mapmode jdk.random jdk.sctp jdk.security.auth jdk.security.jgss jdk.unsupported jdk.unsupported.desktop jdk.xml.dom" 

Environment Variables:
PATH=C:\Python314\Scripts\;C:\Python314\;C:\Program Files\RevvitySignalsSoftware\ChemDrawApplications_x64\;C:\Program Files\Common Files\Oracle\Java\javapath;C:\WINDOWS\system32;C:\WINDOWS;C:\WINDOWS\System32\Wbem;C:\WINDOWS\System32\WindowsPowerShell\v1.0\;C:\WINDOWS\System32\OpenSSH\;C:\Program Files\dotnet\;C:\Program Files (x86)\NVIDIA Corporation\PhysX\Common;C:\Program Files\NVIDIA Corporation\NVIDIA NvDLISR;C:\Program Files\PuTTY\;C:\Program Files\Git\cmd;C:\Users\noahc\Downloads\apache-maven-3.9.14\bin;C:\Program Files\nodejs\;C:\ProgramData\chocolatey\bin;C:\Users\noahc\AppData\Local\Programs\Python\Python312\Scripts\;C:\Users\noahc\AppData\Local\Programs\Python\Python312\;C:\Users\noahc\AppData\Local\Microsoft\WindowsApps;C:\Program Files\JetBrains\PyCharm 2024.1.4\bin;;C:\Users\noahc\AppData\Local\Programs\Microsoft VS Code\bin;C:\Users\noahc\AppData\Local\GitHubDesktop\bin;C:\Users\noahc\AppData\Roaming\npm
USERNAME=noahc
OS=Windows_NT
PROCESSOR_IDENTIFIER=Intel64 Family 6 Model 170 Stepping 4, GenuineIntel
TMP=C:\Users\noahc\AppData\Local\Temp
TEMP=C:\Users\noahc\AppData\Local\Temp




Periodic native trim disabled

---------------  S Y S T E M  ---------------

OS:
 Windows 11 , 64 bit Build 26100 (10.0.26100.8521)
OS uptime: 5 days 7:56 hours
Hyper-V role detected

CPU: total 22 (initial active 22) (11 cores per cpu, 2 threads per core) family 6 model 170 stepping 4 microcode 0x28, cx8, cmov, fxsr, ht, mmx, 3dnowpref, sse, sse2, sse3, ssse3, sse4.1, sse4.2, popcnt, lzcnt, tsc, tscinvbit, avx, avx2, aes, erms, clmul, bmi1, bmi2, adx, sha, fma, vzeroupper, clflush, clflushopt, clwb, hv, serialize, rdtscp, rdpid, fsrm, f16c, cet_ibt, cet_ss
Processor Information for processor 0
  Max Mhz: 1400, Current Mhz: 1400, Mhz Limit: 1400
Processor Information for processor 1
  Max Mhz: 1400, Current Mhz: 1400, Mhz Limit: 1400
Processor Information for processor 2
  Max Mhz: 3800, Current Mhz: 900, Mhz Limit: 874
Processor Information for processor 3
  Max Mhz: 3800, Current Mhz: 900, Mhz Limit: 874
Processor Information for processor 4
  Max Mhz: 3800, Current Mhz: 900, Mhz Limit: 874
Processor Information for processor 5
  Max Mhz: 3800, Current Mhz: 900, Mhz Limit: 874
Processor Information for processor 6
  Max Mhz: 3800, Current Mhz: 900, Mhz Limit: 874
Processor Information for processor 7
  Max Mhz: 3800, Current Mhz: 900, Mhz Limit: 874
Processor Information for processor 8
  Max Mhz: 3800, Current Mhz: 900, Mhz Limit: 874
Processor Information for processor 9
  Max Mhz: 3800, Current Mhz: 900, Mhz Limit: 874
Processor Information for processor 10
  Max Mhz: 1400, Current Mhz: 1400, Mhz Limit: 1400
Processor Information for processor 11
  Max Mhz: 1400, Current Mhz: 1400, Mhz Limit: 1400
Processor Information for processor 12
  Max Mhz: 1400, Current Mhz: 1400, Mhz Limit: 1400
Processor Information for processor 13
  Max Mhz: 1400, Current Mhz: 1400, Mhz Limit: 1400
Processor Information for processor 14
  Max Mhz: 1400, Current Mhz: 1400, Mhz Limit: 1400
Processor Information for processor 15
  Max Mhz: 1400, Current Mhz: 1400, Mhz Limit: 1400
Processor Information for processor 16
  Max Mhz: 1400, Current Mhz: 1400, Mhz Limit: 1400
Processor Information for processor 17
  Max Mhz: 1400, Current Mhz: 1400, Mhz Limit: 1400
Processor Information for processor 18
  Max Mhz: 1400, Current Mhz: 1400, Mhz Limit: 1400
Processor Information for processor 19
  Max Mhz: 1400, Current Mhz: 1400, Mhz Limit: 1400
Processor Information for processor 20
  Max Mhz: 2500, Current Mhz: 700, Mhz Limit: 700
Processor Information for processor 21
  Max Mhz: 2500, Current Mhz: 700, Mhz Limit: 700

Memory: 4k page, system-wide physical 15828M (2385M free)
TotalPageFile size 64980M (AvailPageFile size 108M)
current process WorkingSet (physical memory assigned to process): 34M, peak: 330M
current process commit charge ("private bytes"): 391M, peak: 424M

vm_info: OpenJDK 64-Bit Server VM (21.0.9+10-LTS) for windows-amd64 JRE (21.0.9+10-LTS), built on 2025-10-21T00:00:00Z by "admin" with unknown MS VC++:1942

END.
