#
# There is insufficient memory for the Java Runtime Environment to continue.
# Native memory allocation (malloc) failed to allocate 1707216 bytes. Error detail: Chunk::new
# Possible reasons:
#   The system is out of physical RAM or swap space
#   This process is running with CompressedOops enabled, and the Java Heap may be blocking the growth of the native heap
# Possible solutions:
#   Reduce memory load on the system
#   Increase physical memory or swap space
#   Check if swap backing store is full
#   Decrease Java heap size (-Xmx/-Xms)
#   Decrease number of Java threads
#   Decrease Java thread stack sizes (-Xss)
#   Set larger code cache with -XX:ReservedCodeCacheSize=
#   JVM is running with Unscaled Compressed Oops mode in which the Java heap is
#     placed in the first 4GB address space. The Java Heap base address is the
#     maximum limit for the native heap growth. Please use -XX:HeapBaseMinAddress
#     to set the Java Heap base and to place the Java Heap above 4GB virtual address.
# This output file may be truncated or incomplete.
#
#  Out of Memory Error (arena.cpp:168), pid=46028, tid=6296
#
# JRE version: OpenJDK Runtime Environment Temurin-21.0.9+10 (21.0.9+10) (build 21.0.9+10-LTS)
# Java VM: OpenJDK 64-Bit Server VM Temurin-21.0.9+10 (21.0.9+10-LTS, mixed mode, sharing, tiered, compressed oops, compressed class ptrs, parallel gc, windows-amd64)
# No core dump will be written. Minidumps are not enabled by default on client versions of Windows
#

---------------  S U M M A R Y ------------

Command Line: --add-modules=ALL-SYSTEM --add-opens=java.base/java.util=ALL-UNNAMED --add-opens=java.base/java.lang=ALL-UNNAMED --add-opens=java.base/sun.nio.fs=ALL-UNNAMED -Declipse.application=org.eclipse.jdt.ls.core.id1 -Dosgi.bundles.defaultStartLevel=4 -Declipse.product=org.eclipse.jdt.ls.core.product -Djava.import.generatesMetadataFilesAtProjectRoot=false -DDetectVMInstallationsJob.disabled=true -Dfile.encoding=utf8 -XX:+UseParallelGC -XX:GCTimeRatio=4 -XX:AdaptiveSizePolicyWeight=90 -Dsun.zip.disableMemoryMapping=true -Xmx2G -Xms100m -Xlog:disable -javaagent:c:\Users\noahc\.vscode\extensions\redhat.java-1.52.0-win32-x64\lombok\lombok-1.18.39-4050.jar -XX:+HeapDumpOnOutOfMemoryError -XX:HeapDumpPath=c:\Users\noahc\AppData\Roaming\Code\User\workspaceStorage\44f07477090b4b0a13b595b63b8c2f6b\redhat.java -Daether.dependencyCollector.impl=bf c:\Users\noahc\.vscode\extensions\redhat.java-1.52.0-win32-x64\server\plugins\org.eclipse.equinox.launcher_1.7.100.v20251111-0406.jar -configuration c:\Users\noahc\AppData\Roaming\Code\User\globalStorage\redhat.java\1.52.0\config_win -data c:\Users\noahc\AppData\Roaming\Code\User\workspaceStorage\44f07477090b4b0a13b595b63b8c2f6b\redhat.java\jdt_ws --pipe=\\.\pipe\lsp-ee4dbe0c05593f54404e619345de6b27-sock

Host: Intel(R) Core(TM) Ultra 7 155H, 22 cores, 15G,  Windows 11 , 64 bit Build 26100 (10.0.26100.8521)
Time: Sun Jun 28 17:25:59 2026 Eastern Daylight Time elapsed time: 4.816677 seconds (0d 0h 0m 4s)

---------------  T H R E A D  ---------------

Current thread (0x000001c3c7fb3570):  JavaThread "C2 CompilerThread3" daemon [_thread_in_native, id=6296, stack(0x00000005c7300000,0x00000005c7400000) (1024K)]


Current CompileTask:
C2:4816 4453       4       org.lombokweb.asm.ClassReader::readMethod (1070 bytes)

Stack: [0x00000005c7300000,0x00000005c7400000]
Native frames: (J=compiled Java code, j=interpreted, Vv=VM code, C=native code)
V  [jvm.dll+0x6d6e29]
V  [jvm.dll+0x8b4b76]
V  [jvm.dll+0x8b712e]
V  [jvm.dll+0x8b7813]
V  [jvm.dll+0x283d86]
V  [jvm.dll+0xc66ed]
V  [jvm.dll+0xc6c31]
V  [jvm.dll+0x3be53b]
V  [jvm.dll+0x38ab92]
V  [jvm.dll+0x389fda]
V  [jvm.dll+0x24bfa0]
V  [jvm.dll+0x24b580]
V  [jvm.dll+0x1cb13e]
V  [jvm.dll+0x25b29d]
V  [jvm.dll+0x25982a]
V  [jvm.dll+0x3f7ea6]
V  [jvm.dll+0x85e9ad]
V  [jvm.dll+0x6d565d]
C  [ucrtbase.dll+0x2cd30]
C  [KERNEL32.DLL+0x2e957]
C  [ntdll.dll+0x87c1c]


---------------  P R O C E S S  ---------------

Threads class SMR info:
_java_thread_list=0x000001c3c7966d70, length=27, elements={
0x000001c3e736c390, 0x000001c3fde18aa0, 0x000001c3ff436f80, 0x000001c3ff443d60,
0x000001c3ff444ae0, 0x000001c3ff4482c0, 0x000001c3ff44c820, 0x000001c3ff453ec0,
0x000001c3ff4754b0, 0x000001c3ff5363e0, 0x000001c3ff639cb0, 0x000001c3ff6a05c0,
0x000001c3ff6ce130, 0x000001c3ff6d06a0, 0x000001c3c2553b40, 0x000001c3c2711580,
0x000001c3c74d20c0, 0x000001c3c74d2720, 0x000001c3c74d2d80, 0x000001c3c777d5d0,
0x000001c3c7900820, 0x000001c3c7c5d250, 0x000001c3c7c5a460, 0x000001c3c7c5cbc0,
0x000001c3c7c5aaf0, 0x000001c3c79609f0, 0x000001c3c7fb3570
}

Java Threads: ( => current thread )
  0x000001c3e736c390 JavaThread "main"                              [_thread_blocked, id=49520, stack(0x00000005c4700000,0x00000005c4800000) (1024K)]
  0x000001c3fde18aa0 JavaThread "Reference Handler"          daemon [_thread_blocked, id=21176, stack(0x00000005c4b00000,0x00000005c4c00000) (1024K)]
  0x000001c3ff436f80 JavaThread "Finalizer"                  daemon [_thread_blocked, id=34148, stack(0x00000005c4c00000,0x00000005c4d00000) (1024K)]
  0x000001c3ff443d60 JavaThread "Signal Dispatcher"          daemon [_thread_blocked, id=34972, stack(0x00000005c4d00000,0x00000005c4e00000) (1024K)]
  0x000001c3ff444ae0 JavaThread "Attach Listener"            daemon [_thread_blocked, id=37572, stack(0x00000005c4e00000,0x00000005c4f00000) (1024K)]
  0x000001c3ff4482c0 JavaThread "Service Thread"             daemon [_thread_blocked, id=47300, stack(0x00000005c4f00000,0x00000005c5000000) (1024K)]
  0x000001c3ff44c820 JavaThread "Monitor Deflation Thread"   daemon [_thread_blocked, id=17520, stack(0x00000005c5000000,0x00000005c5100000) (1024K)]
  0x000001c3ff453ec0 JavaThread "C2 CompilerThread0"         daemon [_thread_in_native, id=20936, stack(0x00000005c5100000,0x00000005c5200000) (1024K)]
  0x000001c3ff4754b0 JavaThread "C1 CompilerThread0"         daemon [_thread_blocked, id=8064, stack(0x00000005c5200000,0x00000005c5300000) (1024K)]
  0x000001c3ff5363e0 JavaThread "C1 CompilerThread1"         daemon [_thread_blocked, id=8168, stack(0x00000005c5300000,0x00000005c5400000) (1024K)]
  0x000001c3ff639cb0 JavaThread "C2 CompilerThread1"         daemon [_thread_blocked, id=19756, stack(0x00000005c5400000,0x00000005c5500000) (1024K)]
  0x000001c3ff6a05c0 JavaThread "Common-Cleaner"             daemon [_thread_blocked, id=13956, stack(0x00000005c5500000,0x00000005c5600000) (1024K)]
  0x000001c3ff6ce130 JavaThread "C1 CompilerThread2"         daemon [_thread_blocked, id=53916, stack(0x00000005c5600000,0x00000005c5700000) (1024K)]
  0x000001c3ff6d06a0 JavaThread "C1 CompilerThread3"         daemon [_thread_blocked, id=15644, stack(0x00000005c5700000,0x00000005c5800000) (1024K)]
  0x000001c3c2553b40 JavaThread "Notification Thread"        daemon [_thread_blocked, id=48964, stack(0x00000005c5800000,0x00000005c5900000) (1024K)]
  0x000001c3c2711580 JavaThread "Active Thread: Equinox Container: 0916acc3-3414-4105-9b8d-a882837cf52f"        [_thread_blocked, id=32900, stack(0x00000005c6100000,0x00000005c6200000) (1024K)]
  0x000001c3c74d20c0 JavaThread "Refresh Thread: Equinox Container: 0916acc3-3414-4105-9b8d-a882837cf52f" daemon [_thread_blocked, id=46956, stack(0x00000005c6300000,0x00000005c6400000) (1024K)]
  0x000001c3c74d2720 JavaThread "Framework Event Dispatcher: Equinox Container: 0916acc3-3414-4105-9b8d-a882837cf52f" daemon [_thread_blocked, id=10844, stack(0x00000005c6400000,0x00000005c6500000) (1024K)]
  0x000001c3c74d2d80 JavaThread "Start Level: Equinox Container: 0916acc3-3414-4105-9b8d-a882837cf52f" daemon [_thread_in_vm, id=46760, stack(0x00000005c6500000,0x00000005c6600000) (1024K)]
  0x000001c3c777d5d0 JavaThread "Bundle File Closer"         daemon [_thread_blocked, id=19656, stack(0x00000005c6900000,0x00000005c6a00000) (1024K)]
  0x000001c3c7900820 JavaThread "SCR Component Actor"        daemon [_thread_blocked, id=33084, stack(0x00000005c6a00000,0x00000005c6b00000) (1024K)]
  0x000001c3c7c5d250 JavaThread "Worker-JM"                         [_thread_blocked, id=2700, stack(0x00000005c6b00000,0x00000005c6c00000) (1024K)]
  0x000001c3c7c5a460 JavaThread "JNA Cleaner"                daemon [_thread_blocked, id=16108, stack(0x00000005c5900000,0x00000005c5a00000) (1024K)]
  0x000001c3c7c5cbc0 JavaThread "Worker-0: Repository registry initialization"        [_thread_in_native, id=5476, stack(0x00000005c6d00000,0x00000005c6e00000) (1024K)]
  0x000001c3c7c5aaf0 JavaThread "Worker-1"                          [_thread_blocked, id=47412, stack(0x00000005c6e00000,0x00000005c6f00000) (1024K)]
  0x000001c3c79609f0 JavaThread "C2 CompilerThread2"         daemon [_thread_blocked, id=41440, stack(0x00000005c7200000,0x00000005c7300000) (1024K)]
=>0x000001c3c7fb3570 JavaThread "C2 CompilerThread3"         daemon [_thread_in_native, id=6296, stack(0x00000005c7300000,0x00000005c7400000) (1024K)]
Total: 27

Other Threads:
  0x000001c3e742ec20 VMThread "VM Thread"                           [id=10432, stack(0x00000005c4a00000,0x00000005c4b00000) (1024K)]
  0x000001c3fdcfca00 WatcherThread "VM Periodic Task Thread"        [id=15908, stack(0x00000005c4900000,0x00000005c4a00000) (1024K)]
  0x000001c3e738a600 WorkerThread "GC Thread#0"                     [id=43104, stack(0x00000005c4800000,0x00000005c4900000) (1024K)]
  0x000001c3c71ea340 WorkerThread "GC Thread#1"                     [id=34260, stack(0x00000005c5b00000,0x00000005c5c00000) (1024K)]
  0x000001c3c706f8e0 WorkerThread "GC Thread#2"                     [id=6712, stack(0x00000005c5c00000,0x00000005c5d00000) (1024K)]
  0x000001c3c2888350 WorkerThread "GC Thread#3"                     [id=19440, stack(0x00000005c5d00000,0x00000005c5e00000) (1024K)]
  0x000001c3c28886f0 WorkerThread "GC Thread#4"                     [id=20712, stack(0x00000005c5e00000,0x00000005c5f00000) (1024K)]
  0x000001c3c2b898d0 WorkerThread "GC Thread#5"                     [id=16148, stack(0x00000005c5f00000,0x00000005c6000000) (1024K)]
  0x000001c3c2b89c70 WorkerThread "GC Thread#6"                     [id=34900, stack(0x00000005c6000000,0x00000005c6100000) (1024K)]
  0x000001c3c73057d0 WorkerThread "GC Thread#7"                     [id=10676, stack(0x00000005c6200000,0x00000005c6300000) (1024K)]
  0x000001c3c73062b0 WorkerThread "GC Thread#8"                     [id=26092, stack(0x00000005c6600000,0x00000005c6700000) (1024K)]
  0x000001c3c7305090 WorkerThread "GC Thread#9"                     [id=32600, stack(0x00000005c6700000,0x00000005c6800000) (1024K)]
  0x000001c3c7305b70 WorkerThread "GC Thread#10"                    [id=10044, stack(0x00000005c6800000,0x00000005c6900000) (1024K)]
  0x000001c3c7305f10 WorkerThread "GC Thread#11"                    [id=51624, stack(0x00000005c5a00000,0x00000005c5b00000) (1024K)]
  0x000001c3c7306650 WorkerThread "GC Thread#12"                    [id=12852, stack(0x00000005c6c00000,0x00000005c6d00000) (1024K)]
  0x000001c3c88e17a0 WorkerThread "GC Thread#13"                    [id=38280, stack(0x00000005c6f00000,0x00000005c7000000) (1024K)]
  0x000001c3c88e29c0 WorkerThread "GC Thread#14"                    [id=43540, stack(0x00000005c7000000,0x00000005c7100000) (1024K)]
  0x000001c3c88e4320 WorkerThread "GC Thread#15"                    [id=35832, stack(0x00000005c7100000,0x00000005c7200000) (1024K)]
Total: 18

Threads with active compile tasks:
C2 CompilerThread0  4831 4490   !   4       org.eclipse.osgi.internal.loader.classpath.ClasspathManager::findClassImpl (328 bytes)
C2 CompilerThread3  4831 4453       4       org.lombokweb.asm.ClassReader::readMethod (1070 bytes)
Total: 2

VM state: not at safepoint (normal execution)

VM Mutex/Monitor currently owned by a thread: None

Heap address: 0x0000000080000000, size: 2048 MB, Compressed Oops mode: 32-bit

CDS archive(s) mapped at: [0x000001c380000000-0x000001c380ba0000-0x000001c380ba0000), size 12189696, SharedBaseAddress: 0x000001c380000000, ArchiveRelocationMode: 1.
Compressed class space mapped at: 0x000001c381000000-0x000001c3c1000000, reserved size: 1073741824
Narrow klass base: 0x000001c380000000, Narrow klass shift: 0, Narrow klass range: 0x100000000

GC Precious Log:
 CardTable entry size: 512
 CPUs: 22 total, 22 available
 Memory: 15828M
 Large Page Support: Disabled
 NUMA Support: Disabled
 Compressed Oops: Enabled (32-bit)
 Alignments: Space 512K, Generation 512K, Heap 2M
 Heap Min Capacity: 100M
 Heap Initial Capacity: 100M
 Heap Max Capacity: 2G
 Pre-touch: Disabled
 Parallel Workers: 16

Heap:
 PSYoungGen      total 25600K, used 9228K [0x00000000d5580000, 0x00000000d7300000, 0x0000000100000000)
  eden space 23040K, 30% used [0x00000000d5580000,0x00000000d5c46df8,0x00000000d6c00000)
  from space 2560K, 89% used [0x00000000d7080000,0x00000000d72bc4b8,0x00000000d7300000)
  to   space 2560K, 0% used [0x00000000d6e00000,0x00000000d6e00000,0x00000000d7080000)
 ParOldGen       total 68608K, used 14898K [0x0000000080000000, 0x0000000084300000, 0x00000000d5580000)
  object space 68608K, 21% used [0x0000000080000000,0x0000000080e8c988,0x0000000084300000)
 Metaspace       used 28607K, committed 29632K, reserved 1114112K
  class space    used 2837K, committed 3264K, reserved 1048576K

Card table byte_map: [0x000001c3e6d10000,0x000001c3e7120000] _byte_map_base: 0x000001c3e6910000

Marking Bits: (ParMarkBitMap*) 0x00007ffa3ccf2460
 Begin Bits: [0x000001c3f9820000, 0x000001c3fb820000)
 End Bits:   [0x000001c3fb820000, 0x000001c3fd820000)

Polling page: 0x000001c3e4ea0000

Metaspace:

Usage:
  Non-class:     25.17 MB used.
      Class:      2.77 MB used.
       Both:     27.94 MB used.

Virtual space:
  Non-class space:       64.00 MB reserved,      25.75 MB ( 40%) committed,  1 nodes.
      Class space:        1.00 GB reserved,       3.19 MB ( <1%) committed,  1 nodes.
             Both:        1.06 GB reserved,      28.94 MB (  3%) committed. 

Chunk freelists:
   Non-Class:  6.17 MB
       Class:  12.78 MB
        Both:  18.95 MB

MaxMetaspaceSize: unlimited
CompressedClassSpaceSize: 1.00 GB
Initial GC threshold: 21.00 MB
Current GC threshold: 35.00 MB
CDS: on
 - commit_granule_bytes: 65536.
 - commit_granule_words: 8192.
 - virtual_space_node_default_size: 8388608.
 - enlarge_chunks_in_place: 1.
 - use_allocation_guard: 0.


Internal statistics:

num_allocs_failed_limit: 3.
num_arena_births: 838.
num_arena_deaths: 14.
num_vsnodes_births: 2.
num_vsnodes_deaths: 0.
num_space_committed: 463.
num_space_uncommitted: 0.
num_chunks_returned_to_freelist: 17.
num_chunks_taken_from_freelist: 2047.
num_chunk_merges: 8.
num_chunk_splits: 1288.
num_chunks_enlarged: 756.
num_inconsistent_stats: 0.

CodeHeap 'non-profiled nmethods': size=119168Kb used=2103Kb max_used=2103Kb free=117064Kb
 bounds [0x000001c3f2110000, 0x000001c3f2380000, 0x000001c3f9570000]
CodeHeap 'profiled nmethods': size=119104Kb used=9853Kb max_used=9853Kb free=109250Kb
 bounds [0x000001c3ea570000, 0x000001c3eaf10000, 0x000001c3f19c0000]
CodeHeap 'non-nmethods': size=7488Kb used=3029Kb max_used=3055Kb free=4458Kb
 bounds [0x000001c3f19c0000, 0x000001c3f1cc0000, 0x000001c3f2110000]
CodeCache: size=245760Kb, used=14985Kb, max_used=15011Kb, free=230772Kb
 total_blobs=5208, nmethods=4576, adapters=535, full_count=0
Compilation: enabled, stopped_count=0, restarted_count=0

Compilation events (20 events):
Event: 3.793 Thread 0x000001c3ff4754b0 4572       3       java.nio.ByteBuffer::hasArray (20 bytes)
Event: 3.793 Thread 0x000001c3ff6ce130 4573       3       java.nio.CharBuffer::hasArray (20 bytes)
Event: 3.793 Thread 0x000001c3ff6d06a0 4574       3       java.nio.CharBuffer::array (35 bytes)
Event: 3.793 Thread 0x000001c3ff5363e0 4575       3       sun.nio.cs.UTF_8::updatePositions (23 bytes)
Event: 3.793 Thread 0x000001c3ff4754b0 nmethod 4572 0x000001c3eaf0d710 code [0x000001c3eaf0d8c0, 0x000001c3eaf0da58]
Event: 3.793 Thread 0x000001c3ff6ce130 nmethod 4573 0x000001c3eaf0db10 code [0x000001c3eaf0dcc0, 0x000001c3eaf0de58]
Event: 3.793 Thread 0x000001c3ff5363e0 nmethod 4575 0x000001c3eaf0df10 code [0x000001c3eaf0e100, 0x000001c3eaf0e538]
Event: 3.793 Thread 0x000001c3ff6d06a0 nmethod 4574 0x000001c3eaf0e690 code [0x000001c3eaf0e860, 0x000001c3eaf0eb18]
Event: 3.794 Thread 0x000001c3c79609f0 4571       4       java.util.Properties::loadConvert (540 bytes)
Event: 3.795 Thread 0x000001c3ff639cb0 nmethod 4566 0x000001c3f2317b90 code [0x000001c3f2317de0, 0x000001c3f2318940]
Event: 3.795 Thread 0x000001c3ff639cb0 4576   !   4       java.lang.invoke.MemberName::getFieldType (176 bytes)
Event: 3.796 Thread 0x000001c3ff639cb0 nmethod 4576 0x000001c3f2319590 code [0x000001c3f2319720, 0x000001c3f2319820]
Event: 3.796 Thread 0x000001c3ff639cb0 4567       4       jdk.internal.jimage.BasicImageReader::verifyLocation (39 bytes)
Event: 3.799 Thread 0x000001c3ff6ce130 4579       3       org.eclipse.core.runtime.Path::segmentCount (6 bytes)
Event: 3.799 Thread 0x000001c3ff6ce130 nmethod 4579 0x000001c3eaf0ec10 code [0x000001c3eaf0eda0, 0x000001c3eaf0eec8]
Event: 3.802 Thread 0x000001c3ff639cb0 nmethod 4567 0x000001c3f2319910 code [0x000001c3f2319b60, 0x000001c3f231a5c8]
Event: 3.802 Thread 0x000001c3ff639cb0 4578       4       sun.invoke.util.VerifyAccess::isSamePackage (37 bytes)
Event: 3.803 Thread 0x000001c3ff639cb0 nmethod 4578 0x000001c3f231b190 code [0x000001c3f231b340, 0x000001c3f231b458]
Event: 3.803 Thread 0x000001c3ff639cb0 4577       4       java.util.ImmutableCollections$List12::get (35 bytes)
Event: 3.803 Thread 0x000001c3ff639cb0 nmethod 4577 0x000001c3f231b590 code [0x000001c3f231b720, 0x000001c3f231b7f8]

GC Heap History (20 events):
Event: 0.739 GC heap before
{Heap before GC invocations=2 (full 0):
 PSYoungGen      total 29696K, used 29291K [0x00000000d5580000, 0x00000000d7680000, 0x0000000100000000)
  eden space 25600K, 100% used [0x00000000d5580000,0x00000000d6e80000,0x00000000d6e80000)
  from space 4096K, 90% used [0x00000000d6e80000,0x00000000d721aff0,0x00000000d7280000)
  to   space 4096K, 0% used [0x00000000d7280000,0x00000000d7280000,0x00000000d7680000)
 ParOldGen       total 68608K, used 16K [0x0000000080000000, 0x0000000084300000, 0x00000000d5580000)
  object space 68608K, 0% used [0x0000000080000000,0x0000000080004000,0x0000000084300000)
 Metaspace       used 7836K, committed 8128K, reserved 1114112K
  class space    used 808K, committed 960K, reserved 1048576K
}
Event: 0.743 GC heap after
{Heap after GC invocations=2 (full 0):
 PSYoungGen      total 29696K, used 4070K [0x00000000d5580000, 0x00000000d7680000, 0x0000000100000000)
  eden space 25600K, 0% used [0x00000000d5580000,0x00000000d5580000,0x00000000d6e80000)
  from space 4096K, 99% used [0x00000000d7280000,0x00000000d7679800,0x00000000d7680000)
  to   space 4096K, 0% used [0x00000000d6e80000,0x00000000d6e80000,0x00000000d7280000)
 ParOldGen       total 68608K, used 1889K [0x0000000080000000, 0x0000000084300000, 0x00000000d5580000)
  object space 68608K, 2% used [0x0000000080000000,0x00000000801d86a8,0x0000000084300000)
 Metaspace       used 7836K, committed 8128K, reserved 1114112K
  class space    used 808K, committed 960K, reserved 1048576K
}
Event: 0.994 GC heap before
{Heap before GC invocations=3 (full 0):
 PSYoungGen      total 29696K, used 29670K [0x00000000d5580000, 0x00000000d7680000, 0x0000000100000000)
  eden space 25600K, 100% used [0x00000000d5580000,0x00000000d6e80000,0x00000000d6e80000)
  from space 4096K, 99% used [0x00000000d7280000,0x00000000d7679800,0x00000000d7680000)
  to   space 4096K, 0% used [0x00000000d6e80000,0x00000000d6e80000,0x00000000d7280000)
 ParOldGen       total 68608K, used 1889K [0x0000000080000000, 0x0000000084300000, 0x00000000d5580000)
  object space 68608K, 2% used [0x0000000080000000,0x00000000801d86a8,0x0000000084300000)
 Metaspace       used 9514K, committed 9856K, reserved 1114112K
  class space    used 1010K, committed 1152K, reserved 1048576K
}
Event: 0.997 GC heap after
{Heap after GC invocations=3 (full 0):
 PSYoungGen      total 29696K, used 4080K [0x00000000d5580000, 0x00000000d7680000, 0x0000000100000000)
  eden space 25600K, 0% used [0x00000000d5580000,0x00000000d5580000,0x00000000d6e80000)
  from space 4096K, 99% used [0x00000000d6e80000,0x00000000d727c390,0x00000000d7280000)
  to   space 4096K, 0% used [0x00000000d7280000,0x00000000d7280000,0x00000000d7680000)
 ParOldGen       total 68608K, used 4230K [0x0000000080000000, 0x0000000084300000, 0x00000000d5580000)
  object space 68608K, 6% used [0x0000000080000000,0x0000000080421a70,0x0000000084300000)
 Metaspace       used 9514K, committed 9856K, reserved 1114112K
  class space    used 1010K, committed 1152K, reserved 1048576K
}
Event: 1.313 GC heap before
{Heap before GC invocations=4 (full 0):
 PSYoungGen      total 29696K, used 29680K [0x00000000d5580000, 0x00000000d7680000, 0x0000000100000000)
  eden space 25600K, 100% used [0x00000000d5580000,0x00000000d6e80000,0x00000000d6e80000)
  from space 4096K, 99% used [0x00000000d6e80000,0x00000000d727c390,0x00000000d7280000)
  to   space 4096K, 0% used [0x00000000d7280000,0x00000000d7280000,0x00000000d7680000)
 ParOldGen       total 68608K, used 4230K [0x0000000080000000, 0x0000000084300000, 0x00000000d5580000)
  object space 68608K, 6% used [0x0000000080000000,0x0000000080421a70,0x0000000084300000)
 Metaspace       used 11391K, committed 11712K, reserved 1114112K
  class space    used 1190K, committed 1344K, reserved 1048576K
}
Event: 1.317 GC heap after
{Heap after GC invocations=4 (full 0):
 PSYoungGen      total 29696K, used 4091K [0x00000000d5580000, 0x00000000d7680000, 0x0000000100000000)
  eden space 25600K, 0% used [0x00000000d5580000,0x00000000d5580000,0x00000000d6e80000)
  from space 4096K, 99% used [0x00000000d7280000,0x00000000d767ee00,0x00000000d7680000)
  to   space 4096K, 0% used [0x00000000d6e80000,0x00000000d6e80000,0x00000000d7280000)
 ParOldGen       total 68608K, used 6601K [0x0000000080000000, 0x0000000084300000, 0x00000000d5580000)
  object space 68608K, 9% used [0x0000000080000000,0x0000000080672620,0x0000000084300000)
 Metaspace       used 11391K, committed 11712K, reserved 1114112K
  class space    used 1190K, committed 1344K, reserved 1048576K
}
Event: 1.645 GC heap before
{Heap before GC invocations=5 (full 0):
 PSYoungGen      total 29696K, used 29691K [0x00000000d5580000, 0x00000000d7680000, 0x0000000100000000)
  eden space 25600K, 100% used [0x00000000d5580000,0x00000000d6e80000,0x00000000d6e80000)
  from space 4096K, 99% used [0x00000000d7280000,0x00000000d767ee00,0x00000000d7680000)
  to   space 4096K, 0% used [0x00000000d6e80000,0x00000000d6e80000,0x00000000d7280000)
 ParOldGen       total 68608K, used 6601K [0x0000000080000000, 0x0000000084300000, 0x00000000d5580000)
  object space 68608K, 9% used [0x0000000080000000,0x0000000080672620,0x0000000084300000)
 Metaspace       used 15286K, committed 15872K, reserved 1114112K
  class space    used 1572K, committed 1856K, reserved 1048576K
}
Event: 1.648 GC heap after
{Heap after GC invocations=5 (full 0):
 PSYoungGen      total 29184K, used 4065K [0x00000000d5580000, 0x00000000d7900000, 0x0000000100000000)
  eden space 25088K, 0% used [0x00000000d5580000,0x00000000d5580000,0x00000000d6e00000)
  from space 4096K, 99% used [0x00000000d6e80000,0x00000000d7278740,0x00000000d7280000)
  to   space 5632K, 0% used [0x00000000d7380000,0x00000000d7380000,0x00000000d7900000)
 ParOldGen       total 68608K, used 7649K [0x0000000080000000, 0x0000000084300000, 0x00000000d5580000)
  object space 68608K, 11% used [0x0000000080000000,0x0000000080778640,0x0000000084300000)
 Metaspace       used 15286K, committed 15872K, reserved 1114112K
  class space    used 1572K, committed 1856K, reserved 1048576K
}
Event: 2.023 GC heap before
{Heap before GC invocations=6 (full 0):
 PSYoungGen      total 29184K, used 29153K [0x00000000d5580000, 0x00000000d7900000, 0x0000000100000000)
  eden space 25088K, 100% used [0x00000000d5580000,0x00000000d6e00000,0x00000000d6e00000)
  from space 4096K, 99% used [0x00000000d6e80000,0x00000000d7278740,0x00000000d7280000)
  to   space 5632K, 0% used [0x00000000d7380000,0x00000000d7380000,0x00000000d7900000)
 ParOldGen       total 68608K, used 7649K [0x0000000080000000, 0x0000000084300000, 0x00000000d5580000)
  object space 68608K, 11% used [0x0000000080000000,0x0000000080778640,0x0000000084300000)
 Metaspace       used 18639K, committed 19392K, reserved 1114112K
  class space    used 1943K, committed 2240K, reserved 1048576K
}
Event: 2.028 GC heap after
{Heap after GC invocations=6 (full 0):
 PSYoungGen      total 30208K, used 5149K [0x00000000d5580000, 0x00000000d7900000, 0x0000000100000000)
  eden space 24576K, 0% used [0x00000000d5580000,0x00000000d5580000,0x00000000d6d80000)
  from space 5632K, 91% used [0x00000000d7380000,0x00000000d7887430,0x00000000d7900000)
  to   space 5632K, 0% used [0x00000000d6e00000,0x00000000d6e00000,0x00000000d7380000)
 ParOldGen       total 68608K, used 7657K [0x0000000080000000, 0x0000000084300000, 0x00000000d5580000)
  object space 68608K, 11% used [0x0000000080000000,0x000000008077a640,0x0000000084300000)
 Metaspace       used 18639K, committed 19392K, reserved 1114112K
  class space    used 1943K, committed 2240K, reserved 1048576K
}
Event: 2.197 GC heap before
{Heap before GC invocations=7 (full 0):
 PSYoungGen      total 30208K, used 25572K [0x00000000d5580000, 0x00000000d7900000, 0x0000000100000000)
  eden space 24576K, 83% used [0x00000000d5580000,0x00000000d6971da0,0x00000000d6d80000)
  from space 5632K, 91% used [0x00000000d7380000,0x00000000d7887430,0x00000000d7900000)
  to   space 5632K, 0% used [0x00000000d6e00000,0x00000000d6e00000,0x00000000d7380000)
 ParOldGen       total 68608K, used 7657K [0x0000000080000000, 0x0000000084300000, 0x00000000d5580000)
  object space 68608K, 11% used [0x0000000080000000,0x000000008077a640,0x0000000084300000)
 Metaspace       used 20614K, committed 21504K, reserved 1114112K
  class space    used 2182K, committed 2560K, reserved 1048576K
}
Event: 2.201 GC heap after
{Heap after GC invocations=7 (full 0):
 PSYoungGen      total 29184K, used 4445K [0x00000000d5580000, 0x00000000d7780000, 0x0000000100000000)
  eden space 24576K, 0% used [0x00000000d5580000,0x00000000d5580000,0x00000000d6d80000)
  from space 4608K, 96% used [0x00000000d6e00000,0x00000000d72574f0,0x00000000d7280000)
  to   space 5120K, 0% used [0x00000000d7280000,0x00000000d7280000,0x00000000d7780000)
 ParOldGen       total 68608K, used 9257K [0x0000000080000000, 0x0000000084300000, 0x00000000d5580000)
  object space 68608K, 13% used [0x0000000080000000,0x000000008090a5d8,0x0000000084300000)
 Metaspace       used 20614K, committed 21504K, reserved 1114112K
  class space    used 2182K, committed 2560K, reserved 1048576K
}
Event: 2.201 GC heap before
{Heap before GC invocations=8 (full 1):
 PSYoungGen      total 29184K, used 4445K [0x00000000d5580000, 0x00000000d7780000, 0x0000000100000000)
  eden space 24576K, 0% used [0x00000000d5580000,0x00000000d5580000,0x00000000d6d80000)
  from space 4608K, 96% used [0x00000000d6e00000,0x00000000d72574f0,0x00000000d7280000)
  to   space 5120K, 0% used [0x00000000d7280000,0x00000000d7280000,0x00000000d7780000)
 ParOldGen       total 68608K, used 9257K [0x0000000080000000, 0x0000000084300000, 0x00000000d5580000)
  object space 68608K, 13% used [0x0000000080000000,0x000000008090a5d8,0x0000000084300000)
 Metaspace       used 20614K, committed 21504K, reserved 1114112K
  class space    used 2182K, committed 2560K, reserved 1048576K
}
Event: 2.226 GC heap after
{Heap after GC invocations=8 (full 1):
 PSYoungGen      total 29184K, used 0K [0x00000000d5580000, 0x00000000d7780000, 0x0000000100000000)
  eden space 24576K, 0% used [0x00000000d5580000,0x00000000d5580000,0x00000000d6d80000)
  from space 4608K, 0% used [0x00000000d6e00000,0x00000000d6e00000,0x00000000d7280000)
  to   space 5120K, 0% used [0x00000000d7280000,0x00000000d7280000,0x00000000d7780000)
 ParOldGen       total 68608K, used 13035K [0x0000000080000000, 0x0000000084300000, 0x00000000d5580000)
  object space 68608K, 18% used [0x0000000080000000,0x0000000080cbac78,0x0000000084300000)
 Metaspace       used 20602K, committed 21504K, reserved 1114112K
  class space    used 2179K, committed 2560K, reserved 1048576K
}
Event: 2.373 GC heap before
{Heap before GC invocations=9 (full 1):
 PSYoungGen      total 29184K, used 24576K [0x00000000d5580000, 0x00000000d7780000, 0x0000000100000000)
  eden space 24576K, 100% used [0x00000000d5580000,0x00000000d6d80000,0x00000000d6d80000)
  from space 4608K, 0% used [0x00000000d6e00000,0x00000000d6e00000,0x00000000d7280000)
  to   space 5120K, 0% used [0x00000000d7280000,0x00000000d7280000,0x00000000d7780000)
 ParOldGen       total 68608K, used 13035K [0x0000000080000000, 0x0000000084300000, 0x00000000d5580000)
  object space 68608K, 18% used [0x0000000080000000,0x0000000080cbac78,0x0000000084300000)
 Metaspace       used 22498K, committed 23488K, reserved 1114112K
  class space    used 2353K, committed 2752K, reserved 1048576K
}
Event: 2.375 GC heap after
{Heap after GC invocations=9 (full 1):
 PSYoungGen      total 27136K, used 3002K [0x00000000d5580000, 0x00000000d7580000, 0x0000000100000000)
  eden space 24064K, 0% used [0x00000000d5580000,0x00000000d5580000,0x00000000d6d00000)
  from space 3072K, 97% used [0x00000000d7280000,0x00000000d756e9c0,0x00000000d7580000)
  to   space 3584K, 0% used [0x00000000d6e80000,0x00000000d6e80000,0x00000000d7200000)
 ParOldGen       total 68608K, used 13043K [0x0000000080000000, 0x0000000084300000, 0x00000000d5580000)
  object space 68608K, 19% used [0x0000000080000000,0x0000000080cbcc78,0x0000000084300000)
 Metaspace       used 22498K, committed 23488K, reserved 1114112K
  class space    used 2353K, committed 2752K, reserved 1048576K
}
Event: 3.550 GC heap before
{Heap before GC invocations=10 (full 1):
 PSYoungGen      total 27136K, used 27041K [0x00000000d5580000, 0x00000000d7580000, 0x0000000100000000)
  eden space 24064K, 99% used [0x00000000d5580000,0x00000000d6cf9b58,0x00000000d6d00000)
  from space 3072K, 97% used [0x00000000d7280000,0x00000000d756e9c0,0x00000000d7580000)
  to   space 3584K, 0% used [0x00000000d6e80000,0x00000000d6e80000,0x00000000d7200000)
 ParOldGen       total 68608K, used 13043K [0x0000000080000000, 0x0000000084300000, 0x00000000d5580000)
  object space 68608K, 19% used [0x0000000080000000,0x0000000080cbcc78,0x0000000084300000)
 Metaspace       used 26286K, committed 27264K, reserved 1114112K
  class space    used 2628K, committed 3008K, reserved 1048576K
}
Event: 3.552 GC heap after
{Heap after GC invocations=10 (full 1):
 PSYoungGen      total 25600K, used 1594K [0x00000000d5580000, 0x00000000d7300000, 0x0000000100000000)
  eden space 23552K, 0% used [0x00000000d5580000,0x00000000d5580000,0x00000000d6c80000)
  from space 2048K, 77% used [0x00000000d6e80000,0x00000000d700e9b0,0x00000000d7080000)
  to   space 2560K, 0% used [0x00000000d7080000,0x00000000d7080000,0x00000000d7300000)
 ParOldGen       total 68608K, used 13051K [0x0000000080000000, 0x0000000084300000, 0x00000000d5580000)
  object space 68608K, 19% used [0x0000000080000000,0x0000000080cbec78,0x0000000084300000)
 Metaspace       used 26286K, committed 27264K, reserved 1114112K
  class space    used 2628K, committed 3008K, reserved 1048576K
}
Event: 3.753 GC heap before
{Heap before GC invocations=11 (full 1):
 PSYoungGen      total 25600K, used 25146K [0x00000000d5580000, 0x00000000d7300000, 0x0000000100000000)
  eden space 23552K, 100% used [0x00000000d5580000,0x00000000d6c80000,0x00000000d6c80000)
  from space 2048K, 77% used [0x00000000d6e80000,0x00000000d700e9b0,0x00000000d7080000)
  to   space 2560K, 0% used [0x00000000d7080000,0x00000000d7080000,0x00000000d7300000)
 ParOldGen       total 68608K, used 13051K [0x0000000080000000, 0x0000000084300000, 0x00000000d5580000)
  object space 68608K, 19% used [0x0000000080000000,0x0000000080cbec78,0x0000000084300000)
 Metaspace       used 27872K, committed 28736K, reserved 1114112K
  class space    used 2770K, committed 3136K, reserved 1048576K
}
Event: 3.755 GC heap after
{Heap after GC invocations=11 (full 1):
 PSYoungGen      total 25600K, used 2289K [0x00000000d5580000, 0x00000000d7300000, 0x0000000100000000)
  eden space 23040K, 0% used [0x00000000d5580000,0x00000000d5580000,0x00000000d6c00000)
  from space 2560K, 89% used [0x00000000d7080000,0x00000000d72bc4b8,0x00000000d7300000)
  to   space 2560K, 0% used [0x00000000d6e00000,0x00000000d6e00000,0x00000000d7080000)
 ParOldGen       total 68608K, used 14898K [0x0000000080000000, 0x0000000084300000, 0x00000000d5580000)
  object space 68608K, 21% used [0x0000000080000000,0x0000000080e8c988,0x0000000084300000)
 Metaspace       used 27872K, committed 28736K, reserved 1114112K
  class space    used 2770K, committed 3136K, reserved 1048576K
}

Dll operation events (10 events):
Event: 0.014 Loaded shared library c:\Users\noahc\.vscode\extensions\redhat.java-1.52.0-win32-x64\jre\21.0.9-win32-x86_64\bin\java.dll
Event: 0.047 Loaded shared library c:\Users\noahc\.vscode\extensions\redhat.java-1.52.0-win32-x64\jre\21.0.9-win32-x86_64\bin\zip.dll
Event: 0.076 Loaded shared library C:\Users\noahc\.vscode\extensions\redhat.java-1.52.0-win32-x64\jre\21.0.9-win32-x86_64\bin\instrument.dll
Event: 0.079 Loaded shared library C:\Users\noahc\.vscode\extensions\redhat.java-1.52.0-win32-x64\jre\21.0.9-win32-x86_64\bin\net.dll
Event: 0.080 Loaded shared library C:\Users\noahc\.vscode\extensions\redhat.java-1.52.0-win32-x64\jre\21.0.9-win32-x86_64\bin\nio.dll
Event: 0.082 Loaded shared library C:\Users\noahc\.vscode\extensions\redhat.java-1.52.0-win32-x64\jre\21.0.9-win32-x86_64\bin\zip.dll
Event: 0.091 Loaded shared library C:\Users\noahc\.vscode\extensions\redhat.java-1.52.0-win32-x64\jre\21.0.9-win32-x86_64\bin\jimage.dll
Event: 0.136 Loaded shared library c:\Users\noahc\.vscode\extensions\redhat.java-1.52.0-win32-x64\jre\21.0.9-win32-x86_64\bin\verify.dll
Event: 0.797 Loaded shared library C:\Users\noahc\AppData\Roaming\Code\User\globalStorage\redhat.java\1.52.0\config_win\org.eclipse.equinox.launcher\org.eclipse.equinox.launcher.win32.win32.x86_64_1.2.1500.v20260121-1430\eclipse_11919.dll
Event: 1.844 Loaded shared library C:\Users\noahc\AppData\Local\Temp\jna-104990651\jna1752402273112759872.dll

Deoptimization events (20 events):
Event: 3.606 Thread 0x000001c3c7c5cbc0 DEOPT PACKING pc=0x000001c3f22e18b8 sp=0x00000005c6dfeb30
Event: 3.607 Thread 0x000001c3c7c5cbc0 DEOPT UNPACKING pc=0x000001c3f1a13aa2 sp=0x00000005c6dfeab8 mode 2
Event: 3.607 Thread 0x000001c3c7c5cbc0 Uncommon trap: trap_request=0xffffffde fr.pc=0x000001c3f22e18b8 relative=0x00000000000000f8
Event: 3.607 Thread 0x000001c3c7c5cbc0 Uncommon trap: reason=class_check action=maybe_recompile pc=0x000001c3f22e18b8 method=java.lang.Character.codePointAt(Ljava/lang/CharSequence;I)I @ 2 c2
Event: 3.607 Thread 0x000001c3c7c5cbc0 DEOPT PACKING pc=0x000001c3f22e18b8 sp=0x00000005c6dfeb30
Event: 3.607 Thread 0x000001c3c7c5cbc0 DEOPT UNPACKING pc=0x000001c3f1a13aa2 sp=0x00000005c6dfeab8 mode 2
Event: 3.608 Thread 0x000001c3c7c5cbc0 Uncommon trap: trap_request=0xffffffde fr.pc=0x000001c3f22b1390 relative=0x0000000000000390
Event: 3.608 Thread 0x000001c3c7c5cbc0 Uncommon trap: reason=class_check action=maybe_recompile pc=0x000001c3f22b1390 method=java.util.regex.Pattern$BmpCharPropertyGreedy.match(Ljava/util/regex/Matcher;ILjava/lang/CharSequence;)Z @ 21 c2
Event: 3.608 Thread 0x000001c3c7c5cbc0 DEOPT PACKING pc=0x000001c3f22b1390 sp=0x00000005c6dfea60
Event: 3.608 Thread 0x000001c3c7c5cbc0 DEOPT UNPACKING pc=0x000001c3f1a13aa2 sp=0x00000005c6dfea10 mode 2
Event: 3.608 Thread 0x000001c3c7c5cbc0 Uncommon trap: trap_request=0xffffffde fr.pc=0x000001c3f22b1390 relative=0x0000000000000390
Event: 3.608 Thread 0x000001c3c7c5cbc0 Uncommon trap: reason=class_check action=maybe_recompile pc=0x000001c3f22b1390 method=java.util.regex.Pattern$BmpCharPropertyGreedy.match(Ljava/util/regex/Matcher;ILjava/lang/CharSequence;)Z @ 21 c2
Event: 3.608 Thread 0x000001c3c7c5cbc0 DEOPT PACKING pc=0x000001c3f22b1390 sp=0x00000005c6dfe960
Event: 3.608 Thread 0x000001c3c7c5cbc0 DEOPT UNPACKING pc=0x000001c3f1a13aa2 sp=0x00000005c6dfe8f0 mode 2
Event: 3.685 Thread 0x000001c3c74d2d80 DEOPT PACKING pc=0x000001c3eac138be sp=0x00000005c65f9d40
Event: 3.685 Thread 0x000001c3c74d2d80 DEOPT UNPACKING pc=0x000001c3f1a14242 sp=0x00000005c65f9280 mode 0
Event: 3.686 Thread 0x000001c3c74d2d80 DEOPT PACKING pc=0x000001c3eac138be sp=0x00000005c65f9d40
Event: 3.686 Thread 0x000001c3c74d2d80 DEOPT UNPACKING pc=0x000001c3f1a14242 sp=0x00000005c65f9280 mode 0
Event: 3.723 Thread 0x000001c3c74d2d80 DEOPT PACKING pc=0x000001c3ea8e7246 sp=0x00000005c65f4840
Event: 3.723 Thread 0x000001c3c74d2d80 DEOPT UNPACKING pc=0x000001c3f1a14242 sp=0x00000005c65f3dc0 mode 0

Classes loaded (20 events):
Event: 3.604 Loading class java/io/FileReader
Event: 3.604 Loading class java/io/FileReader done
Event: 3.641 Loading class java/util/concurrent/atomic/AtomicReferenceFieldUpdater
Event: 3.641 Loading class java/util/concurrent/atomic/AtomicReferenceFieldUpdater done
Event: 3.641 Loading class java/util/concurrent/atomic/AtomicReferenceFieldUpdater$AtomicReferenceFieldUpdaterImpl
Event: 3.641 Loading class java/util/concurrent/atomic/AtomicReferenceFieldUpdater$AtomicReferenceFieldUpdaterImpl done
Event: 3.641 Loading class java/util/concurrent/atomic/AtomicReferenceFieldUpdater$AtomicReferenceFieldUpdaterImpl$1
Event: 3.641 Loading class java/util/concurrent/atomic/AtomicReferenceFieldUpdater$AtomicReferenceFieldUpdaterImpl$1 done
Event: 3.681 Loading class org/w3c/dom/DOMException
Event: 3.681 Loading class org/w3c/dom/DOMException done
Event: 3.779 Loading class java/io/FilterReader
Event: 3.779 Loading class java/io/FilterReader done
Event: 3.804 Loading class sun/nio/fs/WindowsSecurityDescriptor
Event: 3.804 Loading class sun/nio/fs/WindowsSecurityDescriptor done
Event: 3.804 Loading class java/nio/channels/Channels
Event: 3.804 Loading class java/nio/channels/Channels done
Event: 3.804 Loading class sun/nio/ch/Streams
Event: 3.804 Loading class sun/nio/ch/Streams done
Event: 3.804 Loading class sun/nio/ch/SocketChannelImpl
Event: 3.805 Loading class sun/nio/ch/SelChImpl

Classes unloaded (7 events):
Event: 2.205 Thread 0x000001c3e742ec20 Unloading class 0x000001c3811a4400 'java/lang/invoke/LambdaForm$MH+0x000001c3811a4400'
Event: 2.205 Thread 0x000001c3e742ec20 Unloading class 0x000001c3811a4000 'java/lang/invoke/LambdaForm$MH+0x000001c3811a4000'
Event: 2.205 Thread 0x000001c3e742ec20 Unloading class 0x000001c3811a3c00 'java/lang/invoke/LambdaForm$MH+0x000001c3811a3c00'
Event: 2.205 Thread 0x000001c3e742ec20 Unloading class 0x000001c3811a3800 'java/lang/invoke/LambdaForm$MH+0x000001c3811a3800'
Event: 2.205 Thread 0x000001c3e742ec20 Unloading class 0x000001c3811a3400 'java/lang/invoke/LambdaForm$BMH+0x000001c3811a3400'
Event: 2.205 Thread 0x000001c3e742ec20 Unloading class 0x000001c3811a3000 'java/lang/invoke/LambdaForm$DMH+0x000001c3811a3000'
Event: 2.205 Thread 0x000001c3e742ec20 Unloading class 0x000001c3811a2000 'java/lang/invoke/LambdaForm$DMH+0x000001c3811a2000'

Classes redefined (0 events):
No events

Internal exceptions (20 events):
Event: 2.196 Thread 0x000001c3c74d2d80 Exception <a 'java/lang/NoSuchMethodError'{0x00000000d6934558}: 'int java.lang.invoke.DirectMethodHandle$Holder.invokeStaticInit(java.lang.Object, int, int)'> (0x00000000d6934558) 
thrown [s\src\hotspot\share\interpreter\linkResolver.cpp, line 773]
Event: 2.226 Thread 0x000001c3c74d2d80 Implicit null exception at 0x000001c3f22bac02 to 0x000001c3f22bacfc
Event: 2.226 Thread 0x000001c3c74d2d80 Exception <a 'java/lang/NoSuchMethodError'{0x00000000d55804a0}: 'int java.lang.invoke.DirectMethodHandle$Holder.invokeStaticInit(java.lang.Object, long, long)'> (0x00000000d55804a0) 
thrown [s\src\hotspot\share\interpreter\linkResolver.cpp, line 773]
Event: 2.227 Thread 0x000001c3c74d2d80 Exception <a 'java/lang/NoSuchMethodError'{0x00000000d5587e58}: 'int java.lang.invoke.DirectMethodHandle$Holder.invokeStaticInit(java.lang.Object, float, float)'> (0x00000000d5587e58) 
thrown [s\src\hotspot\share\interpreter\linkResolver.cpp, line 773]
Event: 2.227 Thread 0x000001c3c74d2d80 Exception <a 'java/lang/NoSuchMethodError'{0x00000000d558f808}: 'int java.lang.invoke.DirectMethodHandle$Holder.invokeStaticInit(java.lang.Object, double, double)'> (0x00000000d558f808) 
thrown [s\src\hotspot\share\interpreter\linkResolver.cpp, line 773]
Event: 2.227 Thread 0x000001c3c74d2d80 Exception <a 'java/lang/NoSuchMethodError'{0x00000000d5594c20}: 'int java.lang.invoke.DirectMethodHandle$Holder.invokeStatic(java.lang.Object, long)'> (0x00000000d5594c20) 
thrown [s\src\hotspot\share\interpreter\linkResolver.cpp, line 773]
Event: 2.229 Thread 0x000001c3c74d2d80 Exception <a 'java/lang/NoSuchMethodError'{0x00000000d55b39a0}: 'int java.lang.invoke.Invokers$Holder.linkToTargetMethod(java.lang.Object, java.lang.Object)'> (0x00000000d55b39a0) 
thrown [s\src\hotspot\share\interpreter\linkResolver.cpp, line 773]
Event: 2.246 Thread 0x000001c3c74d2d80 Exception <a 'java/lang/NoSuchMethodError'{0x00000000d56c64b0}: 'java.lang.Object java.lang.invoke.Invokers$Holder.invoke_MT(java.lang.Object, java.lang.Object, java.lang.Object, java.lang.Object, java.lang.Object, java.lang.Object, java.lang.Object, java.lang.Object, java.lang.Object, java.lang.Object, java.lang.Object)'> (0x00000000d56c64b0) 
thrown [s\src\hotspot\share\interpreter\linkResolver.cpp, line 773]
Event: 2.253 Thread 0x000001c3c74d2d80 Exception <a 'java/lang/NoSuchMethodError'{0x00000000d575a890}: 'java.lang.Object java.lang.invoke.Invokers$Holder.invoke_MT(java.lang.Object, java.lang.Object, java.lang.Object, java.lang.Object, java.lang.Object, java.lang.Object, java.lang.Object, java.lang.Object, java.lang.Object, java.lang.Object)'> (0x00000000d575a890) 
thrown [s\src\hotspot\share\interpreter\linkResolver.cpp, line 773]
Event: 2.259 Thread 0x000001c3c74d2d80 Exception <a 'java/lang/NoSuchMethodError'{0x00000000d580b690}: 'java.lang.Object java.lang.invoke.DirectMethodHandle$Holder.newInvokeSpecial(java.lang.Object, java.lang.Object, java.lang.Object, java.lang.Object, java.lang.Object, java.lang.Object, java.lang.Object)'> (0x00000000d580b690) 
thrown [s\src\hotspot\share\interpreter\linkResolver.cpp, line 773]
Event: 2.263 Thread 0x000001c3c74d2d80 Exception <a 'java/lang/NoSuchMethodError'{0x00000000d58834a0}: 'java.lang.Object java.lang.invoke.Invokers$Holder.invoker(java.lang.Object, java.lang.Object, java.lang.Object, java.lang.Object, java.lang.Object, java.lang.Object, java.lang.Object, java.lang.Object, java.lang.Object, java.lang.Object, java.lang.Object, java.lang.Object, java.lang.Object)'> (0x00000000d58834a0) 
thrown [s\src\hotspot\share\interpreter\linkResolver.cpp, line 773]
Event: 2.263 Thread 0x000001c3c74d2d80 Exception <a 'java/lang/NoSuchMethodError'{0x00000000d588d938}: 'java.lang.Object java.lang.invoke.DelegatingMethodHandle$Holder.delegate(java.lang.Object, java.lang.Object, java.lang.Object, java.lang.Object, java.lang.Object, java.lang.Object, java.lang.Object, java.lang.Object, java.lang.Object, java.lang.Object, java.lang.Object, java.lang.Object, java.lang.Object)'> (0x00000000d588d938) 
thrown [s\src\hotspot\share\interpreter\linkResolver.cpp, line 773]
Event: 2.268 Thread 0x000001c3c74d2d80 Exception <a 'java/lang/NoSuchMethodError'{0x00000000d58f97e8}: static Lorg/eclipse/m2e/core/internal/lifecyclemapping/model/PluginExecutionMetadata;.<clinit>()V> (0x00000000d58f97e8) 
thrown [s\src\hotspot\share\prims\jni.cpp, line 1111]
Event: 2.271 Thread 0x000001c3c74d2d80 Exception <a 'java/lang/NoSuchMethodError'{0x00000000d59595a0}: static Lorg/eclipse/m2e/core/internal/lifecyclemapping/model/PluginExecutionFilter;.<clinit>()V> (0x00000000d59595a0) 
thrown [s\src\hotspot\share\prims\jni.cpp, line 1111]
Event: 2.273 Thread 0x000001c3c74d2d80 Exception <a 'java/lang/NoSuchMethodError'{0x00000000d5989238}: static Lorg/eclipse/m2e/core/internal/project/registry/MavenProjectFacade$MavenProjectConfiguration;.<clinit>()V> (0x00000000d5989238) 
thrown [s\src\hotspot\share\prims\jni.cpp, line 1111]
Event: 2.315 Thread 0x000001c3c74d2d80 Exception <a 'java/lang/NoSuchMethodError'{0x00000000d5e0f650}: 'double java.lang.invoke.DirectMethodHandle$Holder.invokeStatic(java.lang.Object, java.lang.Object)'> (0x00000000d5e0f650) 
thrown [s\src\hotspot\share\interpreter\linkResolver.cpp, line 773]
Event: 2.315 Thread 0x000001c3c74d2d80 Exception <a 'java/lang/NoSuchMethodError'{0x00000000d5e12f80}: 'double java.lang.invoke.DirectMethodHandle$Holder.invokeStaticInit(java.lang.Object, java.lang.Object)'> (0x00000000d5e12f80) 
thrown [s\src\hotspot\share\interpreter\linkResolver.cpp, line 773]
Event: 2.502 Thread 0x000001c3c74d2d80 Implicit null exception at 0x000001c3f22e5cf5 to 0x000001c3f22e5dd0
Event: 3.629 Thread 0x000001c3c7c5cbc0 Exception <a 'java/lang/NoSuchMethodError'{0x00000000d5a1c8b0}: 'java.lang.Object java.lang.invoke.DirectMethodHandle$Holder.invokeSpecialIFC(java.lang.Object, java.lang.Object, java.lang.Object, java.lang.Object)'> (0x00000000d5a1c8b0) 
thrown [s\src\hotspot\share\interpreter\linkResolver.cpp, line 773]
Event: 3.668 Thread 0x000001c3c74d2d80 Exception <a 'java/lang/NoSuchMethodError'{0x00000000d6700330}: 'java.lang.Object java.lang.invoke.DirectMethodHandle$Holder.newInvokeSpecial(java.lang.Object, int, java.lang.Object, java.lang.Object)'> (0x00000000d6700330) 
thrown [s\src\hotspot\share\interpreter\linkResolver.cpp, line 773]

ZGC Phase Switch (0 events):
No events

VM Operations (20 events):
Event: 1.994 Executing VM operation: HandshakeAllThreads (Deoptimize)
Event: 1.994 Executing VM operation: HandshakeAllThreads (Deoptimize) done
Event: 2.023 Executing VM operation: ParallelGCFailedAllocation (Allocation Failure)
Event: 2.028 Executing VM operation: ParallelGCFailedAllocation (Allocation Failure) done
Event: 2.190 Executing VM operation: HandshakeAllThreads (Deoptimize)
Event: 2.190 Executing VM operation: HandshakeAllThreads (Deoptimize) done
Event: 2.197 Executing VM operation: CollectForMetadataAllocation (Metadata GC Threshold)
Event: 2.226 Executing VM operation: CollectForMetadataAllocation (Metadata GC Threshold) done
Event: 2.373 Executing VM operation: ParallelGCFailedAllocation (Allocation Failure)
Event: 2.375 Executing VM operation: ParallelGCFailedAllocation (Allocation Failure) done
Event: 3.384 Executing VM operation: Cleanup
Event: 3.384 Executing VM operation: Cleanup done
Event: 3.550 Executing VM operation: ParallelGCFailedAllocation (Allocation Failure)
Event: 3.552 Executing VM operation: ParallelGCFailedAllocation (Allocation Failure) done
Event: 3.575 Executing VM operation: HandshakeAllThreads (Deoptimize)
Event: 3.575 Executing VM operation: HandshakeAllThreads (Deoptimize) done
Event: 3.753 Executing VM operation: ParallelGCFailedAllocation (Allocation Failure)
Event: 3.755 Executing VM operation: ParallelGCFailedAllocation (Allocation Failure) done
Event: 4.768 Executing VM operation: Cleanup
Event: 4.816 Executing VM operation: Cleanup done

Memory protections (0 events):
No events

Nmethod flushes (0 events):
No events

Events (20 events):
Event: 0.077 Thread 0x000001c3e736c390 Thread added: 0x000001c3ff6a05c0
Event: 0.096 Thread 0x000001c3ff4754b0 Thread added: 0x000001c3ff6ce130
Event: 0.096 Thread 0x000001c3ff4754b0 Thread added: 0x000001c3ff6d06a0
Event: 0.190 Thread 0x000001c3e736c390 Thread added: 0x000001c3c2553b40
Event: 0.266 Thread 0x000001c3ff6d06a0 Thread added: 0x000001c3c2521800
Event: 0.268 Thread 0x000001c3c2521800 Thread added: 0x000001c3c2649e30
Event: 0.687 Thread 0x000001c3e736c390 Thread added: 0x000001c3c2711580
Event: 0.794 Thread 0x000001c3e736c390 Thread added: 0x000001c3c74d20c0
Event: 0.814 Thread 0x000001c3c74d20c0 Thread added: 0x000001c3c74d2720
Event: 0.818 Thread 0x000001c3e736c390 Thread added: 0x000001c3c74d2d80
Event: 1.065 Thread 0x000001c3c74d2d80 Thread added: 0x000001c3c777d5d0
Event: 1.320 Thread 0x000001c3c74d2d80 Thread added: 0x000001c3c7900820
Event: 1.533 Thread 0x000001c3c74d2d80 Thread added: 0x000001c3c7c5d250
Event: 1.593 Thread 0x000001c3c2649e30 Thread exited: 0x000001c3c2649e30
Event: 1.847 Thread 0x000001c3c2521800 Thread exited: 0x000001c3c2521800
Event: 1.863 Thread 0x000001c3c74d2d80 Thread added: 0x000001c3c7c5a460
Event: 1.887 Thread 0x000001c3c74d2d80 Thread added: 0x000001c3c7c5cbc0
Event: 1.902 Thread 0x000001c3c74d2d80 Thread added: 0x000001c3c7c5aaf0
Event: 2.366 Thread 0x000001c3ff6d06a0 Thread added: 0x000001c3c79609f0
Event: 2.367 Thread 0x000001c3ff6d06a0 Thread added: 0x000001c3c7fb3570


Dynamic libraries:
0x00007ff71a1a0000 - 0x00007ff71a1ae000 	c:\Users\noahc\.vscode\extensions\redhat.java-1.52.0-win32-x64\jre\21.0.9-win32-x86_64\bin\java.exe
0x00007ffb76200000 - 0x00007ffb76466000 	C:\WINDOWS\SYSTEM32\ntdll.dll
0x00007ffb74f50000 - 0x00007ffb75019000 	C:\WINDOWS\System32\KERNEL32.DLL
0x00007ffb73750000 - 0x00007ffb73b4a000 	C:\WINDOWS\System32\KERNELBASE.dll
0x00007ffb73c10000 - 0x00007ffb73d5c000 	C:\WINDOWS\System32\ucrtbase.dll
0x00007ffb58100000 - 0x00007ffb58118000 	c:\Users\noahc\.vscode\extensions\redhat.java-1.52.0-win32-x64\jre\21.0.9-win32-x86_64\bin\jli.dll
0x00007ffb44410000 - 0x00007ffb4442e000 	c:\Users\noahc\.vscode\extensions\redhat.java-1.52.0-win32-x64\jre\21.0.9-win32-x86_64\bin\VCRUNTIME140.dll
0x00007ffb746b0000 - 0x00007ffb74877000 	C:\WINDOWS\System32\USER32.dll
0x00007ffb73e90000 - 0x00007ffb73eb7000 	C:\WINDOWS\System32\win32u.dll
0x00007ffb74290000 - 0x00007ffb742bb000 	C:\WINDOWS\System32\GDI32.dll
0x00007ffb73d60000 - 0x00007ffb73e8b000 	C:\WINDOWS\System32\gdi32full.dll
0x00007ffb73ec0000 - 0x00007ffb73f63000 	C:\WINDOWS\System32\msvcp_win.dll
0x00007ffb4f930000 - 0x00007ffb4fbc2000 	C:\WINDOWS\WinSxS\amd64_microsoft.windows.common-controls_6595b64144ccf1df_6.0.26100.8521_none_3e08b75ce33403b3\COMCTL32.dll
0x00007ffb742c0000 - 0x00007ffb74369000 	C:\WINDOWS\System32\msvcrt.dll
0x00007ffb758b0000 - 0x00007ffb758e2000 	C:\WINDOWS\System32\IMM32.DLL
0x00007ffb61340000 - 0x00007ffb6134c000 	c:\Users\noahc\.vscode\extensions\redhat.java-1.52.0-win32-x64\jre\21.0.9-win32-x86_64\bin\vcruntime140_1.dll
0x00007ffb3fea0000 - 0x00007ffb3ff2d000 	c:\Users\noahc\.vscode\extensions\redhat.java-1.52.0-win32-x64\jre\21.0.9-win32-x86_64\bin\msvcp140.dll
0x00007ffa3c030000 - 0x00007ffa3cdd0000 	c:\Users\noahc\.vscode\extensions\redhat.java-1.52.0-win32-x64\jre\21.0.9-win32-x86_64\bin\server\jvm.dll
0x00007ffb76060000 - 0x00007ffb76116000 	C:\WINDOWS\System32\ADVAPI32.dll
0x00007ffb74d40000 - 0x00007ffb74dea000 	C:\WINDOWS\System32\sechost.dll
0x00007ffb75f40000 - 0x00007ffb76058000 	C:\WINDOWS\System32\RPCRT4.dll
0x00007ffb75eb0000 - 0x00007ffb75f30000 	C:\WINDOWS\System32\WS2_32.dll
0x00007ffb732f0000 - 0x00007ffb7334e000 	C:\WINDOWS\SYSTEM32\POWRPROF.dll
0x00007ffb5ff70000 - 0x00007ffb5ffa6000 	C:\WINDOWS\SYSTEM32\WINMM.dll
0x00007ffb627e0000 - 0x00007ffb627eb000 	C:\WINDOWS\SYSTEM32\VERSION.dll
0x00007ffb732d0000 - 0x00007ffb732e4000 	C:\WINDOWS\SYSTEM32\UMPDC.dll
0x00007ffb72220000 - 0x00007ffb7223b000 	C:\WINDOWS\SYSTEM32\kernel.appcore.dll
0x00007ffb612b0000 - 0x00007ffb612ba000 	c:\Users\noahc\.vscode\extensions\redhat.java-1.52.0-win32-x64\jre\21.0.9-win32-x86_64\bin\jimage.dll
0x00007ffb70ab0000 - 0x00007ffb70cf2000 	C:\WINDOWS\SYSTEM32\DBGHELP.DLL
0x00007ffb74880000 - 0x00007ffb74c03000 	C:\WINDOWS\System32\combase.dll
0x00007ffb745d0000 - 0x00007ffb746a9000 	C:\WINDOWS\System32\OLEAUT32.dll
0x00007ffb3c210000 - 0x00007ffb3c24b000 	C:\WINDOWS\SYSTEM32\dbgcore.DLL
0x00007ffb736a0000 - 0x00007ffb73748000 	C:\WINDOWS\System32\bcryptPrimitives.dll
0x00007ffb64150000 - 0x00007ffb6415f000 	c:\Users\noahc\.vscode\extensions\redhat.java-1.52.0-win32-x64\jre\21.0.9-win32-x86_64\bin\instrument.dll
0x00007ffb443f0000 - 0x00007ffb44410000 	c:\Users\noahc\.vscode\extensions\redhat.java-1.52.0-win32-x64\jre\21.0.9-win32-x86_64\bin\java.dll
0x00007ffb75120000 - 0x00007ffb758a4000 	C:\WINDOWS\System32\SHELL32.dll
0x00007ffb71050000 - 0x00007ffb718d0000 	C:\WINDOWS\SYSTEM32\windows.storage.dll
0x00007ffb74180000 - 0x00007ffb74276000 	C:\WINDOWS\System32\SHCORE.dll
0x00007ffb758f0000 - 0x00007ffb75957000 	C:\WINDOWS\System32\shlwapi.dll
0x00007ffb733b0000 - 0x00007ffb733d9000 	C:\WINDOWS\SYSTEM32\profapi.dll
0x00007ffb42240000 - 0x00007ffb42258000 	c:\Users\noahc\.vscode\extensions\redhat.java-1.52.0-win32-x64\jre\21.0.9-win32-x86_64\bin\zip.dll
0x00007ffb615f0000 - 0x00007ffb61600000 	C:\Users\noahc\.vscode\extensions\redhat.java-1.52.0-win32-x64\jre\21.0.9-win32-x86_64\bin\net.dll
0x00007ffb65370000 - 0x00007ffb65499000 	C:\WINDOWS\SYSTEM32\WINHTTP.dll
0x00007ffb72790000 - 0x00007ffb727fc000 	C:\WINDOWS\system32\mswsock.dll
0x00007ffb60bf0000 - 0x00007ffb60c06000 	C:\Users\noahc\.vscode\extensions\redhat.java-1.52.0-win32-x64\jre\21.0.9-win32-x86_64\bin\nio.dll
0x00007ffb61300000 - 0x00007ffb61310000 	c:\Users\noahc\.vscode\extensions\redhat.java-1.52.0-win32-x64\jre\21.0.9-win32-x86_64\bin\verify.dll
0x00007ffb41940000 - 0x00007ffb41985000 	C:\Users\noahc\AppData\Roaming\Code\User\globalStorage\redhat.java\1.52.0\config_win\org.eclipse.equinox.launcher\org.eclipse.equinox.launcher.win32.win32.x86_64_1.2.1500.v20260121-1430\eclipse_11919.dll
0x00007ffb74370000 - 0x00007ffb74508000 	C:\WINDOWS\System32\ole32.dll
0x00007ffb72a70000 - 0x00007ffb72a8b000 	C:\WINDOWS\SYSTEM32\CRYPTSP.dll
0x00007ffb72180000 - 0x00007ffb721b9000 	C:\WINDOWS\system32\rsaenh.dll
0x00007ffb72840000 - 0x00007ffb72873000 	C:\WINDOWS\SYSTEM32\USERENV.dll
0x00007ffb73380000 - 0x00007ffb733aa000 	C:\WINDOWS\SYSTEM32\bcrypt.dll
0x00007ffb730f0000 - 0x00007ffb730fc000 	C:\WINDOWS\SYSTEM32\CRYPTBASE.dll
0x00007ffb71c50000 - 0x00007ffb71c83000 	C:\WINDOWS\SYSTEM32\IPHLPAPI.DLL
0x00007ffb74280000 - 0x00007ffb7428a000 	C:\WINDOWS\System32\NSI.dll
0x00007ffb3d4a0000 - 0x00007ffb3d4e9000 	C:\Users\noahc\AppData\Local\Temp\jna-104990651\jna1752402273112759872.dll
0x00007ffb75df0000 - 0x00007ffb75df8000 	C:\WINDOWS\System32\PSAPI.DLL

JVMTI agents:
c:\Users\noahc\.vscode\extensions\redhat.java-1.52.0-win32-x64\lombok\lombok-1.18.39-4050.jar path:c:\Users\noahc\.vscode\extensions\redhat.java-1.52.0-win32-x64\jre\21.0.9-win32-x86_64\bin\instrument.dll, loaded, initialized, instrumentlib options:none

dbghelp: loaded successfully - version: 4.0.5 - missing functions: none
symbol engine: initialized successfully - sym options: 0x614 - pdb path: .;c:\Users\noahc\.vscode\extensions\redhat.java-1.52.0-win32-x64\jre\21.0.9-win32-x86_64\bin;C:\WINDOWS\SYSTEM32;C:\WINDOWS\WinSxS\amd64_microsoft.windows.common-controls_6595b64144ccf1df_6.0.26100.8521_none_3e08b75ce33403b3;c:\Users\noahc\.vscode\extensions\redhat.java-1.52.0-win32-x64\jre\21.0.9-win32-x86_64\bin\server;C:\Users\noahc\AppData\Roaming\Code\User\globalStorage\redhat.java\1.52.0\config_win\org.eclipse.equinox.launcher\org.eclipse.equinox.launcher.win32.win32.x86_64_1.2.1500.v20260121-1430;C:\Users\noahc\AppData\Local\Temp\jna-104990651

VM Arguments:
jvm_args: --add-modules=ALL-SYSTEM --add-opens=java.base/java.util=ALL-UNNAMED --add-opens=java.base/java.lang=ALL-UNNAMED --add-opens=java.base/sun.nio.fs=ALL-UNNAMED -Declipse.application=org.eclipse.jdt.ls.core.id1 -Dosgi.bundles.defaultStartLevel=4 -Declipse.product=org.eclipse.jdt.ls.core.product -Djava.import.generatesMetadataFilesAtProjectRoot=false -DDetectVMInstallationsJob.disabled=true -Dfile.encoding=utf8 -XX:+UseParallelGC -XX:GCTimeRatio=4 -XX:AdaptiveSizePolicyWeight=90 -Dsun.zip.disableMemoryMapping=true -Xmx2G -Xms100m -Xlog:disable -javaagent:c:\Users\noahc\.vscode\extensions\redhat.java-1.52.0-win32-x64\lombok\lombok-1.18.39-4050.jar -XX:+HeapDumpOnOutOfMemoryError -XX:HeapDumpPath=c:\Users\noahc\AppData\Roaming\Code\User\workspaceStorage\44f07477090b4b0a13b595b63b8c2f6b\redhat.java -Daether.dependencyCollector.impl=bf 
java_command: c:\Users\noahc\.vscode\extensions\redhat.java-1.52.0-win32-x64\server\plugins\org.eclipse.equinox.launcher_1.7.100.v20251111-0406.jar -configuration c:\Users\noahc\AppData\Roaming\Code\User\globalStorage\redhat.java\1.52.0\config_win -data c:\Users\noahc\AppData\Roaming\Code\User\workspaceStorage\44f07477090b4b0a13b595b63b8c2f6b\redhat.java\jdt_ws --pipe=\\.\pipe\lsp-ee4dbe0c05593f54404e619345de6b27-sock
java_class_path (initial): c:\Users\noahc\.vscode\extensions\redhat.java-1.52.0-win32-x64\server\plugins\org.eclipse.equinox.launcher_1.7.100.v20251111-0406.jar
Launcher Type: SUN_STANDARD

[Global flags]
    uintx AdaptiveSizePolicyWeight                 = 90                                        {product} {command line}
     intx CICompilerCount                          = 12                                        {product} {ergonomic}
    uintx GCTimeRatio                              = 4                                         {product} {command line}
     bool HeapDumpOnOutOfMemoryError               = true                                   {manageable} {command line}
    ccstr HeapDumpPath                             = c:\Users\noahc\AppData\Roaming\Code\User\workspaceStorage\44f07477090b4b0a13b595b63b8c2f6b\redhat.java         {manageable} {command line}
   size_t InitialHeapSize                          = 104857600                                 {product} {command line}
   size_t MaxHeapSize                              = 2147483648                                {product} {command line}
   size_t MaxNewSize                               = 715653120                                 {product} {ergonomic}
   size_t MinHeapDeltaBytes                        = 524288                                    {product} {ergonomic}
   size_t MinHeapSize                              = 104857600                                 {product} {command line}
   size_t NewSize                                  = 34603008                                  {product} {ergonomic}
    uintx NonNMethodCodeHeapSize                   = 7602480                                {pd product} {ergonomic}
    uintx NonProfiledCodeHeapSize                  = 122027880                              {pd product} {ergonomic}
   size_t OldSize                                  = 70254592                                  {product} {ergonomic}
    uintx ProfiledCodeHeapSize                     = 122027880                              {pd product} {ergonomic}
    uintx ReservedCodeCacheSize                    = 251658240                              {pd product} {ergonomic}
     bool SegmentedCodeCache                       = true                                      {product} {ergonomic}
   size_t SoftMaxHeapSize                          = 2147483648                             {manageable} {ergonomic}
     bool UseCompressedOops                        = true                           {product lp64_product} {ergonomic}
     bool UseLargePagesIndividualAllocation        = false                                  {pd product} {ergonomic}
     bool UseParallelGC                            = true                                      {product} {command line}

Logging:
Log output configuration:
 #0: stdout all=off uptime,level,tags foldmultilines=false
 #1: stderr all=off uptime,level,tags foldmultilines=false

Release file:
JAVA_VERSION="21.0.9" 
MODULES="java.base java.compiler java.datatransfer java.xml java.prefs java.desktop java.instrument java.logging java.management java.security.sasl java.naming java.rmi java.management.rmi java.net.http java.scripting java.security.jgss java.transaction.xa java.sql java.sql.rowset java.xml.crypto java.se java.smartcardio jdk.accessibility jdk.internal.jvmstat jdk.attach jdk.charsets jdk.internal.opt jdk.zipfs jdk.compiler jdk.crypto.ec jdk.crypto.cryptoki jdk.crypto.mscapi jdk.dynalink jdk.internal.ed jdk.editpad jdk.hotspot.agent jdk.httpserver jdk.internal.le jdk.internal.vm.ci jdk.internal.vm.compiler jdk.internal.vm.compiler.management jdk.jartool jdk.javadoc jdk.jcmd jdk.management jdk.management.agent jdk.jconsole jdk.jdeps jdk.jdwp.agent jdk.jdi jdk.jfr jdk.jshell jdk.jsobject jdk.jstatd jdk.localedata jdk.management.jfr jdk.naming.dns jdk.naming.rmi jdk.net jdk.nio.mapmode jdk.random jdk.sctp jdk.security.auth jdk.security.jgss jdk.unsupported jdk.unsupported.desktop jdk.xml.dom" 

Environment Variables:
PATH=C:\Python314\Scripts\;C:\Python314\;C:\Program Files\RevvitySignalsSoftware\ChemDrawApplications_x64\;C:\Program Files\Common Files\Oracle\Java\javapath;C:\WINDOWS\system32;C:\WINDOWS;C:\WINDOWS\System32\Wbem;C:\WINDOWS\System32\WindowsPowerShell\v1.0\;C:\WINDOWS\System32\OpenSSH\;C:\Program Files\dotnet\;C:\Program Files (x86)\NVIDIA Corporation\PhysX\Common;C:\Program Files\NVIDIA Corporation\NVIDIA NvDLISR;C:\Program Files\PuTTY\;C:\Program Files\Git\cmd;C:\Users\noahc\Downloads\apache-maven-3.9.14\bin;C:\Program Files\nodejs\;C:\ProgramData\chocolatey\bin;C:\Users\noahc\AppData\Local\Programs\Python\Python312\Scripts\;C:\Users\noahc\AppData\Local\Programs\Python\Python312\;C:\Users\noahc\AppData\Local\Microsoft\WindowsApps;C:\Program Files\JetBrains\PyCharm 2024.1.4\bin;;C:\Users\noahc\AppData\Local\Programs\Microsoft VS Code\bin;C:\Users\noahc\AppData\Local\GitHubDesktop\bin;C:\Users\noahc\AppData\Roaming\npm
USERNAME=noahc
OS=Windows_NT
PROCESSOR_IDENTIFIER=Intel64 Family 6 Model 170 Stepping 4, GenuineIntel
TMP=C:\Users\noahc\AppData\Local\Temp
TEMP=C:\Users\noahc\AppData\Local\Temp




Periodic native trim disabled

---------------  S Y S T E M  ---------------

OS:
 Windows 11 , 64 bit Build 26100 (10.0.26100.8521)
OS uptime: 5 days 7:59 hours
Hyper-V role detected

CPU: total 22 (initial active 22) (11 cores per cpu, 2 threads per core) family 6 model 170 stepping 4 microcode 0x28, cx8, cmov, fxsr, ht, mmx, 3dnowpref, sse, sse2, sse3, ssse3, sse4.1, sse4.2, popcnt, lzcnt, tsc, tscinvbit, avx, avx2, aes, erms, clmul, bmi1, bmi2, adx, sha, fma, vzeroupper, clflush, clflushopt, clwb, hv, serialize, rdtscp, rdpid, fsrm, f16c, cet_ibt, cet_ss
Processor Information for processor 0
  Max Mhz: 1400, Current Mhz: 1400, Mhz Limit: 1400
Processor Information for processor 1
  Max Mhz: 1400, Current Mhz: 1400, Mhz Limit: 1400
Processor Information for processor 2
  Max Mhz: 3800, Current Mhz: 900, Mhz Limit: 874
Processor Information for processor 3
  Max Mhz: 3800, Current Mhz: 900, Mhz Limit: 874
Processor Information for processor 4
  Max Mhz: 3800, Current Mhz: 900, Mhz Limit: 874
Processor Information for processor 5
  Max Mhz: 3800, Current Mhz: 900, Mhz Limit: 874
Processor Information for processor 6
  Max Mhz: 3800, Current Mhz: 900, Mhz Limit: 874
Processor Information for processor 7
  Max Mhz: 3800, Current Mhz: 900, Mhz Limit: 874
Processor Information for processor 8
  Max Mhz: 3800, Current Mhz: 900, Mhz Limit: 874
Processor Information for processor 9
  Max Mhz: 3800, Current Mhz: 900, Mhz Limit: 874
Processor Information for processor 10
  Max Mhz: 1400, Current Mhz: 1400, Mhz Limit: 1400
Processor Information for processor 11
  Max Mhz: 1400, Current Mhz: 1400, Mhz Limit: 1400
Processor Information for processor 12
  Max Mhz: 1400, Current Mhz: 1400, Mhz Limit: 1400
Processor Information for processor 13
  Max Mhz: 1400, Current Mhz: 1400, Mhz Limit: 1400
Processor Information for processor 14
  Max Mhz: 1400, Current Mhz: 1400, Mhz Limit: 1400
Processor Information for processor 15
  Max Mhz: 1400, Current Mhz: 1400, Mhz Limit: 1400
Processor Information for processor 16
  Max Mhz: 1400, Current Mhz: 1400, Mhz Limit: 1400
Processor Information for processor 17
  Max Mhz: 1400, Current Mhz: 1400, Mhz Limit: 1400
Processor Information for processor 18
  Max Mhz: 1400, Current Mhz: 1400, Mhz Limit: 1400
Processor Information for processor 19
  Max Mhz: 1400, Current Mhz: 1400, Mhz Limit: 1400
Processor Information for processor 20
  Max Mhz: 2500, Current Mhz: 700, Mhz Limit: 700
Processor Information for processor 21
  Max Mhz: 2500, Current Mhz: 700, Mhz Limit: 700

Memory: 4k page, system-wide physical 15828M (1676M free)
TotalPageFile size 64980M (AvailPageFile size 2M)
current process WorkingSet (physical memory assigned to process): 181M, peak: 181M
current process commit charge ("private bytes"): 336M, peak: 336M

vm_info: OpenJDK 64-Bit Server VM (21.0.9+10-LTS) for windows-amd64 JRE (21.0.9+10-LTS), built on 2025-10-21T00:00:00Z by "admin" with unknown MS VC++:1942

END.
